[0.466s] DEBUG:colcon:Command line arguments: ['/usr/bin/colcon', 'build', '--symlink-install']
[0.466s] DEBUG:colcon:Parsed command line arguments: Namespace(log_base=None, log_level=None, verb_name='build', build_base='build', install_base='install', merge_install=False, symlink_install=True, test_result_base=None, continue_on_error=False, executor='parallel', parallel_workers=18, event_handlers=None, ignore_user_meta=False, metas=['./colcon.meta'], base_paths=['.'], packages_ignore=None, packages_ignore_regex=None, paths=None, packages_up_to=None, packages_up_to_regex=None, packages_above=None, packages_above_and_dependencies=None, packages_above_depth=None, packages_select_by_dep=None, packages_skip_by_dep=None, packages_skip_up_to=None, packages_select_build_failed=False, packages_skip_build_finished=False, packages_select_test_failures=False, packages_skip_test_passed=False, packages_select=None, packages_skip=None, packages_select_regex=None, packages_skip_regex=None, packages_start=None, packages_end=None, cmake_args=None, cmake_target=None, cmake_target_skip_unavailable=False, cmake_clean_cache=False, cmake_clean_first=False, cmake_force_configure=False, ament_cmake_args=None, catkin_cmake_args=None, catkin_skip_building_tests=False, mixin_files=None, mixin=None, verb_parser=<colcon_mixin.mixin.mixin_argument.MixinArgumentDecorator object at 0x78c95ea1b850>, verb_extension=<colcon_core.verb.build.BuildVerb object at 0x78c95ea1b280>, main=<bound method BuildVerb.main of <colcon_core.verb.build.BuildVerb object at 0x78c95ea1b280>>, mixin_verb=('build',))
[0.774s] Level 1:colcon.colcon_core.package_discovery:discover_packages(colcon_meta) check parameters
[0.774s] Level 1:colcon.colcon_core.package_discovery:discover_packages(recursive) check parameters
[0.774s] Level 1:colcon.colcon_core.package_discovery:discover_packages(ignore) check parameters
[0.774s] Level 1:colcon.colcon_core.package_discovery:discover_packages(path) check parameters
[0.774s] Level 1:colcon.colcon_core.package_discovery:discover_packages(colcon_meta) discover
[0.774s] Level 1:colcon.colcon_core.package_discovery:discover_packages(recursive) discover
[0.774s] INFO:colcon.colcon_core.package_discovery:Crawling recursively for packages in '/home/ros_dev/workspace/tm_ws'
[0.774s] Level 1:colcon.colcon_core.package_identification:_identify(.) by extensions ['ignore', 'ignore_ament_install']
[0.775s] Level 1:colcon.colcon_core.package_identification:_identify(.) by extension 'ignore'
[0.775s] Level 1:colcon.colcon_core.package_identification:_identify(.) by extension 'ignore_ament_install'
[0.775s] Level 1:colcon.colcon_core.package_identification:_identify(.) by extensions ['colcon_pkg']
[0.775s] Level 1:colcon.colcon_core.package_identification:_identify(.) by extension 'colcon_pkg'
[0.775s] Level 1:colcon.colcon_core.package_identification:_identify(.) by extensions ['colcon_meta']
[0.775s] Level 1:colcon.colcon_core.package_identification:_identify(.) by extension 'colcon_meta'
[0.775s] Level 1:colcon.colcon_core.package_identification:_identify(.) by extensions ['ros']
[0.775s] Level 1:colcon.colcon_core.package_identification:_identify(.) by extension 'ros'
[0.821s] Level 1:colcon.colcon_core.package_identification:_identify(.) by extensions ['cmake', 'python']
[0.821s] Level 1:colcon.colcon_core.package_identification:_identify(.) by extension 'cmake'
[0.821s] Level 1:colcon.colcon_core.package_identification:_identify(.) by extension 'python'
[0.822s] Level 1:colcon.colcon_core.package_identification:_identify(.) by extensions ['python_setup_py']
[0.822s] Level 1:colcon.colcon_core.package_identification:_identify(.) by extension 'python_setup_py'
[0.822s] Level 1:colcon.colcon_core.package_identification:_identify(build) by extensions ['ignore', 'ignore_ament_install']
[0.822s] Level 1:colcon.colcon_core.package_identification:_identify(build) by extension 'ignore'
[0.822s] Level 1:colcon.colcon_core.package_identification:_identify(build) ignored
[0.822s] Level 1:colcon.colcon_core.package_identification:_identify(install) by extensions ['ignore', 'ignore_ament_install']
[0.822s] Level 1:colcon.colcon_core.package_identification:_identify(install) by extension 'ignore'
[0.822s] Level 1:colcon.colcon_core.package_identification:_identify(install) ignored
[0.823s] Level 1:colcon.colcon_core.package_identification:_identify(log) by extensions ['ignore', 'ignore_ament_install']
[0.823s] Level 1:colcon.colcon_core.package_identification:_identify(log) by extension 'ignore'
[0.823s] Level 1:colcon.colcon_core.package_identification:_identify(log) ignored
[0.823s] Level 1:colcon.colcon_core.package_identification:_identify(src) by extensions ['ignore', 'ignore_ament_install']
[0.823s] Level 1:colcon.colcon_core.package_identification:_identify(src) by extension 'ignore'
[0.823s] Level 1:colcon.colcon_core.package_identification:_identify(src) by extension 'ignore_ament_install'
[0.823s] Level 1:colcon.colcon_core.package_identification:_identify(src) by extensions ['colcon_pkg']
[0.823s] Level 1:colcon.colcon_core.package_identification:_identify(src) by extension 'colcon_pkg'
[0.823s] Level 1:colcon.colcon_core.package_identification:_identify(src) by extensions ['colcon_meta']
[0.823s] Level 1:colcon.colcon_core.package_identification:_identify(src) by extension 'colcon_meta'
[0.823s] Level 1:colcon.colcon_core.package_identification:_identify(src) by extensions ['ros']
[0.823s] Level 1:colcon.colcon_core.package_identification:_identify(src) by extension 'ros'
[0.823s] Level 1:colcon.colcon_core.package_identification:_identify(src) by extensions ['cmake', 'python']
[0.824s] Level 1:colcon.colcon_core.package_identification:_identify(src) by extension 'cmake'
[0.824s] Level 1:colcon.colcon_core.package_identification:_identify(src) by extension 'python'
[0.824s] Level 1:colcon.colcon_core.package_identification:_identify(src) by extensions ['python_setup_py']
[0.824s] Level 1:colcon.colcon_core.package_identification:_identify(src) by extension 'python_setup_py'
[0.824s] Level 1:colcon.colcon_core.package_identification:_identify(src/tm_rail) by extensions ['ignore', 'ignore_ament_install']
[0.824s] Level 1:colcon.colcon_core.package_identification:_identify(src/tm_rail) by extension 'ignore'
[0.824s] Level 1:colcon.colcon_core.package_identification:_identify(src/tm_rail) by extension 'ignore_ament_install'
[0.824s] Level 1:colcon.colcon_core.package_identification:_identify(src/tm_rail) by extensions ['colcon_pkg']
[0.824s] Level 1:colcon.colcon_core.package_identification:_identify(src/tm_rail) by extension 'colcon_pkg'
[0.824s] Level 1:colcon.colcon_core.package_identification:_identify(src/tm_rail) by extensions ['colcon_meta']
[0.824s] Level 1:colcon.colcon_core.package_identification:_identify(src/tm_rail) by extension 'colcon_meta'
[0.824s] Level 1:colcon.colcon_core.package_identification:_identify(src/tm_rail) by extensions ['ros']
[0.824s] Level 1:colcon.colcon_core.package_identification:_identify(src/tm_rail) by extension 'ros'
[0.830s] DEBUG:colcon.colcon_core.package_identification:Package 'src/tm_rail' with type 'ros.ament_python' and name 'tm_rail'
[0.830s] Level 1:colcon.colcon_core.package_identification:_identify(src/tm_rail_interface) by extensions ['ignore', 'ignore_ament_install']
[0.830s] Level 1:colcon.colcon_core.package_identification:_identify(src/tm_rail_interface) by extension 'ignore'
[0.830s] Level 1:colcon.colcon_core.package_identification:_identify(src/tm_rail_interface) by extension 'ignore_ament_install'
[0.830s] Level 1:colcon.colcon_core.package_identification:_identify(src/tm_rail_interface) by extensions ['colcon_pkg']
[0.830s] Level 1:colcon.colcon_core.package_identification:_identify(src/tm_rail_interface) by extension 'colcon_pkg'
[0.830s] Level 1:colcon.colcon_core.package_identification:_identify(src/tm_rail_interface) by extensions ['colcon_meta']
[0.830s] Level 1:colcon.colcon_core.package_identification:_identify(src/tm_rail_interface) by extension 'colcon_meta'
[0.831s] Level 1:colcon.colcon_core.package_identification:_identify(src/tm_rail_interface) by extensions ['ros']
[0.831s] Level 1:colcon.colcon_core.package_identification:_identify(src/tm_rail_interface) by extension 'ros'
[0.833s] DEBUG:colcon.colcon_core.package_identification:Package 'src/tm_rail_interface' with type 'ros.ament_cmake' and name 'tm_rail_interface'
[0.834s] Level 1:colcon.colcon_core.package_discovery:discover_packages(recursive) using defaults
[0.834s] Level 1:colcon.colcon_core.package_discovery:discover_packages(ignore) discover
[0.834s] Level 1:colcon.colcon_core.package_discovery:discover_packages(ignore) using defaults
[0.834s] Level 1:colcon.colcon_core.package_discovery:discover_packages(path) discover
[0.834s] Level 1:colcon.colcon_core.package_discovery:discover_packages(path) using defaults
[0.878s] Level 5:colcon.colcon_core.verb:set package 'tm_rail' build argument 'cmake_args' from command line to 'None'
[0.879s] Level 5:colcon.colcon_core.verb:set package 'tm_rail' build argument 'cmake_target' from command line to 'None'
[0.879s] Level 5:colcon.colcon_core.verb:set package 'tm_rail' build argument 'cmake_target_skip_unavailable' from command line to 'False'
[0.879s] Level 5:colcon.colcon_core.verb:set package 'tm_rail' build argument 'cmake_clean_cache' from command line to 'False'
[0.879s] Level 5:colcon.colcon_core.verb:set package 'tm_rail' build argument 'cmake_clean_first' from command line to 'False'
[0.879s] Level 5:colcon.colcon_core.verb:set package 'tm_rail' build argument 'cmake_force_configure' from command line to 'False'
[0.879s] Level 5:colcon.colcon_core.verb:set package 'tm_rail' build argument 'ament_cmake_args' from command line to 'None'
[0.879s] Level 5:colcon.colcon_core.verb:set package 'tm_rail' build argument 'catkin_cmake_args' from command line to 'None'
[0.879s] Level 5:colcon.colcon_core.verb:set package 'tm_rail' build argument 'catkin_skip_building_tests' from command line to 'False'
[0.880s] DEBUG:colcon.colcon_core.verb:Building package 'tm_rail' with the following arguments: {'ament_cmake_args': None, 'build_base': '/home/ros_dev/workspace/tm_ws/build/tm_rail', 'catkin_cmake_args': None, 'catkin_skip_building_tests': False, 'cmake_args': None, 'cmake_clean_cache': False, 'cmake_clean_first': False, 'cmake_force_configure': False, 'cmake_target': None, 'cmake_target_skip_unavailable': False, 'install_base': '/home/ros_dev/workspace/tm_ws/install/tm_rail', 'merge_install': False, 'path': '/home/ros_dev/workspace/tm_ws/src/tm_rail', 'symlink_install': True, 'test_result_base': None}
[0.881s] Level 5:colcon.colcon_core.verb:set package 'tm_rail_interface' build argument 'cmake_args' from command line to 'None'
[0.881s] Level 5:colcon.colcon_core.verb:set package 'tm_rail_interface' build argument 'cmake_target' from command line to 'None'
[0.881s] Level 5:colcon.colcon_core.verb:set package 'tm_rail_interface' build argument 'cmake_target_skip_unavailable' from command line to 'False'
[0.881s] Level 5:colcon.colcon_core.verb:set package 'tm_rail_interface' build argument 'cmake_clean_cache' from command line to 'False'
[0.881s] Level 5:colcon.colcon_core.verb:set package 'tm_rail_interface' build argument 'cmake_clean_first' from command line to 'False'
[0.881s] Level 5:colcon.colcon_core.verb:set package 'tm_rail_interface' build argument 'cmake_force_configure' from command line to 'False'
[0.881s] Level 5:colcon.colcon_core.verb:set package 'tm_rail_interface' build argument 'ament_cmake_args' from command line to 'None'
[0.882s] Level 5:colcon.colcon_core.verb:set package 'tm_rail_interface' build argument 'catkin_cmake_args' from command line to 'None'
[0.882s] Level 5:colcon.colcon_core.verb:set package 'tm_rail_interface' build argument 'catkin_skip_building_tests' from command line to 'False'
[0.882s] DEBUG:colcon.colcon_core.verb:Building package 'tm_rail_interface' with the following arguments: {'ament_cmake_args': None, 'build_base': '/home/ros_dev/workspace/tm_ws/build/tm_rail_interface', 'catkin_cmake_args': None, 'catkin_skip_building_tests': False, 'cmake_args': None, 'cmake_clean_cache': False, 'cmake_clean_first': False, 'cmake_force_configure': False, 'cmake_target': None, 'cmake_target_skip_unavailable': False, 'install_base': '/home/ros_dev/workspace/tm_ws/install/tm_rail_interface', 'merge_install': False, 'path': '/home/ros_dev/workspace/tm_ws/src/tm_rail_interface', 'symlink_install': True, 'test_result_base': None}
[0.882s] INFO:colcon.colcon_core.executor:Executing jobs using 'parallel' executor
[0.885s] DEBUG:colcon.colcon_parallel_executor.executor.parallel:run_until_complete
[0.885s] INFO:colcon.colcon_ros.task.ament_python.build:Building ROS package in '/home/ros_dev/workspace/tm_ws/src/tm_rail' with build type 'ament_python'
[0.886s] Level 1:colcon.colcon_core.shell:create_environment_hook('tm_rail', 'ament_prefix_path')
[0.892s] INFO:colcon.colcon_core.plugin_system:Skipping extension 'colcon_core.shell.bat': Not used on non-Windows systems
[0.892s] INFO:colcon.colcon_core.shell:Creating environment hook '/home/ros_dev/workspace/tm_ws/install/tm_rail/share/tm_rail/hook/ament_prefix_path.ps1'
[0.894s] INFO:colcon.colcon_core.shell:Creating environment descriptor '/home/ros_dev/workspace/tm_ws/install/tm_rail/share/tm_rail/hook/ament_prefix_path.dsv'
[0.895s] INFO:colcon.colcon_core.shell:Creating environment hook '/home/ros_dev/workspace/tm_ws/install/tm_rail/share/tm_rail/hook/ament_prefix_path.sh'
[0.896s] INFO:colcon.colcon_core.shell:Skip shell extension 'powershell' for command environment: Not usable outside of PowerShell
[0.896s] DEBUG:colcon.colcon_core.shell:Skip shell extension 'dsv' for command environment
[0.914s] INFO:colcon.colcon_ros.task.ament_cmake.build:Building ROS package in '/home/ros_dev/workspace/tm_ws/src/tm_rail_interface' with build type 'ament_cmake'
[0.915s] INFO:colcon.colcon_cmake.task.cmake.build:Building CMake package in '/home/ros_dev/workspace/tm_ws/src/tm_rail_interface'
[0.916s] INFO:colcon.colcon_core.shell:Skip shell extension 'powershell' for command environment: Not usable outside of PowerShell
[0.918s] DEBUG:colcon.colcon_core.shell:Skip shell extension 'dsv' for command environment
[1.305s] INFO:colcon.colcon_core.task.python.build:Building Python package in '/home/ros_dev/workspace/tm_ws/src/tm_rail'
[1.305s] INFO:colcon.colcon_core.shell:Skip shell extension 'powershell' for command environment: Not usable outside of PowerShell
[1.306s] DEBUG:colcon.colcon_core.shell:Skip shell extension 'dsv' for command environment
[1.321s] DEBUG:colcon.colcon_core.event_handler.log_command:Invoking command in '/home/ros_dev/workspace/tm_ws/build/tm_rail_interface': CMAKE_PREFIX_PATH=${CMAKE_PREFIX_PATH}:/home/ros_dev/workspace/tm_ws/install/tm_rail:/opt/ros/humble /usr/bin/cmake --build /home/ros_dev/workspace/tm_ws/build/tm_rail_interface -- -j18 -l18
[1.925s] DEBUG:colcon.colcon_core.event_handler.log_command:Invoking command in '/home/ros_dev/workspace/tm_ws/build/tm_rail': PYTHONPATH=/home/ros_dev/workspace/tm_ws/build/tm_rail/prefix_override:/usr/lib/python3/dist-packages/colcon_core/task/python/colcon_distutils_commands:/home/ros_dev/workspace/tm_ws/install/tm_rail/lib/python3.10/site-packages:${PYTHONPATH} /usr/bin/python3 -W ignore:setup.py install is deprecated -W ignore:easy_install command is deprecated setup.py develop --editable --build-directory /home/ros_dev/workspace/tm_ws/build/tm_rail/build --no-deps symlink_data
[2.583s] Level 1:colcon.colcon_core.shell:create_environment_hook('tm_rail', 'pythonpath_develop')
[2.584s] INFO:colcon.colcon_core.shell:Creating environment hook '/home/ros_dev/workspace/tm_ws/build/tm_rail/share/tm_rail/hook/pythonpath_develop.ps1'
[2.585s] DEBUG:colcon.colcon_core.event_handler.log_command:Invoked command in '/home/ros_dev/workspace/tm_ws/build/tm_rail' returned '0': PYTHONPATH=/home/ros_dev/workspace/tm_ws/build/tm_rail/prefix_override:/usr/lib/python3/dist-packages/colcon_core/task/python/colcon_distutils_commands:/home/ros_dev/workspace/tm_ws/install/tm_rail/lib/python3.10/site-packages:${PYTHONPATH} /usr/bin/python3 -W ignore:setup.py install is deprecated -W ignore:easy_install command is deprecated setup.py develop --editable --build-directory /home/ros_dev/workspace/tm_ws/build/tm_rail/build --no-deps symlink_data
[2.586s] INFO:colcon.colcon_core.shell:Creating environment descriptor '/home/ros_dev/workspace/tm_ws/build/tm_rail/share/tm_rail/hook/pythonpath_develop.dsv'
[2.587s] INFO:colcon.colcon_core.shell:Creating environment hook '/home/ros_dev/workspace/tm_ws/build/tm_rail/share/tm_rail/hook/pythonpath_develop.sh'
[2.594s] Level 1:colcon.colcon_core.environment:checking '/home/ros_dev/workspace/tm_ws/install/tm_rail' for CMake module files
[2.594s] Level 1:colcon.colcon_core.environment:checking '/home/ros_dev/workspace/tm_ws/install/tm_rail' for CMake config files
[2.595s] Level 1:colcon.colcon_core.environment:checking '/home/ros_dev/workspace/tm_ws/install/tm_rail/lib'
[2.596s] Level 1:colcon.colcon_core.environment:checking '/home/ros_dev/workspace/tm_ws/install/tm_rail/bin'
[2.596s] Level 1:colcon.colcon_core.environment:checking '/home/ros_dev/workspace/tm_ws/install/tm_rail/lib/pkgconfig/tm_rail.pc'
[2.596s] Level 1:colcon.colcon_core.environment:checking '/home/ros_dev/workspace/tm_ws/install/tm_rail/lib/python3.10/site-packages'
[2.596s] Level 1:colcon.colcon_core.shell:create_environment_hook('tm_rail', 'pythonpath')
[2.596s] INFO:colcon.colcon_core.shell:Creating environment hook '/home/ros_dev/workspace/tm_ws/install/tm_rail/share/tm_rail/hook/pythonpath.ps1'
[2.597s] INFO:colcon.colcon_core.shell:Creating environment descriptor '/home/ros_dev/workspace/tm_ws/install/tm_rail/share/tm_rail/hook/pythonpath.dsv'
[2.599s] INFO:colcon.colcon_core.shell:Creating environment hook '/home/ros_dev/workspace/tm_ws/install/tm_rail/share/tm_rail/hook/pythonpath.sh'
[2.601s] Level 1:colcon.colcon_core.environment:checking '/home/ros_dev/workspace/tm_ws/install/tm_rail/bin'
[2.601s] Level 1:colcon.colcon_core.environment:create_environment_scripts_only(tm_rail)
[2.602s] INFO:colcon.colcon_core.shell:Creating package script '/home/ros_dev/workspace/tm_ws/install/tm_rail/share/tm_rail/package.ps1'
[2.605s] INFO:colcon.colcon_core.shell:Creating package descriptor '/home/ros_dev/workspace/tm_ws/install/tm_rail/share/tm_rail/package.dsv'
[2.607s] INFO:colcon.colcon_core.shell:Creating package script '/home/ros_dev/workspace/tm_ws/install/tm_rail/share/tm_rail/package.sh'
[2.610s] INFO:colcon.colcon_core.shell:Creating package script '/home/ros_dev/workspace/tm_ws/install/tm_rail/share/tm_rail/package.bash'
[2.612s] INFO:colcon.colcon_core.shell:Creating package script '/home/ros_dev/workspace/tm_ws/install/tm_rail/share/tm_rail/package.zsh'
[2.613s] Level 1:colcon.colcon_core.environment:create_file_with_runtime_dependencies(/home/ros_dev/workspace/tm_ws/install/tm_rail/share/colcon-core/packages/tm_rail)
[7.185s] DEBUG:colcon.colcon_core.event_handler.log_command:Invoked command in '/home/ros_dev/workspace/tm_ws/build/tm_rail_interface' returned '0': CMAKE_PREFIX_PATH=${CMAKE_PREFIX_PATH}:/home/ros_dev/workspace/tm_ws/install/tm_rail:/opt/ros/humble /usr/bin/cmake --build /home/ros_dev/workspace/tm_ws/build/tm_rail_interface -- -j18 -l18
[7.203s] DEBUG:colcon.colcon_core.event_handler.log_command:Invoking command in '/home/ros_dev/workspace/tm_ws/build/tm_rail_interface': CMAKE_PREFIX_PATH=${CMAKE_PREFIX_PATH}:/home/ros_dev/workspace/tm_ws/install/tm_rail:/opt/ros/humble /usr/bin/cmake --install /home/ros_dev/workspace/tm_ws/build/tm_rail_interface
[7.367s] Level 1:colcon.colcon_core.environment:create_environment_scripts_only(tm_rail_interface)
[7.369s] Level 1:colcon.colcon_core.environment:checking '/home/ros_dev/workspace/tm_ws/install/tm_rail_interface' for CMake module files
[7.370s] DEBUG:colcon.colcon_core.event_handler.log_command:Invoked command in '/home/ros_dev/workspace/tm_ws/build/tm_rail_interface' returned '0': CMAKE_PREFIX_PATH=${CMAKE_PREFIX_PATH}:/home/ros_dev/workspace/tm_ws/install/tm_rail:/opt/ros/humble /usr/bin/cmake --install /home/ros_dev/workspace/tm_ws/build/tm_rail_interface
[7.372s] Level 1:colcon.colcon_core.environment:checking '/home/ros_dev/workspace/tm_ws/install/tm_rail_interface' for CMake config files
[7.373s] Level 1:colcon.colcon_core.shell:create_environment_hook('tm_rail_interface', 'cmake_prefix_path')
[7.374s] INFO:colcon.colcon_core.shell:Creating environment hook '/home/ros_dev/workspace/tm_ws/install/tm_rail_interface/share/tm_rail_interface/hook/cmake_prefix_path.ps1'
[7.376s] INFO:colcon.colcon_core.shell:Creating environment descriptor '/home/ros_dev/workspace/tm_ws/install/tm_rail_interface/share/tm_rail_interface/hook/cmake_prefix_path.dsv'
[7.377s] INFO:colcon.colcon_core.shell:Creating environment hook '/home/ros_dev/workspace/tm_ws/install/tm_rail_interface/share/tm_rail_interface/hook/cmake_prefix_path.sh'
[7.378s] Level 1:colcon.colcon_core.environment:checking '/home/ros_dev/workspace/tm_ws/install/tm_rail_interface/lib'
[7.379s] Level 1:colcon.colcon_core.shell:create_environment_hook('tm_rail_interface', 'ld_library_path_lib')
[7.379s] INFO:colcon.colcon_core.shell:Creating environment hook '/home/ros_dev/workspace/tm_ws/install/tm_rail_interface/share/tm_rail_interface/hook/ld_library_path_lib.ps1'
[7.380s] INFO:colcon.colcon_core.shell:Creating environment descriptor '/home/ros_dev/workspace/tm_ws/install/tm_rail_interface/share/tm_rail_interface/hook/ld_library_path_lib.dsv'
[7.381s] INFO:colcon.colcon_core.shell:Creating environment hook '/home/ros_dev/workspace/tm_ws/install/tm_rail_interface/share/tm_rail_interface/hook/ld_library_path_lib.sh'
[7.382s] Level 1:colcon.colcon_core.environment:checking '/home/ros_dev/workspace/tm_ws/install/tm_rail_interface/bin'
[7.383s] Level 1:colcon.colcon_core.environment:checking '/home/ros_dev/workspace/tm_ws/install/tm_rail_interface/lib/pkgconfig/tm_rail_interface.pc'
[7.383s] Level 1:colcon.colcon_core.environment:checking '/home/ros_dev/workspace/tm_ws/install/tm_rail_interface/lib/python3.10/site-packages'
[7.384s] Level 1:colcon.colcon_core.environment:checking '/home/ros_dev/workspace/tm_ws/install/tm_rail_interface/bin'
[7.385s] INFO:colcon.colcon_core.shell:Creating package script '/home/ros_dev/workspace/tm_ws/install/tm_rail_interface/share/tm_rail_interface/package.ps1'
[7.386s] INFO:colcon.colcon_core.shell:Creating package descriptor '/home/ros_dev/workspace/tm_ws/install/tm_rail_interface/share/tm_rail_interface/package.dsv'
[7.386s] INFO:colcon.colcon_core.shell:Creating package script '/home/ros_dev/workspace/tm_ws/install/tm_rail_interface/share/tm_rail_interface/package.sh'
[7.387s] INFO:colcon.colcon_core.shell:Creating package script '/home/ros_dev/workspace/tm_ws/install/tm_rail_interface/share/tm_rail_interface/package.bash'
[7.388s] INFO:colcon.colcon_core.shell:Creating package script '/home/ros_dev/workspace/tm_ws/install/tm_rail_interface/share/tm_rail_interface/package.zsh'
[7.388s] Level 1:colcon.colcon_core.environment:create_file_with_runtime_dependencies(/home/ros_dev/workspace/tm_ws/install/tm_rail_interface/share/colcon-core/packages/tm_rail_interface)
[7.389s] Level 1:colcon.colcon_core.environment:create_environment_scripts_only(tm_rail_interface)
[7.389s] Level 1:colcon.colcon_core.environment:checking '/home/ros_dev/workspace/tm_ws/install/tm_rail_interface' for CMake module files
[7.390s] Level 1:colcon.colcon_core.environment:checking '/home/ros_dev/workspace/tm_ws/install/tm_rail_interface' for CMake config files
[7.391s] Level 1:colcon.colcon_core.shell:create_environment_hook('tm_rail_interface', 'cmake_prefix_path')
[7.391s] INFO:colcon.colcon_core.shell:Creating environment hook '/home/ros_dev/workspace/tm_ws/install/tm_rail_interface/share/tm_rail_interface/hook/cmake_prefix_path.ps1'
[7.391s] INFO:colcon.colcon_core.shell:Creating environment descriptor '/home/ros_dev/workspace/tm_ws/install/tm_rail_interface/share/tm_rail_interface/hook/cmake_prefix_path.dsv'
[7.392s] INFO:colcon.colcon_core.shell:Creating environment hook '/home/ros_dev/workspace/tm_ws/install/tm_rail_interface/share/tm_rail_interface/hook/cmake_prefix_path.sh'
[7.393s] Level 1:colcon.colcon_core.environment:checking '/home/ros_dev/workspace/tm_ws/install/tm_rail_interface/lib'
[7.393s] Level 1:colcon.colcon_core.shell:create_environment_hook('tm_rail_interface', 'ld_library_path_lib')
[7.393s] INFO:colcon.colcon_core.shell:Creating environment hook '/home/ros_dev/workspace/tm_ws/install/tm_rail_interface/share/tm_rail_interface/hook/ld_library_path_lib.ps1'
[7.394s] INFO:colcon.colcon_core.shell:Creating environment descriptor '/home/ros_dev/workspace/tm_ws/install/tm_rail_interface/share/tm_rail_interface/hook/ld_library_path_lib.dsv'
[7.394s] INFO:colcon.colcon_core.shell:Creating environment hook '/home/ros_dev/workspace/tm_ws/install/tm_rail_interface/share/tm_rail_interface/hook/ld_library_path_lib.sh'
[7.394s] Level 1:colcon.colcon_core.environment:checking '/home/ros_dev/workspace/tm_ws/install/tm_rail_interface/bin'
[7.395s] Level 1:colcon.colcon_core.environment:checking '/home/ros_dev/workspace/tm_ws/install/tm_rail_interface/lib/pkgconfig/tm_rail_interface.pc'
[7.395s] Level 1:colcon.colcon_core.environment:checking '/home/ros_dev/workspace/tm_ws/install/tm_rail_interface/lib/python3.10/site-packages'
[7.395s] Level 1:colcon.colcon_core.environment:checking '/home/ros_dev/workspace/tm_ws/install/tm_rail_interface/bin'
[7.395s] INFO:colcon.colcon_core.shell:Creating package script '/home/ros_dev/workspace/tm_ws/install/tm_rail_interface/share/tm_rail_interface/package.ps1'
[7.396s] INFO:colcon.colcon_core.shell:Creating package descriptor '/home/ros_dev/workspace/tm_ws/install/tm_rail_interface/share/tm_rail_interface/package.dsv'
[7.397s] INFO:colcon.colcon_core.shell:Creating package script '/home/ros_dev/workspace/tm_ws/install/tm_rail_interface/share/tm_rail_interface/package.sh'
[7.397s] INFO:colcon.colcon_core.shell:Creating package script '/home/ros_dev/workspace/tm_ws/install/tm_rail_interface/share/tm_rail_interface/package.bash'
[7.398s] INFO:colcon.colcon_core.shell:Creating package script '/home/ros_dev/workspace/tm_ws/install/tm_rail_interface/share/tm_rail_interface/package.zsh'
[7.398s] Level 1:colcon.colcon_core.environment:create_file_with_runtime_dependencies(/home/ros_dev/workspace/tm_ws/install/tm_rail_interface/share/colcon-core/packages/tm_rail_interface)
[7.399s] DEBUG:colcon.colcon_parallel_executor.executor.parallel:closing loop
[7.399s] DEBUG:colcon.colcon_parallel_executor.executor.parallel:loop closed
[7.399s] DEBUG:colcon.colcon_parallel_executor.executor.parallel:run_until_complete finished with '0'
[7.399s] DEBUG:colcon.colcon_core.event_reactor:joining thread
[7.418s] INFO:colcon.colcon_core.plugin_system:Skipping extension 'colcon_notification.desktop_notification.notify_send': Could not find 'notify-send'
[7.418s] INFO:colcon.colcon_core.plugin_system:Skipping extension 'colcon_notification.desktop_notification.terminal_notifier': Not used on non-Darwin systems
[7.418s] INFO:colcon.colcon_core.plugin_system:Skipping extension 'colcon_notification.desktop_notification.win32': Not used on non-Windows systems
[7.419s] INFO:colcon.colcon_notification.desktop_notification:Sending desktop notification using 'notify2'
[7.426s] DEBUG:colcon.colcon_notification.desktop_notification.notify2:Failed to initialize notify2: org.freedesktop.DBus.Error.Spawn.ExecFailed: /usr/bin/dbus-launch terminated abnormally without any error message
[7.426s] DEBUG:colcon.colcon_core.event_reactor:joined thread
[7.427s] INFO:colcon.colcon_core.shell:Creating prefix script '/home/ros_dev/workspace/tm_ws/install/local_setup.ps1'
[7.429s] INFO:colcon.colcon_core.shell:Creating prefix util module '/home/ros_dev/workspace/tm_ws/install/_local_setup_util_ps1.py'
[7.433s] INFO:colcon.colcon_core.shell:Creating prefix chain script '/home/ros_dev/workspace/tm_ws/install/setup.ps1'
[7.435s] INFO:colcon.colcon_core.shell:Creating prefix script '/home/ros_dev/workspace/tm_ws/install/local_setup.sh'
[7.437s] INFO:colcon.colcon_core.shell:Creating prefix util module '/home/ros_dev/workspace/tm_ws/install/_local_setup_util_sh.py'
[7.439s] INFO:colcon.colcon_core.shell:Creating prefix chain script '/home/ros_dev/workspace/tm_ws/install/setup.sh'
[7.444s] INFO:colcon.colcon_core.shell:Creating prefix script '/home/ros_dev/workspace/tm_ws/install/local_setup.bash'
[7.447s] INFO:colcon.colcon_core.shell:Creating prefix chain script '/home/ros_dev/workspace/tm_ws/install/setup.bash'
[7.452s] INFO:colcon.colcon_core.shell:Creating prefix script '/home/ros_dev/workspace/tm_ws/install/local_setup.zsh'
[7.453s] INFO:colcon.colcon_core.shell:Creating prefix chain script '/home/ros_dev/workspace/tm_ws/install/setup.zsh'
