[0.404s] Invoking command in '/home/ros_dev/workspace/tm_ws/build/tm_rail_interface': CMAKE_PREFIX_PATH=${CMAKE_PREFIX_PATH}:/home/ros_dev/workspace/tm_ws/install/tm_rail:/opt/ros/humble /usr/bin/cmake --build /home/ros_dev/workspace/tm_ws/build/tm_rail_interface -- -j18 -l18
[0.511s] -- Found ament_cmake: 1.3.11 (/opt/ros/humble/share/ament_cmake/cmake)
[0.723s] -- Override CMake install command with custom implementation using symlinks instead of copying resources
[0.755s] -- Found rosidl_default_generators: 1.2.0 (/opt/ros/humble/share/rosidl_default_generators/cmake)
[0.763s] -- Using all available rosidl_typesupport_c: rosidl_typesupport_fastrtps_c;rosidl_typesupport_introspection_c
[0.771s] -- Found rosidl_adapter: 3.1.6 (/opt/ros/humble/share/rosidl_adapter/cmake)
[0.839s] -- Using all available rosidl_typesupport_cpp: rosidl_typesupport_fastrtps_cpp;rosidl_typesupport_introspection_cpp
[0.893s] -- Found ament_lint_auto: 0.12.11 (/opt/ros/humble/share/ament_lint_auto/cmake)
[1.354s] -- Found ament_cmake_ros: 0.10.0 (/opt/ros/humble/share/ament_cmake_ros/cmake)
[1.681s] -- Using all available rosidl_typesupport_c: rosidl_typesupport_fastrtps_c;rosidl_typesupport_introspection_c
[2.114s] -- Using all available rosidl_typesupport_cpp: rosidl_typesupport_fastrtps_cpp;rosidl_typesupport_introspection_cpp
[2.151s] -- Found python_cmake_module: 0.10.0 (/opt/ros/humble/share/python_cmake_module/cmake)
[2.192s] -- Using PYTHON_EXECUTABLE: /usr/bin/python3
[2.192s] -- Using PYTHON_INCLUDE_DIRS: /usr/include/python3.10
[2.192s] -- Using PYTHON_LIBRARIES: /usr/lib/x86_64-linux-gnu/libpython3.10.so
[2.226s] -- Added test 'lint_cmake' to check CMake code style
[2.227s] -- Added test 'xmllint' to check XML markup files
[2.238s] -- Configuring done
[2.304s] -- Generating done
[2.319s] -- Build files have been written to: /home/ros_dev/workspace/tm_ws/build/tm_rail_interface
[2.370s] [  2%] [34m[1mGenerating C code for ROS interfaces[0m
[2.403s] [  5%] [34m[1mGenerating C++ code for ROS interfaces[0m
[2.412s] [  5%] Built target ament_cmake_python_symlink_tm_rail_interface
[2.813s] running egg_info
[2.814s] writing tm_rail_interface.egg-info/PKG-INFO
[2.815s] writing dependency_links to tm_rail_interface.egg-info/dependency_links.txt
[2.815s] writing top-level names to tm_rail_interface.egg-info/top_level.txt
[2.818s] reading manifest file 'tm_rail_interface.egg-info/SOURCES.txt'
[2.819s] writing manifest file 'tm_rail_interface.egg-info/SOURCES.txt'
[2.878s] [  5%] Built target ament_cmake_python_build_tm_rail_interface_egg
[2.917s] [35m[1mConsolidate compiler generated dependencies of target tm_rail_interface__rosidl_generator_c[0m
[2.938s] [  5%] Built target tm_rail_interface__cpp
[2.945s] [ 10%] [32mBuilding C object CMakeFiles/tm_rail_interface__rosidl_generator_c.dir/rosidl_generator_c/tm_rail_interface/srv/detail/rail_control__functions.c.o[0m
[2.945s] [ 10%] [32mBuilding C object CMakeFiles/tm_rail_interface__rosidl_generator_c.dir/rosidl_generator_c/tm_rail_interface/msg/detail/status__functions.c.o[0m
[2.955s] [ 12%] [34m[1mGenerating C++ type support dispatch for ROS interfaces[0m
[2.956s] [ 15%] [34m[1mGenerating C++ type support for eProsima Fast-RTPS[0m
[2.964s] [ 17%] [34m[1mGenerating C++ introspection for ROS interfaces[0m
[3.066s] [ 20%] [32m[1mLinking C shared library libtm_rail_interface__rosidl_generator_c.so[0m
[3.179s] [ 20%] Built target tm_rail_interface__rosidl_generator_c
[3.206s] [ 25%] [34m[1mGenerating C type support dispatch for ROS interfaces[0m
[3.206s] [ 25%] [34m[1mGenerating C introspection for ROS interfaces[0m
[3.206s] [ 28%] [34m[1mGenerating C type support for eProsima Fast-RTPS[0m
[3.486s] [35m[1mConsolidate compiler generated dependencies of target tm_rail_interface__rosidl_typesupport_introspection_cpp[0m
[3.493s] [35m[1mConsolidate compiler generated dependencies of target tm_rail_interface__rosidl_typesupport_cpp[0m
[3.516s] [ 30%] [32mBuilding CXX object CMakeFiles/tm_rail_interface__rosidl_typesupport_introspection_cpp.dir/rosidl_typesupport_introspection_cpp/tm_rail_interface/srv/detail/rail_control__type_support.cpp.o[0m
[3.523s] [ 35%] [32mBuilding CXX object CMakeFiles/tm_rail_interface__rosidl_typesupport_cpp.dir/rosidl_typesupport_cpp/tm_rail_interface/srv/rail_control__type_support.cpp.o[0m
[3.523s] [ 35%] [32mBuilding CXX object CMakeFiles/tm_rail_interface__rosidl_typesupport_cpp.dir/rosidl_typesupport_cpp/tm_rail_interface/msg/status__type_support.cpp.o[0m
[3.526s] [ 38%] [32mBuilding CXX object CMakeFiles/tm_rail_interface__rosidl_typesupport_introspection_cpp.dir/rosidl_typesupport_introspection_cpp/tm_rail_interface/msg/detail/status__type_support.cpp.o[0m
[3.553s] [35m[1mConsolidate compiler generated dependencies of target tm_rail_interface__rosidl_typesupport_fastrtps_cpp[0m
[3.583s] [ 41%] [32mBuilding CXX object CMakeFiles/tm_rail_interface__rosidl_typesupport_fastrtps_cpp.dir/rosidl_typesupport_fastrtps_cpp/tm_rail_interface/srv/detail/dds_fastrtps/rail_control__type_support.cpp.o[0m
[3.584s] [ 43%] [32mBuilding CXX object CMakeFiles/tm_rail_interface__rosidl_typesupport_fastrtps_cpp.dir/rosidl_typesupport_fastrtps_cpp/tm_rail_interface/msg/detail/dds_fastrtps/status__type_support.cpp.o[0m
[3.692s] [35m[1mConsolidate compiler generated dependencies of target tm_rail_interface__rosidl_typesupport_fastrtps_c[0m
[3.723s] [ 48%] [32mBuilding CXX object CMakeFiles/tm_rail_interface__rosidl_typesupport_fastrtps_c.dir/rosidl_typesupport_fastrtps_c/tm_rail_interface/srv/detail/rail_control__type_support_c.cpp.o[0m
[3.723s] [ 48%] [32mBuilding CXX object CMakeFiles/tm_rail_interface__rosidl_typesupport_fastrtps_c.dir/rosidl_typesupport_fastrtps_c/tm_rail_interface/msg/detail/status__type_support_c.cpp.o[0m
[3.936s] [35m[1mConsolidate compiler generated dependencies of target tm_rail_interface__rosidl_typesupport_introspection_c[0m
[3.975s] [ 51%] [32mBuilding C object CMakeFiles/tm_rail_interface__rosidl_typesupport_introspection_c.dir/rosidl_typesupport_introspection_c/tm_rail_interface/srv/detail/rail_control__type_support.c.o[0m
[3.976s] [ 53%] [32mBuilding C object CMakeFiles/tm_rail_interface__rosidl_typesupport_introspection_c.dir/rosidl_typesupport_introspection_c/tm_rail_interface/msg/detail/status__type_support.c.o[0m
[4.077s] [ 56%] [32m[1mLinking C shared library libtm_rail_interface__rosidl_typesupport_introspection_c.so[0m
[4.078s] [35m[1mConsolidate compiler generated dependencies of target tm_rail_interface__rosidl_typesupport_c[0m
[4.111s] [ 61%] [32mBuilding CXX object CMakeFiles/tm_rail_interface__rosidl_typesupport_c.dir/rosidl_typesupport_c/tm_rail_interface/msg/status__type_support.cpp.o[0m
[4.111s] [ 61%] [32mBuilding CXX object CMakeFiles/tm_rail_interface__rosidl_typesupport_c.dir/rosidl_typesupport_c/tm_rail_interface/srv/rail_control__type_support.cpp.o[0m
[4.177s] [ 64%] Built target tm_rail_interface__rosidl_typesupport_introspection_c
[4.178s] [ 64%] [32m[1mLinking CXX shared library libtm_rail_interface__rosidl_typesupport_c.so[0m
[4.240s] [ 66%] [32m[1mLinking CXX shared library libtm_rail_interface__rosidl_typesupport_cpp.so[0m
[4.279s] [ 66%] Built target tm_rail_interface__rosidl_typesupport_c
[4.322s] [ 66%] Built target tm_rail_interface__rosidl_typesupport_cpp
[4.424s] [ 69%] [32m[1mLinking CXX shared library libtm_rail_interface__rosidl_typesupport_fastrtps_cpp.so[0m
[4.566s] [ 71%] [32m[1mLinking CXX shared library libtm_rail_interface__rosidl_typesupport_fastrtps_c.so[0m
[4.585s] [ 71%] Built target tm_rail_interface__rosidl_typesupport_fastrtps_cpp
[4.703s] [ 74%] [32m[1mLinking CXX shared library libtm_rail_interface__rosidl_typesupport_introspection_cpp.so[0m
[4.712s] [ 74%] Built target tm_rail_interface__rosidl_typesupport_fastrtps_c
[4.824s] [ 74%] Built target tm_rail_interface__rosidl_typesupport_introspection_cpp
[4.863s] [ 74%] Built target tm_rail_interface
[4.906s] [ 76%] [34m[1mGenerating Python code for ROS interfaces[0m
[5.602s] [ 76%] Built target tm_rail_interface__py
[5.636s] [35m[1mConsolidate compiler generated dependencies of target tm_rail_interface__rosidl_generator_py[0m
[5.673s] [ 79%] [32mBuilding C object CMakeFiles/tm_rail_interface__rosidl_generator_py.dir/rosidl_generator_py/tm_rail_interface/msg/_status_s.c.o[0m
[5.674s] [ 82%] [32mBuilding C object CMakeFiles/tm_rail_interface__rosidl_generator_py.dir/rosidl_generator_py/tm_rail_interface/srv/_rail_control_s.c.o[0m
[5.884s] [ 84%] [32m[1mLinking C shared library rosidl_generator_py/tm_rail_interface/libtm_rail_interface__rosidl_generator_py.so[0m
[5.955s] [ 84%] Built target tm_rail_interface__rosidl_generator_py
[5.977s] [35m[1mConsolidate compiler generated dependencies of target tm_rail_interface__rosidl_typesupport_fastrtps_c__pyext[0m
[5.981s] [35m[1mConsolidate compiler generated dependencies of target tm_rail_interface__rosidl_typesupport_c__pyext[0m
[5.983s] [35m[1mConsolidate compiler generated dependencies of target tm_rail_interface__rosidl_typesupport_introspection_c__pyext[0m
[6.005s] [ 87%] [32mBuilding C object CMakeFiles/tm_rail_interface__rosidl_typesupport_fastrtps_c__pyext.dir/rosidl_generator_py/tm_rail_interface/_tm_rail_interface_s.ep.rosidl_typesupport_fastrtps_c.c.o[0m
[6.010s] [ 89%] [32mBuilding C object CMakeFiles/tm_rail_interface__rosidl_typesupport_c__pyext.dir/rosidl_generator_py/tm_rail_interface/_tm_rail_interface_s.ep.rosidl_typesupport_c.c.o[0m
[6.012s] [ 92%] [32mBuilding C object CMakeFiles/tm_rail_interface__rosidl_typesupport_introspection_c__pyext.dir/rosidl_generator_py/tm_rail_interface/_tm_rail_interface_s.ep.rosidl_typesupport_introspection_c.c.o[0m
[6.161s] [ 94%] [32m[1mLinking C shared library rosidl_generator_py/tm_rail_interface/tm_rail_interface_s__rosidl_typesupport_fastrtps_c.cpython-310-x86_64-linux-gnu.so[0m
[6.173s] [ 97%] [32m[1mLinking C shared library rosidl_generator_py/tm_rail_interface/tm_rail_interface_s__rosidl_typesupport_c.cpython-310-x86_64-linux-gnu.so[0m
[6.174s] [100%] [32m[1mLinking C shared library rosidl_generator_py/tm_rail_interface/tm_rail_interface_s__rosidl_typesupport_introspection_c.cpython-310-x86_64-linux-gnu.so[0m
[6.238s] [100%] Built target tm_rail_interface__rosidl_typesupport_fastrtps_c__pyext
[6.240s] [100%] Built target tm_rail_interface__rosidl_typesupport_introspection_c__pyext
[6.241s] [100%] Built target tm_rail_interface__rosidl_typesupport_c__pyext
[6.267s] Invoked command in '/home/ros_dev/workspace/tm_ws/build/tm_rail_interface' returned '0': CMAKE_PREFIX_PATH=${CMAKE_PREFIX_PATH}:/home/ros_dev/workspace/tm_ws/install/tm_rail:/opt/ros/humble /usr/bin/cmake --build /home/ros_dev/workspace/tm_ws/build/tm_rail_interface -- -j18 -l18
[6.286s] Invoking command in '/home/ros_dev/workspace/tm_ws/build/tm_rail_interface': CMAKE_PREFIX_PATH=${CMAKE_PREFIX_PATH}:/home/ros_dev/workspace/tm_ws/install/tm_rail:/opt/ros/humble /usr/bin/cmake --install /home/ros_dev/workspace/tm_ws/build/tm_rail_interface
[6.303s] -- Install configuration: ""
[6.303s] -- Execute custom install script
[6.304s] -- Up-to-date symlink: /home/ros_dev/workspace/tm_ws/install/tm_rail_interface/share/ament_index/resource_index/rosidl_interfaces/tm_rail_interface
[6.306s] -- Up-to-date symlink: /home/ros_dev/workspace/tm_ws/install/tm_rail_interface/include/tm_rail_interface/tm_rail_interface/msg/detail/status__functions.h
[6.306s] -- Up-to-date symlink: /home/ros_dev/workspace/tm_ws/install/tm_rail_interface/include/tm_rail_interface/tm_rail_interface/msg/detail/status__struct.h
[6.307s] -- Up-to-date symlink: /home/ros_dev/workspace/tm_ws/install/tm_rail_interface/include/tm_rail_interface/tm_rail_interface/msg/detail/status__type_support.h
[6.307s] -- Up-to-date symlink: /home/ros_dev/workspace/tm_ws/install/tm_rail_interface/include/tm_rail_interface/tm_rail_interface/msg/rosidl_generator_c__visibility_control.h
[6.307s] -- Up-to-date symlink: /home/ros_dev/workspace/tm_ws/install/tm_rail_interface/include/tm_rail_interface/tm_rail_interface/msg/status.h
[6.308s] -- Up-to-date symlink: /home/ros_dev/workspace/tm_ws/install/tm_rail_interface/include/tm_rail_interface/tm_rail_interface/srv/detail/rail_control__functions.h
[6.309s] -- Up-to-date symlink: /home/ros_dev/workspace/tm_ws/install/tm_rail_interface/include/tm_rail_interface/tm_rail_interface/srv/detail/rail_control__struct.h
[6.309s] -- Up-to-date symlink: /home/ros_dev/workspace/tm_ws/install/tm_rail_interface/include/tm_rail_interface/tm_rail_interface/srv/detail/rail_control__type_support.h
[6.309s] -- Up-to-date symlink: /home/ros_dev/workspace/tm_ws/install/tm_rail_interface/include/tm_rail_interface/tm_rail_interface/srv/rail_control.h
[6.309s] -- Up-to-date symlink: /home/ros_dev/workspace/tm_ws/install/tm_rail_interface/share/tm_rail_interface/environment/library_path.sh
[6.310s] -- Up-to-date symlink: /home/ros_dev/workspace/tm_ws/install/tm_rail_interface/share/tm_rail_interface/environment/library_path.dsv
[6.311s] -- Up-to-date symlink: /home/ros_dev/workspace/tm_ws/install/tm_rail_interface/include/tm_rail_interface/tm_rail_interface/msg/detail/status__rosidl_typesupport_fastrtps_c.h
[6.311s] -- Up-to-date symlink: /home/ros_dev/workspace/tm_ws/install/tm_rail_interface/include/tm_rail_interface/tm_rail_interface/msg/rosidl_typesupport_fastrtps_c__visibility_control.h
[6.312s] -- Up-to-date symlink: /home/ros_dev/workspace/tm_ws/install/tm_rail_interface/include/tm_rail_interface/tm_rail_interface/srv/detail/rail_control__rosidl_typesupport_fastrtps_c.h
[6.312s] -- Up-to-date symlink: /home/ros_dev/workspace/tm_ws/install/tm_rail_interface/include/tm_rail_interface/tm_rail_interface/msg/detail/status__rosidl_typesupport_introspection_c.h
[6.312s] -- Up-to-date symlink: /home/ros_dev/workspace/tm_ws/install/tm_rail_interface/include/tm_rail_interface/tm_rail_interface/msg/rosidl_typesupport_introspection_c__visibility_control.h
[6.313s] -- Up-to-date symlink: /home/ros_dev/workspace/tm_ws/install/tm_rail_interface/include/tm_rail_interface/tm_rail_interface/srv/detail/rail_control__rosidl_typesupport_introspection_c.h
[6.314s] -- Up-to-date symlink: /home/ros_dev/workspace/tm_ws/install/tm_rail_interface/include/tm_rail_interface/tm_rail_interface/msg/detail/status__builder.hpp
[6.314s] -- Up-to-date symlink: /home/ros_dev/workspace/tm_ws/install/tm_rail_interface/include/tm_rail_interface/tm_rail_interface/msg/detail/status__struct.hpp
[6.314s] -- Up-to-date symlink: /home/ros_dev/workspace/tm_ws/install/tm_rail_interface/include/tm_rail_interface/tm_rail_interface/msg/detail/status__traits.hpp
[6.315s] -- Up-to-date symlink: /home/ros_dev/workspace/tm_ws/install/tm_rail_interface/include/tm_rail_interface/tm_rail_interface/msg/detail/status__type_support.hpp
[6.315s] -- Up-to-date symlink: /home/ros_dev/workspace/tm_ws/install/tm_rail_interface/include/tm_rail_interface/tm_rail_interface/msg/rosidl_generator_cpp__visibility_control.hpp
[6.316s] -- Up-to-date symlink: /home/ros_dev/workspace/tm_ws/install/tm_rail_interface/include/tm_rail_interface/tm_rail_interface/msg/status.hpp
[6.317s] -- Up-to-date symlink: /home/ros_dev/workspace/tm_ws/install/tm_rail_interface/include/tm_rail_interface/tm_rail_interface/srv/detail/rail_control__builder.hpp
[6.317s] -- Up-to-date symlink: /home/ros_dev/workspace/tm_ws/install/tm_rail_interface/include/tm_rail_interface/tm_rail_interface/srv/detail/rail_control__struct.hpp
[6.317s] -- Up-to-date symlink: /home/ros_dev/workspace/tm_ws/install/tm_rail_interface/include/tm_rail_interface/tm_rail_interface/srv/detail/rail_control__traits.hpp
[6.318s] -- Up-to-date symlink: /home/ros_dev/workspace/tm_ws/install/tm_rail_interface/include/tm_rail_interface/tm_rail_interface/srv/detail/rail_control__type_support.hpp
[6.319s] -- Up-to-date symlink: /home/ros_dev/workspace/tm_ws/install/tm_rail_interface/include/tm_rail_interface/tm_rail_interface/srv/rail_control.hpp
[6.321s] -- Up-to-date symlink: /home/ros_dev/workspace/tm_ws/install/tm_rail_interface/include/tm_rail_interface/tm_rail_interface/msg/detail/status__rosidl_typesupport_fastrtps_cpp.hpp
[6.322s] -- Up-to-date symlink: /home/ros_dev/workspace/tm_ws/install/tm_rail_interface/include/tm_rail_interface/tm_rail_interface/msg/rosidl_typesupport_fastrtps_cpp__visibility_control.h
[6.322s] -- Up-to-date symlink: /home/ros_dev/workspace/tm_ws/install/tm_rail_interface/include/tm_rail_interface/tm_rail_interface/srv/detail/rail_control__rosidl_typesupport_fastrtps_cpp.hpp
[6.324s] -- Up-to-date symlink: /home/ros_dev/workspace/tm_ws/install/tm_rail_interface/include/tm_rail_interface/tm_rail_interface/msg/detail/status__rosidl_typesupport_introspection_cpp.hpp
[6.324s] -- Up-to-date symlink: /home/ros_dev/workspace/tm_ws/install/tm_rail_interface/include/tm_rail_interface/tm_rail_interface/srv/detail/rail_control__rosidl_typesupport_introspection_cpp.hpp
[6.325s] -- Up-to-date symlink: /home/ros_dev/workspace/tm_ws/install/tm_rail_interface/share/tm_rail_interface/environment/pythonpath.sh
[6.326s] -- Up-to-date symlink: /home/ros_dev/workspace/tm_ws/install/tm_rail_interface/share/tm_rail_interface/environment/pythonpath.dsv
[6.326s] -- Up-to-date symlink: /home/ros_dev/workspace/tm_ws/install/tm_rail_interface/local/lib/python3.10/dist-packages/tm_rail_interface-0.0.0-py3.10.egg-info/PKG-INFO
[6.327s] -- Up-to-date symlink: /home/ros_dev/workspace/tm_ws/install/tm_rail_interface/local/lib/python3.10/dist-packages/tm_rail_interface-0.0.0-py3.10.egg-info/SOURCES.txt
[6.327s] -- Up-to-date symlink: /home/ros_dev/workspace/tm_ws/install/tm_rail_interface/local/lib/python3.10/dist-packages/tm_rail_interface-0.0.0-py3.10.egg-info/dependency_links.txt
[6.328s] -- Up-to-date symlink: /home/ros_dev/workspace/tm_ws/install/tm_rail_interface/local/lib/python3.10/dist-packages/tm_rail_interface-0.0.0-py3.10.egg-info/top_level.txt
[6.329s] -- Up-to-date symlink: /home/ros_dev/workspace/tm_ws/install/tm_rail_interface/local/lib/python3.10/dist-packages/tm_rail_interface/__init__.py
[6.329s] -- Up-to-date symlink: /home/ros_dev/workspace/tm_ws/install/tm_rail_interface/local/lib/python3.10/dist-packages/tm_rail_interface/_tm_rail_interface_s.ep.rosidl_typesupport_c.c
[6.330s] -- Up-to-date symlink: /home/ros_dev/workspace/tm_ws/install/tm_rail_interface/local/lib/python3.10/dist-packages/tm_rail_interface/_tm_rail_interface_s.ep.rosidl_typesupport_fastrtps_c.c
[6.330s] -- Up-to-date symlink: /home/ros_dev/workspace/tm_ws/install/tm_rail_interface/local/lib/python3.10/dist-packages/tm_rail_interface/_tm_rail_interface_s.ep.rosidl_typesupport_introspection_c.c
[6.331s] -- Up-to-date symlink: /home/ros_dev/workspace/tm_ws/install/tm_rail_interface/local/lib/python3.10/dist-packages/tm_rail_interface/libtm_rail_interface__rosidl_generator_py.so
[6.331s] -- Up-to-date symlink: /home/ros_dev/workspace/tm_ws/install/tm_rail_interface/local/lib/python3.10/dist-packages/tm_rail_interface/msg/__init__.py
[6.332s] -- Up-to-date symlink: /home/ros_dev/workspace/tm_ws/install/tm_rail_interface/local/lib/python3.10/dist-packages/tm_rail_interface/msg/_status.py
[6.332s] -- Up-to-date symlink: /home/ros_dev/workspace/tm_ws/install/tm_rail_interface/local/lib/python3.10/dist-packages/tm_rail_interface/msg/_status_s.c
[6.333s] -- Up-to-date symlink: /home/ros_dev/workspace/tm_ws/install/tm_rail_interface/local/lib/python3.10/dist-packages/tm_rail_interface/srv/__init__.py
[6.333s] -- Up-to-date symlink: /home/ros_dev/workspace/tm_ws/install/tm_rail_interface/local/lib/python3.10/dist-packages/tm_rail_interface/srv/_rail_control.py
[6.334s] -- Up-to-date symlink: /home/ros_dev/workspace/tm_ws/install/tm_rail_interface/local/lib/python3.10/dist-packages/tm_rail_interface/srv/_rail_control_s.c
[6.334s] -- Up-to-date symlink: /home/ros_dev/workspace/tm_ws/install/tm_rail_interface/local/lib/python3.10/dist-packages/tm_rail_interface/tm_rail_interface_s__rosidl_typesupport_c.cpython-310-x86_64-linux-gnu.so
[6.334s] -- Up-to-date symlink: /home/ros_dev/workspace/tm_ws/install/tm_rail_interface/local/lib/python3.10/dist-packages/tm_rail_interface/tm_rail_interface_s__rosidl_typesupport_fastrtps_c.cpython-310-x86_64-linux-gnu.so
[6.335s] -- Up-to-date symlink: /home/ros_dev/workspace/tm_ws/install/tm_rail_interface/local/lib/python3.10/dist-packages/tm_rail_interface/tm_rail_interface_s__rosidl_typesupport_introspection_c.cpython-310-x86_64-linux-gnu.so
[6.335s] -- Up-to-date symlink: /home/ros_dev/workspace/tm_ws/install/tm_rail_interface/local/lib/python3.10/dist-packages/tm_rail_interface/tm_rail_interface_s__rosidl_typesupport_fastrtps_c.cpython-310-x86_64-linux-gnu.so
[6.335s] -- Up-to-date symlink: /home/ros_dev/workspace/tm_ws/install/tm_rail_interface/local/lib/python3.10/dist-packages/tm_rail_interface/tm_rail_interface_s__rosidl_typesupport_introspection_c.cpython-310-x86_64-linux-gnu.so
[6.336s] -- Up-to-date symlink: /home/ros_dev/workspace/tm_ws/install/tm_rail_interface/local/lib/python3.10/dist-packages/tm_rail_interface/tm_rail_interface_s__rosidl_typesupport_c.cpython-310-x86_64-linux-gnu.so
[6.337s] -- Up-to-date symlink: /home/ros_dev/workspace/tm_ws/install/tm_rail_interface/share/tm_rail_interface/srv/RailControl.idl
[6.337s] -- Up-to-date symlink: /home/ros_dev/workspace/tm_ws/install/tm_rail_interface/share/tm_rail_interface/msg/Status.idl
[6.337s] -- Up-to-date symlink: /home/ros_dev/workspace/tm_ws/install/tm_rail_interface/share/tm_rail_interface/srv/RailControl.srv
[6.337s] -- Up-to-date symlink: /home/ros_dev/workspace/tm_ws/install/tm_rail_interface/share/tm_rail_interface/srv/RailControl_Request.msg
[6.338s] -- Up-to-date symlink: /home/ros_dev/workspace/tm_ws/install/tm_rail_interface/share/tm_rail_interface/srv/RailControl_Response.msg
[6.338s] -- Up-to-date symlink: /home/ros_dev/workspace/tm_ws/install/tm_rail_interface/share/tm_rail_interface/msg/Status.msg
[6.338s] -- Up-to-date symlink: /home/ros_dev/workspace/tm_ws/install/tm_rail_interface/share/ament_index/resource_index/package_run_dependencies/tm_rail_interface
[6.338s] -- Up-to-date symlink: /home/ros_dev/workspace/tm_ws/install/tm_rail_interface/share/ament_index/resource_index/parent_prefix_path/tm_rail_interface
[6.339s] -- Up-to-date symlink: /home/ros_dev/workspace/tm_ws/install/tm_rail_interface/share/tm_rail_interface/environment/ament_prefix_path.sh
[6.339s] -- Up-to-date symlink: /home/ros_dev/workspace/tm_ws/install/tm_rail_interface/share/tm_rail_interface/environment/ament_prefix_path.dsv
[6.339s] -- Up-to-date symlink: /home/ros_dev/workspace/tm_ws/install/tm_rail_interface/share/tm_rail_interface/environment/path.sh
[6.339s] -- Up-to-date symlink: /home/ros_dev/workspace/tm_ws/install/tm_rail_interface/share/tm_rail_interface/environment/path.dsv
[6.339s] -- Up-to-date symlink: /home/ros_dev/workspace/tm_ws/install/tm_rail_interface/share/tm_rail_interface/local_setup.bash
[6.340s] -- Up-to-date symlink: /home/ros_dev/workspace/tm_ws/install/tm_rail_interface/share/tm_rail_interface/local_setup.sh
[6.340s] -- Up-to-date symlink: /home/ros_dev/workspace/tm_ws/install/tm_rail_interface/share/tm_rail_interface/local_setup.zsh
[6.340s] -- Up-to-date symlink: /home/ros_dev/workspace/tm_ws/install/tm_rail_interface/share/tm_rail_interface/local_setup.dsv
[6.340s] -- Symlinking: /home/ros_dev/workspace/tm_ws/install/tm_rail_interface/share/tm_rail_interface/package.dsv
[6.357s] -- Up-to-date symlink: /home/ros_dev/workspace/tm_ws/install/tm_rail_interface/share/ament_index/resource_index/packages/tm_rail_interface
[6.357s] -- Up-to-date symlink: /home/ros_dev/workspace/tm_ws/install/tm_rail_interface/share/tm_rail_interface/cmake/rosidl_cmake-extras.cmake
[6.357s] -- Up-to-date symlink: /home/ros_dev/workspace/tm_ws/install/tm_rail_interface/share/tm_rail_interface/cmake/ament_cmake_export_include_directories-extras.cmake
[6.357s] -- Up-to-date symlink: /home/ros_dev/workspace/tm_ws/install/tm_rail_interface/share/tm_rail_interface/cmake/ament_cmake_export_libraries-extras.cmake
[6.357s] -- Up-to-date symlink: /home/ros_dev/workspace/tm_ws/install/tm_rail_interface/share/tm_rail_interface/cmake/ament_cmake_export_targets-extras.cmake
[6.358s] -- Up-to-date symlink: /home/ros_dev/workspace/tm_ws/install/tm_rail_interface/share/tm_rail_interface/cmake/rosidl_cmake_export_typesupport_targets-extras.cmake
[6.358s] -- Up-to-date symlink: /home/ros_dev/workspace/tm_ws/install/tm_rail_interface/share/tm_rail_interface/cmake/ament_cmake_export_dependencies-extras.cmake
[6.358s] -- Up-to-date symlink: /home/ros_dev/workspace/tm_ws/install/tm_rail_interface/share/tm_rail_interface/cmake/rosidl_cmake_export_typesupport_libraries-extras.cmake
[6.359s] -- Up-to-date symlink: /home/ros_dev/workspace/tm_ws/install/tm_rail_interface/share/tm_rail_interface/cmake/tm_rail_interfaceConfig.cmake
[6.359s] -- Up-to-date symlink: /home/ros_dev/workspace/tm_ws/install/tm_rail_interface/share/tm_rail_interface/cmake/tm_rail_interfaceConfig-version.cmake
[6.359s] -- Up-to-date symlink: /home/ros_dev/workspace/tm_ws/install/tm_rail_interface/share/tm_rail_interface/package.xml
[6.360s] -- Installing: /home/ros_dev/workspace/tm_ws/install/tm_rail_interface/lib/libtm_rail_interface__rosidl_generator_c.so
[6.360s] -- Set runtime path of "/home/ros_dev/workspace/tm_ws/install/tm_rail_interface/lib/libtm_rail_interface__rosidl_generator_c.so" to ""
[6.361s] -- Installing: /home/ros_dev/workspace/tm_ws/install/tm_rail_interface/lib/libtm_rail_interface__rosidl_typesupport_fastrtps_c.so
[6.361s] -- Set runtime path of "/home/ros_dev/workspace/tm_ws/install/tm_rail_interface/lib/libtm_rail_interface__rosidl_typesupport_fastrtps_c.so" to ""
[6.362s] -- Installing: /home/ros_dev/workspace/tm_ws/install/tm_rail_interface/lib/libtm_rail_interface__rosidl_typesupport_introspection_c.so
[6.362s] -- Set runtime path of "/home/ros_dev/workspace/tm_ws/install/tm_rail_interface/lib/libtm_rail_interface__rosidl_typesupport_introspection_c.so" to ""
[6.363s] -- Installing: /home/ros_dev/workspace/tm_ws/install/tm_rail_interface/lib/libtm_rail_interface__rosidl_typesupport_c.so
[6.363s] -- Set runtime path of "/home/ros_dev/workspace/tm_ws/install/tm_rail_interface/lib/libtm_rail_interface__rosidl_typesupport_c.so" to ""
[6.364s] -- Installing: /home/ros_dev/workspace/tm_ws/install/tm_rail_interface/lib/libtm_rail_interface__rosidl_typesupport_fastrtps_cpp.so
[6.364s] -- Set runtime path of "/home/ros_dev/workspace/tm_ws/install/tm_rail_interface/lib/libtm_rail_interface__rosidl_typesupport_fastrtps_cpp.so" to ""
[6.364s] -- Installing: /home/ros_dev/workspace/tm_ws/install/tm_rail_interface/lib/libtm_rail_interface__rosidl_typesupport_introspection_cpp.so
[6.365s] -- Set runtime path of "/home/ros_dev/workspace/tm_ws/install/tm_rail_interface/lib/libtm_rail_interface__rosidl_typesupport_introspection_cpp.so" to ""
[6.366s] -- Installing: /home/ros_dev/workspace/tm_ws/install/tm_rail_interface/lib/libtm_rail_interface__rosidl_typesupport_cpp.so
[6.366s] -- Set runtime path of "/home/ros_dev/workspace/tm_ws/install/tm_rail_interface/lib/libtm_rail_interface__rosidl_typesupport_cpp.so" to ""
[6.434s] Listing '/home/ros_dev/workspace/tm_ws/install/tm_rail_interface/local/lib/python3.10/dist-packages/tm_rail_interface'...
[6.434s] Compiling '/home/ros_dev/workspace/tm_ws/install/tm_rail_interface/local/lib/python3.10/dist-packages/tm_rail_interface/__init__.py'...
[6.434s] Listing '/home/ros_dev/workspace/tm_ws/install/tm_rail_interface/local/lib/python3.10/dist-packages/tm_rail_interface/msg'...
[6.434s] Compiling '/home/ros_dev/workspace/tm_ws/install/tm_rail_interface/local/lib/python3.10/dist-packages/tm_rail_interface/msg/__init__.py'...
[6.435s] Compiling '/home/ros_dev/workspace/tm_ws/install/tm_rail_interface/local/lib/python3.10/dist-packages/tm_rail_interface/msg/_status.py'...
[6.435s] Listing '/home/ros_dev/workspace/tm_ws/install/tm_rail_interface/local/lib/python3.10/dist-packages/tm_rail_interface/srv'...
[6.435s] Compiling '/home/ros_dev/workspace/tm_ws/install/tm_rail_interface/local/lib/python3.10/dist-packages/tm_rail_interface/srv/__init__.py'...
[6.435s] Compiling '/home/ros_dev/workspace/tm_ws/install/tm_rail_interface/local/lib/python3.10/dist-packages/tm_rail_interface/srv/_rail_control.py'...
[6.443s] -- Installing: /home/ros_dev/workspace/tm_ws/install/tm_rail_interface/lib/libtm_rail_interface__rosidl_generator_py.so
[6.443s] -- Set runtime path of "/home/ros_dev/workspace/tm_ws/install/tm_rail_interface/lib/libtm_rail_interface__rosidl_generator_py.so" to ""
[6.443s] -- Up-to-date: /home/ros_dev/workspace/tm_ws/install/tm_rail_interface/share/tm_rail_interface/cmake/export_tm_rail_interface__rosidl_generator_cExport.cmake
[6.444s] -- Up-to-date: /home/ros_dev/workspace/tm_ws/install/tm_rail_interface/share/tm_rail_interface/cmake/export_tm_rail_interface__rosidl_generator_cExport-noconfig.cmake
[6.444s] -- Up-to-date: /home/ros_dev/workspace/tm_ws/install/tm_rail_interface/share/tm_rail_interface/cmake/export_tm_rail_interface__rosidl_typesupport_fastrtps_cExport.cmake
[6.444s] -- Up-to-date: /home/ros_dev/workspace/tm_ws/install/tm_rail_interface/share/tm_rail_interface/cmake/export_tm_rail_interface__rosidl_typesupport_fastrtps_cExport-noconfig.cmake
[6.444s] -- Up-to-date: /home/ros_dev/workspace/tm_ws/install/tm_rail_interface/share/tm_rail_interface/cmake/tm_rail_interface__rosidl_typesupport_introspection_cExport.cmake
[6.445s] -- Up-to-date: /home/ros_dev/workspace/tm_ws/install/tm_rail_interface/share/tm_rail_interface/cmake/tm_rail_interface__rosidl_typesupport_introspection_cExport-noconfig.cmake
[6.445s] -- Up-to-date: /home/ros_dev/workspace/tm_ws/install/tm_rail_interface/share/tm_rail_interface/cmake/tm_rail_interface__rosidl_typesupport_cExport.cmake
[6.445s] -- Up-to-date: /home/ros_dev/workspace/tm_ws/install/tm_rail_interface/share/tm_rail_interface/cmake/tm_rail_interface__rosidl_typesupport_cExport-noconfig.cmake
[6.445s] -- Up-to-date: /home/ros_dev/workspace/tm_ws/install/tm_rail_interface/share/tm_rail_interface/cmake/export_tm_rail_interface__rosidl_generator_cppExport.cmake
[6.445s] -- Up-to-date: /home/ros_dev/workspace/tm_ws/install/tm_rail_interface/share/tm_rail_interface/cmake/export_tm_rail_interface__rosidl_typesupport_fastrtps_cppExport.cmake
[6.445s] -- Up-to-date: /home/ros_dev/workspace/tm_ws/install/tm_rail_interface/share/tm_rail_interface/cmake/export_tm_rail_interface__rosidl_typesupport_fastrtps_cppExport-noconfig.cmake
[6.446s] -- Up-to-date: /home/ros_dev/workspace/tm_ws/install/tm_rail_interface/share/tm_rail_interface/cmake/tm_rail_interface__rosidl_typesupport_introspection_cppExport.cmake
[6.446s] -- Up-to-date: /home/ros_dev/workspace/tm_ws/install/tm_rail_interface/share/tm_rail_interface/cmake/tm_rail_interface__rosidl_typesupport_introspection_cppExport-noconfig.cmake
[6.446s] -- Up-to-date: /home/ros_dev/workspace/tm_ws/install/tm_rail_interface/share/tm_rail_interface/cmake/tm_rail_interface__rosidl_typesupport_cppExport.cmake
[6.446s] -- Up-to-date: /home/ros_dev/workspace/tm_ws/install/tm_rail_interface/share/tm_rail_interface/cmake/tm_rail_interface__rosidl_typesupport_cppExport-noconfig.cmake
[6.447s] -- Up-to-date: /home/ros_dev/workspace/tm_ws/install/tm_rail_interface/share/tm_rail_interface/cmake/export_tm_rail_interface__rosidl_generator_pyExport.cmake
[6.447s] -- Up-to-date: /home/ros_dev/workspace/tm_ws/install/tm_rail_interface/share/tm_rail_interface/cmake/export_tm_rail_interface__rosidl_generator_pyExport-noconfig.cmake
[6.453s] Invoked command in '/home/ros_dev/workspace/tm_ws/build/tm_rail_interface' returned '0': CMAKE_PREFIX_PATH=${CMAKE_PREFIX_PATH}:/home/ros_dev/workspace/tm_ws/install/tm_rail:/opt/ros/humble /usr/bin/cmake --install /home/ros_dev/workspace/tm_ws/build/tm_rail_interface
