-- Found ament_cmake: 1.3.11 (/opt/ros/humble/share/ament_cmake/cmake)
-- Override CMake install command with custom implementation using symlinks instead of copying resources
-- Found rosidl_default_generators: 1.2.0 (/opt/ros/humble/share/rosidl_default_generators/cmake)
-- Using all available rosidl_typesupport_c: rosidl_typesupport_fastrtps_c;rosidl_typesupport_introspection_c
-- Found rosidl_adapter: 3.1.6 (/opt/ros/humble/share/rosidl_adapter/cmake)
-- Using all available rosidl_typesupport_cpp: rosidl_typesupport_fastrtps_cpp;rosidl_typesupport_introspection_cpp
-- Found ament_lint_auto: 0.12.11 (/opt/ros/humble/share/ament_lint_auto/cmake)
-- Found ament_cmake_ros: 0.10.0 (/opt/ros/humble/share/ament_cmake_ros/cmake)
-- Using all available rosidl_typesupport_c: rosidl_typesupport_fastrtps_c;rosidl_typesupport_introspection_c
-- Using all available rosidl_typesupport_cpp: rosidl_typesupport_fastrtps_cpp;rosidl_typesupport_introspection_cpp
-- Found python_cmake_module: 0.10.0 (/opt/ros/humble/share/python_cmake_module/cmake)
-- Using PYTHON_EXECUTABLE: /usr/bin/python3
-- Using PYTHON_INCLUDE_DIRS: /usr/include/python3.10
-- Using PYTHON_LIBRARIES: /usr/lib/x86_64-linux-gnu/libpython3.10.so
-- Added test 'lint_cmake' to check CMake code style
-- Added test 'xmllint' to check XML markup files
-- Configuring done
-- Generating done
-- Build files have been written to: /home/ros_dev/workspace/tm_ws/build/tm_rail_interface
[  2%] [34m[1mGenerating C code for ROS interfaces[0m
[  5%] [34m[1mGenerating C++ code for ROS interfaces[0m
[  5%] Built target ament_cmake_python_symlink_tm_rail_interface
running egg_info
writing tm_rail_interface.egg-info/PKG-INFO
writing dependency_links to tm_rail_interface.egg-info/dependency_links.txt
writing top-level names to tm_rail_interface.egg-info/top_level.txt
reading manifest file 'tm_rail_interface.egg-info/SOURCES.txt'
writing manifest file 'tm_rail_interface.egg-info/SOURCES.txt'
[  5%] Built target ament_cmake_python_build_tm_rail_interface_egg
[  5%] Built target tm_rail_interface__cpp
[  7%] [34m[1mGenerating C++ type support dispatch for ROS interfaces[0m
[ 12%] [34m[1mGenerating C++ introspection for ROS interfaces[0m
[ 12%] [34m[1mGenerating C++ type support for eProsima Fast-RTPS[0m
[35m[1mConsolidate compiler generated dependencies of target tm_rail_interface__rosidl_generator_c[0m
[ 15%] [32mBuilding C object CMakeFiles/tm_rail_interface__rosidl_generator_c.dir/rosidl_generator_c/tm_rail_interface/srv/detail/rail_control__functions.c.o[0m
[ 17%] [32mBuilding C object CMakeFiles/tm_rail_interface__rosidl_generator_c.dir/rosidl_generator_c/tm_rail_interface/msg/detail/status__functions.c.o[0m
[ 20%] [32m[1mLinking C shared library libtm_rail_interface__rosidl_generator_c.so[0m
[ 20%] Built target tm_rail_interface__rosidl_generator_c
[ 23%] [34m[1mGenerating C type support for eProsima Fast-RTPS[0m
[ 25%] [34m[1mGenerating C introspection for ROS interfaces[0m
[ 28%] [34m[1mGenerating C type support dispatch for ROS interfaces[0m
[35m[1mConsolidate compiler generated dependencies of target tm_rail_interface__rosidl_typesupport_introspection_cpp[0m
[ 30%] [32mBuilding CXX object CMakeFiles/tm_rail_interface__rosidl_typesupport_introspection_cpp.dir/rosidl_typesupport_introspection_cpp/tm_rail_interface/msg/detail/status__type_support.cpp.o[0m
[ 33%] [32mBuilding CXX object CMakeFiles/tm_rail_interface__rosidl_typesupport_introspection_cpp.dir/rosidl_typesupport_introspection_cpp/tm_rail_interface/srv/detail/rail_control__type_support.cpp.o[0m
[35m[1mConsolidate compiler generated dependencies of target tm_rail_interface__rosidl_typesupport_fastrtps_cpp[0m
[35m[1mConsolidate compiler generated dependencies of target tm_rail_interface__rosidl_typesupport_cpp[0m
[ 38%] [32mBuilding CXX object CMakeFiles/tm_rail_interface__rosidl_typesupport_fastrtps_cpp.dir/rosidl_typesupport_fastrtps_cpp/tm_rail_interface/srv/detail/dds_fastrtps/rail_control__type_support.cpp.o[0m
[ 38%] [32mBuilding CXX object CMakeFiles/tm_rail_interface__rosidl_typesupport_fastrtps_cpp.dir/rosidl_typesupport_fastrtps_cpp/tm_rail_interface/msg/detail/dds_fastrtps/status__type_support.cpp.o[0m
[ 43%] [32mBuilding CXX object CMakeFiles/tm_rail_interface__rosidl_typesupport_cpp.dir/rosidl_typesupport_cpp/tm_rail_interface/msg/status__type_support.cpp.o[0m
[ 43%] [32mBuilding CXX object CMakeFiles/tm_rail_interface__rosidl_typesupport_cpp.dir/rosidl_typesupport_cpp/tm_rail_interface/srv/rail_control__type_support.cpp.o[0m
[35m[1mConsolidate compiler generated dependencies of target tm_rail_interface__rosidl_typesupport_fastrtps_c[0m
[ 46%] [32mBuilding CXX object CMakeFiles/tm_rail_interface__rosidl_typesupport_fastrtps_c.dir/rosidl_typesupport_fastrtps_c/tm_rail_interface/msg/detail/status__type_support_c.cpp.o[0m
[ 48%] [32mBuilding CXX object CMakeFiles/tm_rail_interface__rosidl_typesupport_fastrtps_c.dir/rosidl_typesupport_fastrtps_c/tm_rail_interface/srv/detail/rail_control__type_support_c.cpp.o[0m
[35m[1mConsolidate compiler generated dependencies of target tm_rail_interface__rosidl_typesupport_c[0m
[ 51%] [32mBuilding CXX object CMakeFiles/tm_rail_interface__rosidl_typesupport_c.dir/rosidl_typesupport_c/tm_rail_interface/srv/rail_control__type_support.cpp.o[0m
[ 53%] [32mBuilding CXX object CMakeFiles/tm_rail_interface__rosidl_typesupport_c.dir/rosidl_typesupport_c/tm_rail_interface/msg/status__type_support.cpp.o[0m
[ 56%] [32m[1mLinking CXX shared library libtm_rail_interface__rosidl_typesupport_c.so[0m
[35m[1mConsolidate compiler generated dependencies of target tm_rail_interface__rosidl_typesupport_introspection_c[0m
[ 61%] [32mBuilding C object CMakeFiles/tm_rail_interface__rosidl_typesupport_introspection_c.dir/rosidl_typesupport_introspection_c/tm_rail_interface/srv/detail/rail_control__type_support.c.o[0m
[ 61%] [32mBuilding C object CMakeFiles/tm_rail_interface__rosidl_typesupport_introspection_c.dir/rosidl_typesupport_introspection_c/tm_rail_interface/msg/detail/status__type_support.c.o[0m
[ 64%] [32m[1mLinking CXX shared library libtm_rail_interface__rosidl_typesupport_cpp.so[0m
[ 64%] Built target tm_rail_interface__rosidl_typesupport_c
[ 66%] [32m[1mLinking C shared library libtm_rail_interface__rosidl_typesupport_introspection_c.so[0m
[ 69%] [32m[1mLinking CXX shared library libtm_rail_interface__rosidl_typesupport_fastrtps_cpp.so[0m
[ 69%] Built target tm_rail_interface__rosidl_typesupport_cpp
[ 69%] Built target tm_rail_interface__rosidl_typesupport_introspection_c
[ 71%] [32m[1mLinking CXX shared library libtm_rail_interface__rosidl_typesupport_introspection_cpp.so[0m
[ 71%] Built target tm_rail_interface__rosidl_typesupport_fastrtps_cpp
[ 71%] Built target tm_rail_interface__rosidl_typesupport_introspection_cpp
[ 74%] [32m[1mLinking CXX shared library libtm_rail_interface__rosidl_typesupport_fastrtps_c.so[0m
[ 74%] Built target tm_rail_interface__rosidl_typesupport_fastrtps_c
[ 74%] Built target tm_rail_interface
[ 76%] [34m[1mGenerating Python code for ROS interfaces[0m
[ 76%] Built target tm_rail_interface__py
[35m[1mConsolidate compiler generated dependencies of target tm_rail_interface__rosidl_generator_py[0m
[ 82%] [32mBuilding C object CMakeFiles/tm_rail_interface__rosidl_generator_py.dir/rosidl_generator_py/tm_rail_interface/msg/_status_s.c.o[0m
[ 82%] [32mBuilding C object CMakeFiles/tm_rail_interface__rosidl_generator_py.dir/rosidl_generator_py/tm_rail_interface/srv/_rail_control_s.c.o[0m
[ 84%] [32m[1mLinking C shared library rosidl_generator_py/tm_rail_interface/libtm_rail_interface__rosidl_generator_py.so[0m
[ 84%] Built target tm_rail_interface__rosidl_generator_py
[35m[1mConsolidate compiler generated dependencies of target tm_rail_interface__rosidl_typesupport_c__pyext[0m
[35m[1mConsolidate compiler generated dependencies of target tm_rail_interface__rosidl_typesupport_introspection_c__pyext[0m
[35m[1mConsolidate compiler generated dependencies of target tm_rail_interface__rosidl_typesupport_fastrtps_c__pyext[0m
[ 87%] [32mBuilding C object CMakeFiles/tm_rail_interface__rosidl_typesupport_fastrtps_c__pyext.dir/rosidl_generator_py/tm_rail_interface/_tm_rail_interface_s.ep.rosidl_typesupport_fastrtps_c.c.o[0m
[ 89%] [32mBuilding C object CMakeFiles/tm_rail_interface__rosidl_typesupport_c__pyext.dir/rosidl_generator_py/tm_rail_interface/_tm_rail_interface_s.ep.rosidl_typesupport_c.c.o[0m
[ 92%] [32mBuilding C object CMakeFiles/tm_rail_interface__rosidl_typesupport_introspection_c__pyext.dir/rosidl_generator_py/tm_rail_interface/_tm_rail_interface_s.ep.rosidl_typesupport_introspection_c.c.o[0m
[ 97%] [32m[1mLinking C shared library rosidl_generator_py/tm_rail_interface/tm_rail_interface_s__rosidl_typesupport_c.cpython-310-x86_64-linux-gnu.so[0m
[ 97%] [32m[1mLinking C shared library rosidl_generator_py/tm_rail_interface/tm_rail_interface_s__rosidl_typesupport_fastrtps_c.cpython-310-x86_64-linux-gnu.so[0m
[100%] [32m[1mLinking C shared library rosidl_generator_py/tm_rail_interface/tm_rail_interface_s__rosidl_typesupport_introspection_c.cpython-310-x86_64-linux-gnu.so[0m
[100%] Built target tm_rail_interface__rosidl_typesupport_c__pyext
[100%] Built target tm_rail_interface__rosidl_typesupport_fastrtps_c__pyext
[100%] Built target tm_rail_interface__rosidl_typesupport_introspection_c__pyext
-- Install configuration: ""
-- Execute custom install script
-- Up-to-date symlink: /home/ros_dev/workspace/tm_ws/install/tm_rail_interface/share/ament_index/resource_index/rosidl_interfaces/tm_rail_interface
-- Up-to-date symlink: /home/ros_dev/workspace/tm_ws/install/tm_rail_interface/include/tm_rail_interface/tm_rail_interface/msg/detail/status__functions.h
-- Up-to-date symlink: /home/ros_dev/workspace/tm_ws/install/tm_rail_interface/include/tm_rail_interface/tm_rail_interface/msg/detail/status__struct.h
-- Up-to-date symlink: /home/ros_dev/workspace/tm_ws/install/tm_rail_interface/include/tm_rail_interface/tm_rail_interface/msg/detail/status__type_support.h
-- Up-to-date symlink: /home/ros_dev/workspace/tm_ws/install/tm_rail_interface/include/tm_rail_interface/tm_rail_interface/msg/rosidl_generator_c__visibility_control.h
-- Up-to-date symlink: /home/ros_dev/workspace/tm_ws/install/tm_rail_interface/include/tm_rail_interface/tm_rail_interface/msg/status.h
-- Up-to-date symlink: /home/ros_dev/workspace/tm_ws/install/tm_rail_interface/include/tm_rail_interface/tm_rail_interface/srv/detail/rail_control__functions.h
-- Up-to-date symlink: /home/ros_dev/workspace/tm_ws/install/tm_rail_interface/include/tm_rail_interface/tm_rail_interface/srv/detail/rail_control__struct.h
-- Up-to-date symlink: /home/ros_dev/workspace/tm_ws/install/tm_rail_interface/include/tm_rail_interface/tm_rail_interface/srv/detail/rail_control__type_support.h
-- Up-to-date symlink: /home/ros_dev/workspace/tm_ws/install/tm_rail_interface/include/tm_rail_interface/tm_rail_interface/srv/rail_control.h
-- Up-to-date symlink: /home/ros_dev/workspace/tm_ws/install/tm_rail_interface/share/tm_rail_interface/environment/library_path.sh
-- Up-to-date symlink: /home/ros_dev/workspace/tm_ws/install/tm_rail_interface/share/tm_rail_interface/environment/library_path.dsv
-- Up-to-date symlink: /home/ros_dev/workspace/tm_ws/install/tm_rail_interface/include/tm_rail_interface/tm_rail_interface/msg/detail/status__rosidl_typesupport_fastrtps_c.h
-- Up-to-date symlink: /home/ros_dev/workspace/tm_ws/install/tm_rail_interface/include/tm_rail_interface/tm_rail_interface/msg/rosidl_typesupport_fastrtps_c__visibility_control.h
-- Up-to-date symlink: /home/ros_dev/workspace/tm_ws/install/tm_rail_interface/include/tm_rail_interface/tm_rail_interface/srv/detail/rail_control__rosidl_typesupport_fastrtps_c.h
-- Up-to-date symlink: /home/ros_dev/workspace/tm_ws/install/tm_rail_interface/include/tm_rail_interface/tm_rail_interface/msg/detail/status__rosidl_typesupport_introspection_c.h
-- Up-to-date symlink: /home/ros_dev/workspace/tm_ws/install/tm_rail_interface/include/tm_rail_interface/tm_rail_interface/msg/rosidl_typesupport_introspection_c__visibility_control.h
-- Up-to-date symlink: /home/ros_dev/workspace/tm_ws/install/tm_rail_interface/include/tm_rail_interface/tm_rail_interface/srv/detail/rail_control__rosidl_typesupport_introspection_c.h
-- Up-to-date symlink: /home/ros_dev/workspace/tm_ws/install/tm_rail_interface/include/tm_rail_interface/tm_rail_interface/msg/detail/status__builder.hpp
-- Up-to-date symlink: /home/ros_dev/workspace/tm_ws/install/tm_rail_interface/include/tm_rail_interface/tm_rail_interface/msg/detail/status__struct.hpp
-- Up-to-date symlink: /home/ros_dev/workspace/tm_ws/install/tm_rail_interface/include/tm_rail_interface/tm_rail_interface/msg/detail/status__traits.hpp
-- Up-to-date symlink: /home/ros_dev/workspace/tm_ws/install/tm_rail_interface/include/tm_rail_interface/tm_rail_interface/msg/detail/status__type_support.hpp
-- Up-to-date symlink: /home/ros_dev/workspace/tm_ws/install/tm_rail_interface/include/tm_rail_interface/tm_rail_interface/msg/rosidl_generator_cpp__visibility_control.hpp
-- Up-to-date symlink: /home/ros_dev/workspace/tm_ws/install/tm_rail_interface/include/tm_rail_interface/tm_rail_interface/msg/status.hpp
-- Up-to-date symlink: /home/ros_dev/workspace/tm_ws/install/tm_rail_interface/include/tm_rail_interface/tm_rail_interface/srv/detail/rail_control__builder.hpp
-- Up-to-date symlink: /home/ros_dev/workspace/tm_ws/install/tm_rail_interface/include/tm_rail_interface/tm_rail_interface/srv/detail/rail_control__struct.hpp
-- Up-to-date symlink: /home/ros_dev/workspace/tm_ws/install/tm_rail_interface/include/tm_rail_interface/tm_rail_interface/srv/detail/rail_control__traits.hpp
-- Up-to-date symlink: /home/ros_dev/workspace/tm_ws/install/tm_rail_interface/include/tm_rail_interface/tm_rail_interface/srv/detail/rail_control__type_support.hpp
-- Up-to-date symlink: /home/ros_dev/workspace/tm_ws/install/tm_rail_interface/include/tm_rail_interface/tm_rail_interface/srv/rail_control.hpp
-- Up-to-date symlink: /home/ros_dev/workspace/tm_ws/install/tm_rail_interface/include/tm_rail_interface/tm_rail_interface/msg/detail/status__rosidl_typesupport_fastrtps_cpp.hpp
-- Up-to-date symlink: /home/ros_dev/workspace/tm_ws/install/tm_rail_interface/include/tm_rail_interface/tm_rail_interface/msg/rosidl_typesupport_fastrtps_cpp__visibility_control.h
-- Up-to-date symlink: /home/ros_dev/workspace/tm_ws/install/tm_rail_interface/include/tm_rail_interface/tm_rail_interface/srv/detail/rail_control__rosidl_typesupport_fastrtps_cpp.hpp
-- Up-to-date symlink: /home/ros_dev/workspace/tm_ws/install/tm_rail_interface/include/tm_rail_interface/tm_rail_interface/msg/detail/status__rosidl_typesupport_introspection_cpp.hpp
-- Up-to-date symlink: /home/ros_dev/workspace/tm_ws/install/tm_rail_interface/include/tm_rail_interface/tm_rail_interface/srv/detail/rail_control__rosidl_typesupport_introspection_cpp.hpp
-- Up-to-date symlink: /home/ros_dev/workspace/tm_ws/install/tm_rail_interface/share/tm_rail_interface/environment/pythonpath.sh
-- Up-to-date symlink: /home/ros_dev/workspace/tm_ws/install/tm_rail_interface/share/tm_rail_interface/environment/pythonpath.dsv
-- Up-to-date symlink: /home/ros_dev/workspace/tm_ws/install/tm_rail_interface/local/lib/python3.10/dist-packages/tm_rail_interface-0.0.0-py3.10.egg-info/PKG-INFO
-- Up-to-date symlink: /home/ros_dev/workspace/tm_ws/install/tm_rail_interface/local/lib/python3.10/dist-packages/tm_rail_interface-0.0.0-py3.10.egg-info/SOURCES.txt
-- Up-to-date symlink: /home/ros_dev/workspace/tm_ws/install/tm_rail_interface/local/lib/python3.10/dist-packages/tm_rail_interface-0.0.0-py3.10.egg-info/dependency_links.txt
-- Up-to-date symlink: /home/ros_dev/workspace/tm_ws/install/tm_rail_interface/local/lib/python3.10/dist-packages/tm_rail_interface-0.0.0-py3.10.egg-info/top_level.txt
-- Up-to-date symlink: /home/ros_dev/workspace/tm_ws/install/tm_rail_interface/local/lib/python3.10/dist-packages/tm_rail_interface/__init__.py
-- Up-to-date symlink: /home/ros_dev/workspace/tm_ws/install/tm_rail_interface/local/lib/python3.10/dist-packages/tm_rail_interface/_tm_rail_interface_s.ep.rosidl_typesupport_c.c
-- Up-to-date symlink: /home/ros_dev/workspace/tm_ws/install/tm_rail_interface/local/lib/python3.10/dist-packages/tm_rail_interface/_tm_rail_interface_s.ep.rosidl_typesupport_fastrtps_c.c
-- Up-to-date symlink: /home/ros_dev/workspace/tm_ws/install/tm_rail_interface/local/lib/python3.10/dist-packages/tm_rail_interface/_tm_rail_interface_s.ep.rosidl_typesupport_introspection_c.c
-- Up-to-date symlink: /home/ros_dev/workspace/tm_ws/install/tm_rail_interface/local/lib/python3.10/dist-packages/tm_rail_interface/libtm_rail_interface__rosidl_generator_py.so
-- Up-to-date symlink: /home/ros_dev/workspace/tm_ws/install/tm_rail_interface/local/lib/python3.10/dist-packages/tm_rail_interface/msg/__init__.py
-- Up-to-date symlink: /home/ros_dev/workspace/tm_ws/install/tm_rail_interface/local/lib/python3.10/dist-packages/tm_rail_interface/msg/_status.py
-- Up-to-date symlink: /home/ros_dev/workspace/tm_ws/install/tm_rail_interface/local/lib/python3.10/dist-packages/tm_rail_interface/msg/_status_s.c
-- Up-to-date symlink: /home/ros_dev/workspace/tm_ws/install/tm_rail_interface/local/lib/python3.10/dist-packages/tm_rail_interface/srv/__init__.py
-- Up-to-date symlink: /home/ros_dev/workspace/tm_ws/install/tm_rail_interface/local/lib/python3.10/dist-packages/tm_rail_interface/srv/_rail_control.py
-- Up-to-date symlink: /home/ros_dev/workspace/tm_ws/install/tm_rail_interface/local/lib/python3.10/dist-packages/tm_rail_interface/srv/_rail_control_s.c
-- Up-to-date symlink: /home/ros_dev/workspace/tm_ws/install/tm_rail_interface/local/lib/python3.10/dist-packages/tm_rail_interface/tm_rail_interface_s__rosidl_typesupport_c.cpython-310-x86_64-linux-gnu.so
-- Up-to-date symlink: /home/ros_dev/workspace/tm_ws/install/tm_rail_interface/local/lib/python3.10/dist-packages/tm_rail_interface/tm_rail_interface_s__rosidl_typesupport_fastrtps_c.cpython-310-x86_64-linux-gnu.so
-- Up-to-date symlink: /home/ros_dev/workspace/tm_ws/install/tm_rail_interface/local/lib/python3.10/dist-packages/tm_rail_interface/tm_rail_interface_s__rosidl_typesupport_introspection_c.cpython-310-x86_64-linux-gnu.so
-- Up-to-date symlink: /home/ros_dev/workspace/tm_ws/install/tm_rail_interface/local/lib/python3.10/dist-packages/tm_rail_interface/tm_rail_interface_s__rosidl_typesupport_fastrtps_c.cpython-310-x86_64-linux-gnu.so
-- Up-to-date symlink: /home/ros_dev/workspace/tm_ws/install/tm_rail_interface/local/lib/python3.10/dist-packages/tm_rail_interface/tm_rail_interface_s__rosidl_typesupport_introspection_c.cpython-310-x86_64-linux-gnu.so
-- Up-to-date symlink: /home/ros_dev/workspace/tm_ws/install/tm_rail_interface/local/lib/python3.10/dist-packages/tm_rail_interface/tm_rail_interface_s__rosidl_typesupport_c.cpython-310-x86_64-linux-gnu.so
-- Up-to-date symlink: /home/ros_dev/workspace/tm_ws/install/tm_rail_interface/share/tm_rail_interface/srv/RailControl.idl
-- Up-to-date symlink: /home/ros_dev/workspace/tm_ws/install/tm_rail_interface/share/tm_rail_interface/msg/Status.idl
-- Up-to-date symlink: /home/ros_dev/workspace/tm_ws/install/tm_rail_interface/share/tm_rail_interface/srv/RailControl.srv
-- Up-to-date symlink: /home/ros_dev/workspace/tm_ws/install/tm_rail_interface/share/tm_rail_interface/srv/RailControl_Request.msg
-- Up-to-date symlink: /home/ros_dev/workspace/tm_ws/install/tm_rail_interface/share/tm_rail_interface/srv/RailControl_Response.msg
-- Up-to-date symlink: /home/ros_dev/workspace/tm_ws/install/tm_rail_interface/share/tm_rail_interface/msg/Status.msg
-- Up-to-date symlink: /home/ros_dev/workspace/tm_ws/install/tm_rail_interface/share/ament_index/resource_index/package_run_dependencies/tm_rail_interface
-- Up-to-date symlink: /home/ros_dev/workspace/tm_ws/install/tm_rail_interface/share/ament_index/resource_index/parent_prefix_path/tm_rail_interface
-- Up-to-date symlink: /home/ros_dev/workspace/tm_ws/install/tm_rail_interface/share/tm_rail_interface/environment/ament_prefix_path.sh
-- Up-to-date symlink: /home/ros_dev/workspace/tm_ws/install/tm_rail_interface/share/tm_rail_interface/environment/ament_prefix_path.dsv
-- Up-to-date symlink: /home/ros_dev/workspace/tm_ws/install/tm_rail_interface/share/tm_rail_interface/environment/path.sh
-- Up-to-date symlink: /home/ros_dev/workspace/tm_ws/install/tm_rail_interface/share/tm_rail_interface/environment/path.dsv
-- Up-to-date symlink: /home/ros_dev/workspace/tm_ws/install/tm_rail_interface/share/tm_rail_interface/local_setup.bash
-- Up-to-date symlink: /home/ros_dev/workspace/tm_ws/install/tm_rail_interface/share/tm_rail_interface/local_setup.sh
-- Up-to-date symlink: /home/ros_dev/workspace/tm_ws/install/tm_rail_interface/share/tm_rail_interface/local_setup.zsh
-- Up-to-date symlink: /home/ros_dev/workspace/tm_ws/install/tm_rail_interface/share/tm_rail_interface/local_setup.dsv
-- Symlinking: /home/ros_dev/workspace/tm_ws/install/tm_rail_interface/share/tm_rail_interface/package.dsv
-- Up-to-date symlink: /home/ros_dev/workspace/tm_ws/install/tm_rail_interface/share/ament_index/resource_index/packages/tm_rail_interface
-- Up-to-date symlink: /home/ros_dev/workspace/tm_ws/install/tm_rail_interface/share/tm_rail_interface/cmake/rosidl_cmake-extras.cmake
-- Up-to-date symlink: /home/ros_dev/workspace/tm_ws/install/tm_rail_interface/share/tm_rail_interface/cmake/ament_cmake_export_include_directories-extras.cmake
-- Up-to-date symlink: /home/ros_dev/workspace/tm_ws/install/tm_rail_interface/share/tm_rail_interface/cmake/ament_cmake_export_libraries-extras.cmake
-- Up-to-date symlink: /home/ros_dev/workspace/tm_ws/install/tm_rail_interface/share/tm_rail_interface/cmake/ament_cmake_export_targets-extras.cmake
-- Up-to-date symlink: /home/ros_dev/workspace/tm_ws/install/tm_rail_interface/share/tm_rail_interface/cmake/rosidl_cmake_export_typesupport_targets-extras.cmake
-- Up-to-date symlink: /home/ros_dev/workspace/tm_ws/install/tm_rail_interface/share/tm_rail_interface/cmake/ament_cmake_export_dependencies-extras.cmake
-- Up-to-date symlink: /home/ros_dev/workspace/tm_ws/install/tm_rail_interface/share/tm_rail_interface/cmake/rosidl_cmake_export_typesupport_libraries-extras.cmake
-- Up-to-date symlink: /home/ros_dev/workspace/tm_ws/install/tm_rail_interface/share/tm_rail_interface/cmake/tm_rail_interfaceConfig.cmake
-- Up-to-date symlink: /home/ros_dev/workspace/tm_ws/install/tm_rail_interface/share/tm_rail_interface/cmake/tm_rail_interfaceConfig-version.cmake
-- Up-to-date symlink: /home/ros_dev/workspace/tm_ws/install/tm_rail_interface/share/tm_rail_interface/package.xml
-- Installing: /home/ros_dev/workspace/tm_ws/install/tm_rail_interface/lib/libtm_rail_interface__rosidl_generator_c.so
-- Set runtime path of "/home/ros_dev/workspace/tm_ws/install/tm_rail_interface/lib/libtm_rail_interface__rosidl_generator_c.so" to ""
-- Installing: /home/ros_dev/workspace/tm_ws/install/tm_rail_interface/lib/libtm_rail_interface__rosidl_typesupport_fastrtps_c.so
-- Set runtime path of "/home/ros_dev/workspace/tm_ws/install/tm_rail_interface/lib/libtm_rail_interface__rosidl_typesupport_fastrtps_c.so" to ""
-- Installing: /home/ros_dev/workspace/tm_ws/install/tm_rail_interface/lib/libtm_rail_interface__rosidl_typesupport_introspection_c.so
-- Set runtime path of "/home/ros_dev/workspace/tm_ws/install/tm_rail_interface/lib/libtm_rail_interface__rosidl_typesupport_introspection_c.so" to ""
-- Installing: /home/ros_dev/workspace/tm_ws/install/tm_rail_interface/lib/libtm_rail_interface__rosidl_typesupport_c.so
-- Set runtime path of "/home/ros_dev/workspace/tm_ws/install/tm_rail_interface/lib/libtm_rail_interface__rosidl_typesupport_c.so" to ""
-- Installing: /home/ros_dev/workspace/tm_ws/install/tm_rail_interface/lib/libtm_rail_interface__rosidl_typesupport_fastrtps_cpp.so
-- Set runtime path of "/home/ros_dev/workspace/tm_ws/install/tm_rail_interface/lib/libtm_rail_interface__rosidl_typesupport_fastrtps_cpp.so" to ""
-- Installing: /home/ros_dev/workspace/tm_ws/install/tm_rail_interface/lib/libtm_rail_interface__rosidl_typesupport_introspection_cpp.so
-- Set runtime path of "/home/ros_dev/workspace/tm_ws/install/tm_rail_interface/lib/libtm_rail_interface__rosidl_typesupport_introspection_cpp.so" to ""
-- Installing: /home/ros_dev/workspace/tm_ws/install/tm_rail_interface/lib/libtm_rail_interface__rosidl_typesupport_cpp.so
-- Set runtime path of "/home/ros_dev/workspace/tm_ws/install/tm_rail_interface/lib/libtm_rail_interface__rosidl_typesupport_cpp.so" to ""
Listing '/home/ros_dev/workspace/tm_ws/install/tm_rail_interface/local/lib/python3.10/dist-packages/tm_rail_interface'...
Compiling '/home/ros_dev/workspace/tm_ws/install/tm_rail_interface/local/lib/python3.10/dist-packages/tm_rail_interface/__init__.py'...
Listing '/home/ros_dev/workspace/tm_ws/install/tm_rail_interface/local/lib/python3.10/dist-packages/tm_rail_interface/msg'...
Compiling '/home/ros_dev/workspace/tm_ws/install/tm_rail_interface/local/lib/python3.10/dist-packages/tm_rail_interface/msg/__init__.py'...
Compiling '/home/ros_dev/workspace/tm_ws/install/tm_rail_interface/local/lib/python3.10/dist-packages/tm_rail_interface/msg/_status.py'...
Listing '/home/ros_dev/workspace/tm_ws/install/tm_rail_interface/local/lib/python3.10/dist-packages/tm_rail_interface/srv'...
Compiling '/home/ros_dev/workspace/tm_ws/install/tm_rail_interface/local/lib/python3.10/dist-packages/tm_rail_interface/srv/__init__.py'...
Compiling '/home/ros_dev/workspace/tm_ws/install/tm_rail_interface/local/lib/python3.10/dist-packages/tm_rail_interface/srv/_rail_control.py'...
-- Installing: /home/ros_dev/workspace/tm_ws/install/tm_rail_interface/lib/libtm_rail_interface__rosidl_generator_py.so
-- Set runtime path of "/home/ros_dev/workspace/tm_ws/install/tm_rail_interface/lib/libtm_rail_interface__rosidl_generator_py.so" to ""
-- Up-to-date: /home/ros_dev/workspace/tm_ws/install/tm_rail_interface/share/tm_rail_interface/cmake/export_tm_rail_interface__rosidl_generator_cExport.cmake
-- Up-to-date: /home/ros_dev/workspace/tm_ws/install/tm_rail_interface/share/tm_rail_interface/cmake/export_tm_rail_interface__rosidl_generator_cExport-noconfig.cmake
-- Up-to-date: /home/ros_dev/workspace/tm_ws/install/tm_rail_interface/share/tm_rail_interface/cmake/export_tm_rail_interface__rosidl_typesupport_fastrtps_cExport.cmake
-- Up-to-date: /home/ros_dev/workspace/tm_ws/install/tm_rail_interface/share/tm_rail_interface/cmake/export_tm_rail_interface__rosidl_typesupport_fastrtps_cExport-noconfig.cmake
-- Up-to-date: /home/ros_dev/workspace/tm_ws/install/tm_rail_interface/share/tm_rail_interface/cmake/tm_rail_interface__rosidl_typesupport_introspection_cExport.cmake
-- Up-to-date: /home/ros_dev/workspace/tm_ws/install/tm_rail_interface/share/tm_rail_interface/cmake/tm_rail_interface__rosidl_typesupport_introspection_cExport-noconfig.cmake
-- Up-to-date: /home/ros_dev/workspace/tm_ws/install/tm_rail_interface/share/tm_rail_interface/cmake/tm_rail_interface__rosidl_typesupport_cExport.cmake
-- Up-to-date: /home/ros_dev/workspace/tm_ws/install/tm_rail_interface/share/tm_rail_interface/cmake/tm_rail_interface__rosidl_typesupport_cExport-noconfig.cmake
-- Up-to-date: /home/ros_dev/workspace/tm_ws/install/tm_rail_interface/share/tm_rail_interface/cmake/export_tm_rail_interface__rosidl_generator_cppExport.cmake
-- Up-to-date: /home/ros_dev/workspace/tm_ws/install/tm_rail_interface/share/tm_rail_interface/cmake/export_tm_rail_interface__rosidl_typesupport_fastrtps_cppExport.cmake
-- Up-to-date: /home/ros_dev/workspace/tm_ws/install/tm_rail_interface/share/tm_rail_interface/cmake/export_tm_rail_interface__rosidl_typesupport_fastrtps_cppExport-noconfig.cmake
-- Up-to-date: /home/ros_dev/workspace/tm_ws/install/tm_rail_interface/share/tm_rail_interface/cmake/tm_rail_interface__rosidl_typesupport_introspection_cppExport.cmake
-- Up-to-date: /home/ros_dev/workspace/tm_ws/install/tm_rail_interface/share/tm_rail_interface/cmake/tm_rail_interface__rosidl_typesupport_introspection_cppExport-noconfig.cmake
-- Up-to-date: /home/ros_dev/workspace/tm_ws/install/tm_rail_interface/share/tm_rail_interface/cmake/tm_rail_interface__rosidl_typesupport_cppExport.cmake
-- Up-to-date: /home/ros_dev/workspace/tm_ws/install/tm_rail_interface/share/tm_rail_interface/cmake/tm_rail_interface__rosidl_typesupport_cppExport-noconfig.cmake
-- Up-to-date: /home/ros_dev/workspace/tm_ws/install/tm_rail_interface/share/tm_rail_interface/cmake/export_tm_rail_interface__rosidl_generator_pyExport.cmake
-- Up-to-date: /home/ros_dev/workspace/tm_ws/install/tm_rail_interface/share/tm_rail_interface/cmake/export_tm_rail_interface__rosidl_generator_pyExport-noconfig.cmake
