[0.401s] Invoking command in '/home/ros_dev/workspace/tm_ws/build/tm_rail_interface': CMAKE_PREFIX_PATH=${CMAKE_PREFIX_PATH}:/home/ros_dev/workspace/tm_ws/install/tm_rail:/opt/ros/humble /usr/bin/cmake --build /home/ros_dev/workspace/tm_ws/build/tm_rail_interface -- -j18 -l18
[0.445s] -- Found ament_cmake: 1.3.11 (/opt/ros/humble/share/ament_cmake/cmake)
[0.673s] -- Override CMake install command with custom implementation using symlinks instead of copying resources
[0.684s] -- Found rosidl_default_generators: 1.2.0 (/opt/ros/humble/share/rosidl_default_generators/cmake)
[0.686s] -- Using all available rosidl_typesupport_c: rosidl_typesupport_fastrtps_c;rosidl_typesupport_introspection_c
[0.690s] -- Found rosidl_adapter: 3.1.6 (/opt/ros/humble/share/rosidl_adapter/cmake)
[0.731s] -- Using all available rosidl_typesupport_cpp: rosidl_typesupport_fastrtps_cpp;rosidl_typesupport_introspection_cpp
[0.768s] -- Found ament_lint_auto: 0.12.11 (/opt/ros/humble/share/ament_lint_auto/cmake)
[1.215s] -- Found ament_cmake_ros: 0.10.0 (/opt/ros/humble/share/ament_cmake_ros/cmake)
[1.597s] -- Using all available rosidl_typesupport_c: rosidl_typesupport_fastrtps_c;rosidl_typesupport_introspection_c
[2.034s] -- Using all available rosidl_typesupport_cpp: rosidl_typesupport_fastrtps_cpp;rosidl_typesupport_introspection_cpp
[2.071s] -- Found python_cmake_module: 0.10.0 (/opt/ros/humble/share/python_cmake_module/cmake)
[2.107s] -- Using PYTHON_EXECUTABLE: /usr/bin/python3
[2.108s] -- Using PYTHON_INCLUDE_DIRS: /usr/include/python3.10
[2.108s] -- Using PYTHON_LIBRARIES: /usr/lib/x86_64-linux-gnu/libpython3.10.so
[2.143s] -- Added test 'lint_cmake' to check CMake code style
[2.144s] -- Added test 'xmllint' to check XML markup files
[2.149s] -- Configuring done
[2.190s] -- Generating done
[2.211s] -- Build files have been written to: /home/ros_dev/workspace/tm_ws/build/tm_rail_interface
[2.263s] [  2%] [34m[1mGenerating C code for ROS interfaces[0m
[2.283s] [  5%] [34m[1mGenerating C++ code for ROS interfaces[0m
[2.301s] [  5%] Built target ament_cmake_python_symlink_tm_rail_interface
[2.654s] running egg_info
[2.655s] writing tm_rail_interface.egg-info/PKG-INFO
[2.656s] writing dependency_links to tm_rail_interface.egg-info/dependency_links.txt
[2.656s] writing top-level names to tm_rail_interface.egg-info/top_level.txt
[2.660s] reading manifest file 'tm_rail_interface.egg-info/SOURCES.txt'
[2.661s] writing manifest file 'tm_rail_interface.egg-info/SOURCES.txt'
[2.725s] [  5%] Built target ament_cmake_python_build_tm_rail_interface_egg
[2.846s] [  5%] Built target tm_rail_interface__cpp
[2.866s] [  7%] [34m[1mGenerating C++ type support dispatch for ROS interfaces[0m
[2.868s] [ 12%] [34m[1mGenerating C++ introspection for ROS interfaces[0m
[2.868s] [ 12%] [34m[1mGenerating C++ type support for eProsima Fast-RTPS[0m
[2.873s] [35m[1mConsolidate compiler generated dependencies of target tm_rail_interface__rosidl_generator_c[0m
[2.898s] [ 15%] [32mBuilding C object CMakeFiles/tm_rail_interface__rosidl_generator_c.dir/rosidl_generator_c/tm_rail_interface/srv/detail/rail_control__functions.c.o[0m
[2.900s] [ 17%] [32mBuilding C object CMakeFiles/tm_rail_interface__rosidl_generator_c.dir/rosidl_generator_c/tm_rail_interface/msg/detail/status__functions.c.o[0m
[3.064s] [ 20%] [32m[1mLinking C shared library libtm_rail_interface__rosidl_generator_c.so[0m
[3.145s] [ 20%] Built target tm_rail_interface__rosidl_generator_c
[3.165s] [ 23%] [34m[1mGenerating C type support for eProsima Fast-RTPS[0m
[3.171s] [ 25%] [34m[1mGenerating C introspection for ROS interfaces[0m
[3.177s] [ 28%] [34m[1mGenerating C type support dispatch for ROS interfaces[0m
[3.287s] [35m[1mConsolidate compiler generated dependencies of target tm_rail_interface__rosidl_typesupport_introspection_cpp[0m
[3.313s] [ 30%] [32mBuilding CXX object CMakeFiles/tm_rail_interface__rosidl_typesupport_introspection_cpp.dir/rosidl_typesupport_introspection_cpp/tm_rail_interface/msg/detail/status__type_support.cpp.o[0m
[3.314s] [ 33%] [32mBuilding CXX object CMakeFiles/tm_rail_interface__rosidl_typesupport_introspection_cpp.dir/rosidl_typesupport_introspection_cpp/tm_rail_interface/srv/detail/rail_control__type_support.cpp.o[0m
[3.322s] [35m[1mConsolidate compiler generated dependencies of target tm_rail_interface__rosidl_typesupport_fastrtps_cpp[0m
[3.333s] [35m[1mConsolidate compiler generated dependencies of target tm_rail_interface__rosidl_typesupport_cpp[0m
[3.352s] [ 38%] [32mBuilding CXX object CMakeFiles/tm_rail_interface__rosidl_typesupport_fastrtps_cpp.dir/rosidl_typesupport_fastrtps_cpp/tm_rail_interface/srv/detail/dds_fastrtps/rail_control__type_support.cpp.o[0m
[3.353s] [ 38%] [32mBuilding CXX object CMakeFiles/tm_rail_interface__rosidl_typesupport_fastrtps_cpp.dir/rosidl_typesupport_fastrtps_cpp/tm_rail_interface/msg/detail/dds_fastrtps/status__type_support.cpp.o[0m
[3.360s] [ 43%] [32mBuilding CXX object CMakeFiles/tm_rail_interface__rosidl_typesupport_cpp.dir/rosidl_typesupport_cpp/tm_rail_interface/msg/status__type_support.cpp.o[0m
[3.360s] [ 43%] [32mBuilding CXX object CMakeFiles/tm_rail_interface__rosidl_typesupport_cpp.dir/rosidl_typesupport_cpp/tm_rail_interface/srv/rail_control__type_support.cpp.o[0m
[3.707s] [35m[1mConsolidate compiler generated dependencies of target tm_rail_interface__rosidl_typesupport_fastrtps_c[0m
[3.753s] [ 46%] [32mBuilding CXX object CMakeFiles/tm_rail_interface__rosidl_typesupport_fastrtps_c.dir/rosidl_typesupport_fastrtps_c/tm_rail_interface/msg/detail/status__type_support_c.cpp.o[0m
[3.757s] [ 48%] [32mBuilding CXX object CMakeFiles/tm_rail_interface__rosidl_typesupport_fastrtps_c.dir/rosidl_typesupport_fastrtps_c/tm_rail_interface/srv/detail/rail_control__type_support_c.cpp.o[0m
[3.994s] [35m[1mConsolidate compiler generated dependencies of target tm_rail_interface__rosidl_typesupport_c[0m
[4.023s] [ 51%] [32mBuilding CXX object CMakeFiles/tm_rail_interface__rosidl_typesupport_c.dir/rosidl_typesupport_c/tm_rail_interface/srv/rail_control__type_support.cpp.o[0m
[4.037s] [ 53%] [32mBuilding CXX object CMakeFiles/tm_rail_interface__rosidl_typesupport_c.dir/rosidl_typesupport_c/tm_rail_interface/msg/status__type_support.cpp.o[0m
[4.107s] [ 56%] [32m[1mLinking CXX shared library libtm_rail_interface__rosidl_typesupport_c.so[0m
[4.124s] [35m[1mConsolidate compiler generated dependencies of target tm_rail_interface__rosidl_typesupport_introspection_c[0m
[4.147s] [ 61%] [32mBuilding C object CMakeFiles/tm_rail_interface__rosidl_typesupport_introspection_c.dir/rosidl_typesupport_introspection_c/tm_rail_interface/srv/detail/rail_control__type_support.c.o[0m
[4.148s] [ 61%] [32mBuilding C object CMakeFiles/tm_rail_interface__rosidl_typesupport_introspection_c.dir/rosidl_typesupport_introspection_c/tm_rail_interface/msg/detail/status__type_support.c.o[0m
[4.188s] [ 64%] [32m[1mLinking CXX shared library libtm_rail_interface__rosidl_typesupport_cpp.so[0m
[4.188s] [ 64%] Built target tm_rail_interface__rosidl_typesupport_c
[4.229s] [ 66%] [32m[1mLinking C shared library libtm_rail_interface__rosidl_typesupport_introspection_c.so[0m
[4.252s] [ 69%] [32m[1mLinking CXX shared library libtm_rail_interface__rosidl_typesupport_fastrtps_cpp.so[0m
[4.277s] [ 69%] Built target tm_rail_interface__rosidl_typesupport_cpp
[4.307s] [ 69%] Built target tm_rail_interface__rosidl_typesupport_introspection_c
[4.330s] [ 71%] [32m[1mLinking CXX shared library libtm_rail_interface__rosidl_typesupport_introspection_cpp.so[0m
[4.396s] [ 71%] Built target tm_rail_interface__rosidl_typesupport_fastrtps_cpp
[4.443s] [ 71%] Built target tm_rail_interface__rosidl_typesupport_introspection_cpp
[4.511s] [ 74%] [32m[1mLinking CXX shared library libtm_rail_interface__rosidl_typesupport_fastrtps_c.so[0m
[4.635s] [ 74%] Built target tm_rail_interface__rosidl_typesupport_fastrtps_c
[4.676s] [ 74%] Built target tm_rail_interface
[4.719s] [ 76%] [34m[1mGenerating Python code for ROS interfaces[0m
[5.389s] [ 76%] Built target tm_rail_interface__py
[5.410s] [35m[1mConsolidate compiler generated dependencies of target tm_rail_interface__rosidl_generator_py[0m
[5.445s] [ 82%] [32mBuilding C object CMakeFiles/tm_rail_interface__rosidl_generator_py.dir/rosidl_generator_py/tm_rail_interface/msg/_status_s.c.o[0m
[5.446s] [ 82%] [32mBuilding C object CMakeFiles/tm_rail_interface__rosidl_generator_py.dir/rosidl_generator_py/tm_rail_interface/srv/_rail_control_s.c.o[0m
[5.603s] [ 84%] [32m[1mLinking C shared library rosidl_generator_py/tm_rail_interface/libtm_rail_interface__rosidl_generator_py.so[0m
[5.675s] [ 84%] Built target tm_rail_interface__rosidl_generator_py
[5.698s] [35m[1mConsolidate compiler generated dependencies of target tm_rail_interface__rosidl_typesupport_c__pyext[0m
[5.698s] [35m[1mConsolidate compiler generated dependencies of target tm_rail_interface__rosidl_typesupport_introspection_c__pyext[0m
[5.699s] [35m[1mConsolidate compiler generated dependencies of target tm_rail_interface__rosidl_typesupport_fastrtps_c__pyext[0m
[5.720s] [ 87%] [32mBuilding C object CMakeFiles/tm_rail_interface__rosidl_typesupport_fastrtps_c__pyext.dir/rosidl_generator_py/tm_rail_interface/_tm_rail_interface_s.ep.rosidl_typesupport_fastrtps_c.c.o[0m
[5.721s] [ 89%] [32mBuilding C object CMakeFiles/tm_rail_interface__rosidl_typesupport_c__pyext.dir/rosidl_generator_py/tm_rail_interface/_tm_rail_interface_s.ep.rosidl_typesupport_c.c.o[0m
[5.737s] [ 92%] [32mBuilding C object CMakeFiles/tm_rail_interface__rosidl_typesupport_introspection_c__pyext.dir/rosidl_generator_py/tm_rail_interface/_tm_rail_interface_s.ep.rosidl_typesupport_introspection_c.c.o[0m
[5.867s] [ 97%] [32m[1mLinking C shared library rosidl_generator_py/tm_rail_interface/tm_rail_interface_s__rosidl_typesupport_c.cpython-310-x86_64-linux-gnu.so[0m
[5.868s] [ 97%] [32m[1mLinking C shared library rosidl_generator_py/tm_rail_interface/tm_rail_interface_s__rosidl_typesupport_fastrtps_c.cpython-310-x86_64-linux-gnu.so[0m
[5.882s] [100%] [32m[1mLinking C shared library rosidl_generator_py/tm_rail_interface/tm_rail_interface_s__rosidl_typesupport_introspection_c.cpython-310-x86_64-linux-gnu.so[0m
[5.926s] [100%] Built target tm_rail_interface__rosidl_typesupport_c__pyext
[5.926s] [100%] Built target tm_rail_interface__rosidl_typesupport_fastrtps_c__pyext
[5.964s] [100%] Built target tm_rail_interface__rosidl_typesupport_introspection_c__pyext
[5.991s] Invoked command in '/home/ros_dev/workspace/tm_ws/build/tm_rail_interface' returned '0': CMAKE_PREFIX_PATH=${CMAKE_PREFIX_PATH}:/home/ros_dev/workspace/tm_ws/install/tm_rail:/opt/ros/humble /usr/bin/cmake --build /home/ros_dev/workspace/tm_ws/build/tm_rail_interface -- -j18 -l18
[6.010s] Invoking command in '/home/ros_dev/workspace/tm_ws/build/tm_rail_interface': CMAKE_PREFIX_PATH=${CMAKE_PREFIX_PATH}:/home/ros_dev/workspace/tm_ws/install/tm_rail:/opt/ros/humble /usr/bin/cmake --install /home/ros_dev/workspace/tm_ws/build/tm_rail_interface
[6.034s] -- Install configuration: ""
[6.034s] -- Execute custom install script
[6.035s] -- Up-to-date symlink: /home/ros_dev/workspace/tm_ws/install/tm_rail_interface/share/ament_index/resource_index/rosidl_interfaces/tm_rail_interface
[6.035s] -- Up-to-date symlink: /home/ros_dev/workspace/tm_ws/install/tm_rail_interface/include/tm_rail_interface/tm_rail_interface/msg/detail/status__functions.h
[6.036s] -- Up-to-date symlink: /home/ros_dev/workspace/tm_ws/install/tm_rail_interface/include/tm_rail_interface/tm_rail_interface/msg/detail/status__struct.h
[6.036s] -- Up-to-date symlink: /home/ros_dev/workspace/tm_ws/install/tm_rail_interface/include/tm_rail_interface/tm_rail_interface/msg/detail/status__type_support.h
[6.036s] -- Up-to-date symlink: /home/ros_dev/workspace/tm_ws/install/tm_rail_interface/include/tm_rail_interface/tm_rail_interface/msg/rosidl_generator_c__visibility_control.h
[6.036s] -- Up-to-date symlink: /home/ros_dev/workspace/tm_ws/install/tm_rail_interface/include/tm_rail_interface/tm_rail_interface/msg/status.h
[6.036s] -- Up-to-date symlink: /home/ros_dev/workspace/tm_ws/install/tm_rail_interface/include/tm_rail_interface/tm_rail_interface/srv/detail/rail_control__functions.h
[6.037s] -- Up-to-date symlink: /home/ros_dev/workspace/tm_ws/install/tm_rail_interface/include/tm_rail_interface/tm_rail_interface/srv/detail/rail_control__struct.h
[6.037s] -- Up-to-date symlink: /home/ros_dev/workspace/tm_ws/install/tm_rail_interface/include/tm_rail_interface/tm_rail_interface/srv/detail/rail_control__type_support.h
[6.037s] -- Up-to-date symlink: /home/ros_dev/workspace/tm_ws/install/tm_rail_interface/include/tm_rail_interface/tm_rail_interface/srv/rail_control.h
[6.037s] -- Up-to-date symlink: /home/ros_dev/workspace/tm_ws/install/tm_rail_interface/share/tm_rail_interface/environment/library_path.sh
[6.037s] -- Up-to-date symlink: /home/ros_dev/workspace/tm_ws/install/tm_rail_interface/share/tm_rail_interface/environment/library_path.dsv
[6.038s] -- Up-to-date symlink: /home/ros_dev/workspace/tm_ws/install/tm_rail_interface/include/tm_rail_interface/tm_rail_interface/msg/detail/status__rosidl_typesupport_fastrtps_c.h
[6.038s] -- Up-to-date symlink: /home/ros_dev/workspace/tm_ws/install/tm_rail_interface/include/tm_rail_interface/tm_rail_interface/msg/rosidl_typesupport_fastrtps_c__visibility_control.h
[6.038s] -- Up-to-date symlink: /home/ros_dev/workspace/tm_ws/install/tm_rail_interface/include/tm_rail_interface/tm_rail_interface/srv/detail/rail_control__rosidl_typesupport_fastrtps_c.h
[6.038s] -- Up-to-date symlink: /home/ros_dev/workspace/tm_ws/install/tm_rail_interface/include/tm_rail_interface/tm_rail_interface/msg/detail/status__rosidl_typesupport_introspection_c.h
[6.038s] -- Up-to-date symlink: /home/ros_dev/workspace/tm_ws/install/tm_rail_interface/include/tm_rail_interface/tm_rail_interface/msg/rosidl_typesupport_introspection_c__visibility_control.h
[6.039s] -- Up-to-date symlink: /home/ros_dev/workspace/tm_ws/install/tm_rail_interface/include/tm_rail_interface/tm_rail_interface/srv/detail/rail_control__rosidl_typesupport_introspection_c.h
[6.039s] -- Up-to-date symlink: /home/ros_dev/workspace/tm_ws/install/tm_rail_interface/include/tm_rail_interface/tm_rail_interface/msg/detail/status__builder.hpp
[6.040s] -- Up-to-date symlink: /home/ros_dev/workspace/tm_ws/install/tm_rail_interface/include/tm_rail_interface/tm_rail_interface/msg/detail/status__struct.hpp
[6.040s] -- Up-to-date symlink: /home/ros_dev/workspace/tm_ws/install/tm_rail_interface/include/tm_rail_interface/tm_rail_interface/msg/detail/status__traits.hpp
[6.040s] -- Up-to-date symlink: /home/ros_dev/workspace/tm_ws/install/tm_rail_interface/include/tm_rail_interface/tm_rail_interface/msg/detail/status__type_support.hpp
[6.041s] -- Up-to-date symlink: /home/ros_dev/workspace/tm_ws/install/tm_rail_interface/include/tm_rail_interface/tm_rail_interface/msg/rosidl_generator_cpp__visibility_control.hpp
[6.041s] -- Up-to-date symlink: /home/ros_dev/workspace/tm_ws/install/tm_rail_interface/include/tm_rail_interface/tm_rail_interface/msg/status.hpp
[6.041s] -- Up-to-date symlink: /home/ros_dev/workspace/tm_ws/install/tm_rail_interface/include/tm_rail_interface/tm_rail_interface/srv/detail/rail_control__builder.hpp
[6.041s] -- Up-to-date symlink: /home/ros_dev/workspace/tm_ws/install/tm_rail_interface/include/tm_rail_interface/tm_rail_interface/srv/detail/rail_control__struct.hpp
[6.041s] -- Up-to-date symlink: /home/ros_dev/workspace/tm_ws/install/tm_rail_interface/include/tm_rail_interface/tm_rail_interface/srv/detail/rail_control__traits.hpp
[6.042s] -- Up-to-date symlink: /home/ros_dev/workspace/tm_ws/install/tm_rail_interface/include/tm_rail_interface/tm_rail_interface/srv/detail/rail_control__type_support.hpp
[6.042s] -- Up-to-date symlink: /home/ros_dev/workspace/tm_ws/install/tm_rail_interface/include/tm_rail_interface/tm_rail_interface/srv/rail_control.hpp
[6.043s] -- Up-to-date symlink: /home/ros_dev/workspace/tm_ws/install/tm_rail_interface/include/tm_rail_interface/tm_rail_interface/msg/detail/status__rosidl_typesupport_fastrtps_cpp.hpp
[6.044s] -- Up-to-date symlink: /home/ros_dev/workspace/tm_ws/install/tm_rail_interface/include/tm_rail_interface/tm_rail_interface/msg/rosidl_typesupport_fastrtps_cpp__visibility_control.h
[6.044s] -- Up-to-date symlink: /home/ros_dev/workspace/tm_ws/install/tm_rail_interface/include/tm_rail_interface/tm_rail_interface/srv/detail/rail_control__rosidl_typesupport_fastrtps_cpp.hpp
[6.044s] -- Up-to-date symlink: /home/ros_dev/workspace/tm_ws/install/tm_rail_interface/include/tm_rail_interface/tm_rail_interface/msg/detail/status__rosidl_typesupport_introspection_cpp.hpp
[6.045s] -- Up-to-date symlink: /home/ros_dev/workspace/tm_ws/install/tm_rail_interface/include/tm_rail_interface/tm_rail_interface/srv/detail/rail_control__rosidl_typesupport_introspection_cpp.hpp
[6.045s] -- Up-to-date symlink: /home/ros_dev/workspace/tm_ws/install/tm_rail_interface/share/tm_rail_interface/environment/pythonpath.sh
[6.045s] -- Up-to-date symlink: /home/ros_dev/workspace/tm_ws/install/tm_rail_interface/share/tm_rail_interface/environment/pythonpath.dsv
[6.045s] -- Up-to-date symlink: /home/ros_dev/workspace/tm_ws/install/tm_rail_interface/local/lib/python3.10/dist-packages/tm_rail_interface-0.0.0-py3.10.egg-info/PKG-INFO
[6.046s] -- Up-to-date symlink: /home/ros_dev/workspace/tm_ws/install/tm_rail_interface/local/lib/python3.10/dist-packages/tm_rail_interface-0.0.0-py3.10.egg-info/SOURCES.txt
[6.046s] -- Up-to-date symlink: /home/ros_dev/workspace/tm_ws/install/tm_rail_interface/local/lib/python3.10/dist-packages/tm_rail_interface-0.0.0-py3.10.egg-info/dependency_links.txt
[6.046s] -- Up-to-date symlink: /home/ros_dev/workspace/tm_ws/install/tm_rail_interface/local/lib/python3.10/dist-packages/tm_rail_interface-0.0.0-py3.10.egg-info/top_level.txt
[6.046s] -- Up-to-date symlink: /home/ros_dev/workspace/tm_ws/install/tm_rail_interface/local/lib/python3.10/dist-packages/tm_rail_interface/__init__.py
[6.047s] -- Up-to-date symlink: /home/ros_dev/workspace/tm_ws/install/tm_rail_interface/local/lib/python3.10/dist-packages/tm_rail_interface/_tm_rail_interface_s.ep.rosidl_typesupport_c.c
[6.047s] -- Up-to-date symlink: /home/ros_dev/workspace/tm_ws/install/tm_rail_interface/local/lib/python3.10/dist-packages/tm_rail_interface/_tm_rail_interface_s.ep.rosidl_typesupport_fastrtps_c.c
[6.047s] -- Up-to-date symlink: /home/ros_dev/workspace/tm_ws/install/tm_rail_interface/local/lib/python3.10/dist-packages/tm_rail_interface/_tm_rail_interface_s.ep.rosidl_typesupport_introspection_c.c
[6.047s] -- Up-to-date symlink: /home/ros_dev/workspace/tm_ws/install/tm_rail_interface/local/lib/python3.10/dist-packages/tm_rail_interface/libtm_rail_interface__rosidl_generator_py.so
[6.047s] -- Up-to-date symlink: /home/ros_dev/workspace/tm_ws/install/tm_rail_interface/local/lib/python3.10/dist-packages/tm_rail_interface/msg/__init__.py
[6.048s] -- Up-to-date symlink: /home/ros_dev/workspace/tm_ws/install/tm_rail_interface/local/lib/python3.10/dist-packages/tm_rail_interface/msg/_status.py
[6.048s] -- Up-to-date symlink: /home/ros_dev/workspace/tm_ws/install/tm_rail_interface/local/lib/python3.10/dist-packages/tm_rail_interface/msg/_status_s.c
[6.048s] -- Up-to-date symlink: /home/ros_dev/workspace/tm_ws/install/tm_rail_interface/local/lib/python3.10/dist-packages/tm_rail_interface/srv/__init__.py
[6.048s] -- Up-to-date symlink: /home/ros_dev/workspace/tm_ws/install/tm_rail_interface/local/lib/python3.10/dist-packages/tm_rail_interface/srv/_rail_control.py
[6.048s] -- Up-to-date symlink: /home/ros_dev/workspace/tm_ws/install/tm_rail_interface/local/lib/python3.10/dist-packages/tm_rail_interface/srv/_rail_control_s.c
[6.048s] -- Up-to-date symlink: /home/ros_dev/workspace/tm_ws/install/tm_rail_interface/local/lib/python3.10/dist-packages/tm_rail_interface/tm_rail_interface_s__rosidl_typesupport_c.cpython-310-x86_64-linux-gnu.so
[6.048s] -- Up-to-date symlink: /home/ros_dev/workspace/tm_ws/install/tm_rail_interface/local/lib/python3.10/dist-packages/tm_rail_interface/tm_rail_interface_s__rosidl_typesupport_fastrtps_c.cpython-310-x86_64-linux-gnu.so
[6.048s] -- Up-to-date symlink: /home/ros_dev/workspace/tm_ws/install/tm_rail_interface/local/lib/python3.10/dist-packages/tm_rail_interface/tm_rail_interface_s__rosidl_typesupport_introspection_c.cpython-310-x86_64-linux-gnu.so
[6.049s] -- Up-to-date symlink: /home/ros_dev/workspace/tm_ws/install/tm_rail_interface/local/lib/python3.10/dist-packages/tm_rail_interface/tm_rail_interface_s__rosidl_typesupport_fastrtps_c.cpython-310-x86_64-linux-gnu.so
[6.049s] -- Up-to-date symlink: /home/ros_dev/workspace/tm_ws/install/tm_rail_interface/local/lib/python3.10/dist-packages/tm_rail_interface/tm_rail_interface_s__rosidl_typesupport_introspection_c.cpython-310-x86_64-linux-gnu.so
[6.049s] -- Up-to-date symlink: /home/ros_dev/workspace/tm_ws/install/tm_rail_interface/local/lib/python3.10/dist-packages/tm_rail_interface/tm_rail_interface_s__rosidl_typesupport_c.cpython-310-x86_64-linux-gnu.so
[6.049s] -- Up-to-date symlink: /home/ros_dev/workspace/tm_ws/install/tm_rail_interface/share/tm_rail_interface/srv/RailControl.idl
[6.049s] -- Up-to-date symlink: /home/ros_dev/workspace/tm_ws/install/tm_rail_interface/share/tm_rail_interface/msg/Status.idl
[6.049s] -- Up-to-date symlink: /home/ros_dev/workspace/tm_ws/install/tm_rail_interface/share/tm_rail_interface/srv/RailControl.srv
[6.049s] -- Up-to-date symlink: /home/ros_dev/workspace/tm_ws/install/tm_rail_interface/share/tm_rail_interface/srv/RailControl_Request.msg
[6.049s] -- Up-to-date symlink: /home/ros_dev/workspace/tm_ws/install/tm_rail_interface/share/tm_rail_interface/srv/RailControl_Response.msg
[6.050s] -- Up-to-date symlink: /home/ros_dev/workspace/tm_ws/install/tm_rail_interface/share/tm_rail_interface/msg/Status.msg
[6.050s] -- Up-to-date symlink: /home/ros_dev/workspace/tm_ws/install/tm_rail_interface/share/ament_index/resource_index/package_run_dependencies/tm_rail_interface
[6.050s] -- Up-to-date symlink: /home/ros_dev/workspace/tm_ws/install/tm_rail_interface/share/ament_index/resource_index/parent_prefix_path/tm_rail_interface
[6.050s] -- Up-to-date symlink: /home/ros_dev/workspace/tm_ws/install/tm_rail_interface/share/tm_rail_interface/environment/ament_prefix_path.sh
[6.050s] -- Up-to-date symlink: /home/ros_dev/workspace/tm_ws/install/tm_rail_interface/share/tm_rail_interface/environment/ament_prefix_path.dsv
[6.050s] -- Up-to-date symlink: /home/ros_dev/workspace/tm_ws/install/tm_rail_interface/share/tm_rail_interface/environment/path.sh
[6.051s] -- Up-to-date symlink: /home/ros_dev/workspace/tm_ws/install/tm_rail_interface/share/tm_rail_interface/environment/path.dsv
[6.051s] -- Up-to-date symlink: /home/ros_dev/workspace/tm_ws/install/tm_rail_interface/share/tm_rail_interface/local_setup.bash
[6.051s] -- Up-to-date symlink: /home/ros_dev/workspace/tm_ws/install/tm_rail_interface/share/tm_rail_interface/local_setup.sh
[6.051s] -- Up-to-date symlink: /home/ros_dev/workspace/tm_ws/install/tm_rail_interface/share/tm_rail_interface/local_setup.zsh
[6.051s] -- Up-to-date symlink: /home/ros_dev/workspace/tm_ws/install/tm_rail_interface/share/tm_rail_interface/local_setup.dsv
[6.051s] -- Symlinking: /home/ros_dev/workspace/tm_ws/install/tm_rail_interface/share/tm_rail_interface/package.dsv
[6.067s] -- Up-to-date symlink: /home/ros_dev/workspace/tm_ws/install/tm_rail_interface/share/ament_index/resource_index/packages/tm_rail_interface
[6.067s] -- Up-to-date symlink: /home/ros_dev/workspace/tm_ws/install/tm_rail_interface/share/tm_rail_interface/cmake/rosidl_cmake-extras.cmake
[6.068s] -- Up-to-date symlink: /home/ros_dev/workspace/tm_ws/install/tm_rail_interface/share/tm_rail_interface/cmake/ament_cmake_export_include_directories-extras.cmake
[6.068s] -- Up-to-date symlink: /home/ros_dev/workspace/tm_ws/install/tm_rail_interface/share/tm_rail_interface/cmake/ament_cmake_export_libraries-extras.cmake
[6.068s] -- Up-to-date symlink: /home/ros_dev/workspace/tm_ws/install/tm_rail_interface/share/tm_rail_interface/cmake/ament_cmake_export_targets-extras.cmake
[6.068s] -- Up-to-date symlink: /home/ros_dev/workspace/tm_ws/install/tm_rail_interface/share/tm_rail_interface/cmake/rosidl_cmake_export_typesupport_targets-extras.cmake
[6.069s] -- Up-to-date symlink: /home/ros_dev/workspace/tm_ws/install/tm_rail_interface/share/tm_rail_interface/cmake/ament_cmake_export_dependencies-extras.cmake
[6.070s] -- Up-to-date symlink: /home/ros_dev/workspace/tm_ws/install/tm_rail_interface/share/tm_rail_interface/cmake/rosidl_cmake_export_typesupport_libraries-extras.cmake
[6.070s] -- Up-to-date symlink: /home/ros_dev/workspace/tm_ws/install/tm_rail_interface/share/tm_rail_interface/cmake/tm_rail_interfaceConfig.cmake
[6.071s] -- Up-to-date symlink: /home/ros_dev/workspace/tm_ws/install/tm_rail_interface/share/tm_rail_interface/cmake/tm_rail_interfaceConfig-version.cmake
[6.071s] -- Up-to-date symlink: /home/ros_dev/workspace/tm_ws/install/tm_rail_interface/share/tm_rail_interface/package.xml
[6.071s] -- Installing: /home/ros_dev/workspace/tm_ws/install/tm_rail_interface/lib/libtm_rail_interface__rosidl_generator_c.so
[6.071s] -- Set runtime path of "/home/ros_dev/workspace/tm_ws/install/tm_rail_interface/lib/libtm_rail_interface__rosidl_generator_c.so" to ""
[6.071s] -- Installing: /home/ros_dev/workspace/tm_ws/install/tm_rail_interface/lib/libtm_rail_interface__rosidl_typesupport_fastrtps_c.so
[6.071s] -- Set runtime path of "/home/ros_dev/workspace/tm_ws/install/tm_rail_interface/lib/libtm_rail_interface__rosidl_typesupport_fastrtps_c.so" to ""
[6.071s] -- Installing: /home/ros_dev/workspace/tm_ws/install/tm_rail_interface/lib/libtm_rail_interface__rosidl_typesupport_introspection_c.so
[6.071s] -- Set runtime path of "/home/ros_dev/workspace/tm_ws/install/tm_rail_interface/lib/libtm_rail_interface__rosidl_typesupport_introspection_c.so" to ""
[6.071s] -- Installing: /home/ros_dev/workspace/tm_ws/install/tm_rail_interface/lib/libtm_rail_interface__rosidl_typesupport_c.so
[6.072s] -- Set runtime path of "/home/ros_dev/workspace/tm_ws/install/tm_rail_interface/lib/libtm_rail_interface__rosidl_typesupport_c.so" to ""
[6.072s] -- Installing: /home/ros_dev/workspace/tm_ws/install/tm_rail_interface/lib/libtm_rail_interface__rosidl_typesupport_fastrtps_cpp.so
[6.072s] -- Set runtime path of "/home/ros_dev/workspace/tm_ws/install/tm_rail_interface/lib/libtm_rail_interface__rosidl_typesupport_fastrtps_cpp.so" to ""
[6.073s] -- Installing: /home/ros_dev/workspace/tm_ws/install/tm_rail_interface/lib/libtm_rail_interface__rosidl_typesupport_introspection_cpp.so
[6.073s] -- Set runtime path of "/home/ros_dev/workspace/tm_ws/install/tm_rail_interface/lib/libtm_rail_interface__rosidl_typesupport_introspection_cpp.so" to ""
[6.074s] -- Installing: /home/ros_dev/workspace/tm_ws/install/tm_rail_interface/lib/libtm_rail_interface__rosidl_typesupport_cpp.so
[6.074s] -- Set runtime path of "/home/ros_dev/workspace/tm_ws/install/tm_rail_interface/lib/libtm_rail_interface__rosidl_typesupport_cpp.so" to ""
[6.129s] Listing '/home/ros_dev/workspace/tm_ws/install/tm_rail_interface/local/lib/python3.10/dist-packages/tm_rail_interface'...
[6.129s] Compiling '/home/ros_dev/workspace/tm_ws/install/tm_rail_interface/local/lib/python3.10/dist-packages/tm_rail_interface/__init__.py'...
[6.130s] Listing '/home/ros_dev/workspace/tm_ws/install/tm_rail_interface/local/lib/python3.10/dist-packages/tm_rail_interface/msg'...
[6.130s] Compiling '/home/ros_dev/workspace/tm_ws/install/tm_rail_interface/local/lib/python3.10/dist-packages/tm_rail_interface/msg/__init__.py'...
[6.130s] Compiling '/home/ros_dev/workspace/tm_ws/install/tm_rail_interface/local/lib/python3.10/dist-packages/tm_rail_interface/msg/_status.py'...
[6.130s] Listing '/home/ros_dev/workspace/tm_ws/install/tm_rail_interface/local/lib/python3.10/dist-packages/tm_rail_interface/srv'...
[6.130s] Compiling '/home/ros_dev/workspace/tm_ws/install/tm_rail_interface/local/lib/python3.10/dist-packages/tm_rail_interface/srv/__init__.py'...
[6.130s] Compiling '/home/ros_dev/workspace/tm_ws/install/tm_rail_interface/local/lib/python3.10/dist-packages/tm_rail_interface/srv/_rail_control.py'...
[6.139s] -- Installing: /home/ros_dev/workspace/tm_ws/install/tm_rail_interface/lib/libtm_rail_interface__rosidl_generator_py.so
[6.140s] -- Set runtime path of "/home/ros_dev/workspace/tm_ws/install/tm_rail_interface/lib/libtm_rail_interface__rosidl_generator_py.so" to ""
[6.140s] -- Up-to-date: /home/ros_dev/workspace/tm_ws/install/tm_rail_interface/share/tm_rail_interface/cmake/export_tm_rail_interface__rosidl_generator_cExport.cmake
[6.141s] -- Up-to-date: /home/ros_dev/workspace/tm_ws/install/tm_rail_interface/share/tm_rail_interface/cmake/export_tm_rail_interface__rosidl_generator_cExport-noconfig.cmake
[6.141s] -- Up-to-date: /home/ros_dev/workspace/tm_ws/install/tm_rail_interface/share/tm_rail_interface/cmake/export_tm_rail_interface__rosidl_typesupport_fastrtps_cExport.cmake
[6.141s] -- Up-to-date: /home/ros_dev/workspace/tm_ws/install/tm_rail_interface/share/tm_rail_interface/cmake/export_tm_rail_interface__rosidl_typesupport_fastrtps_cExport-noconfig.cmake
[6.142s] -- Up-to-date: /home/ros_dev/workspace/tm_ws/install/tm_rail_interface/share/tm_rail_interface/cmake/tm_rail_interface__rosidl_typesupport_introspection_cExport.cmake
[6.142s] -- Up-to-date: /home/ros_dev/workspace/tm_ws/install/tm_rail_interface/share/tm_rail_interface/cmake/tm_rail_interface__rosidl_typesupport_introspection_cExport-noconfig.cmake
[6.142s] -- Up-to-date: /home/ros_dev/workspace/tm_ws/install/tm_rail_interface/share/tm_rail_interface/cmake/tm_rail_interface__rosidl_typesupport_cExport.cmake
[6.142s] -- Up-to-date: /home/ros_dev/workspace/tm_ws/install/tm_rail_interface/share/tm_rail_interface/cmake/tm_rail_interface__rosidl_typesupport_cExport-noconfig.cmake
[6.142s] -- Up-to-date: /home/ros_dev/workspace/tm_ws/install/tm_rail_interface/share/tm_rail_interface/cmake/export_tm_rail_interface__rosidl_generator_cppExport.cmake
[6.142s] -- Up-to-date: /home/ros_dev/workspace/tm_ws/install/tm_rail_interface/share/tm_rail_interface/cmake/export_tm_rail_interface__rosidl_typesupport_fastrtps_cppExport.cmake
[6.142s] -- Up-to-date: /home/ros_dev/workspace/tm_ws/install/tm_rail_interface/share/tm_rail_interface/cmake/export_tm_rail_interface__rosidl_typesupport_fastrtps_cppExport-noconfig.cmake
[6.142s] -- Up-to-date: /home/ros_dev/workspace/tm_ws/install/tm_rail_interface/share/tm_rail_interface/cmake/tm_rail_interface__rosidl_typesupport_introspection_cppExport.cmake
[6.142s] -- Up-to-date: /home/ros_dev/workspace/tm_ws/install/tm_rail_interface/share/tm_rail_interface/cmake/tm_rail_interface__rosidl_typesupport_introspection_cppExport-noconfig.cmake
[6.142s] -- Up-to-date: /home/ros_dev/workspace/tm_ws/install/tm_rail_interface/share/tm_rail_interface/cmake/tm_rail_interface__rosidl_typesupport_cppExport.cmake
[6.142s] -- Up-to-date: /home/ros_dev/workspace/tm_ws/install/tm_rail_interface/share/tm_rail_interface/cmake/tm_rail_interface__rosidl_typesupport_cppExport-noconfig.cmake
[6.142s] -- Up-to-date: /home/ros_dev/workspace/tm_ws/install/tm_rail_interface/share/tm_rail_interface/cmake/export_tm_rail_interface__rosidl_generator_pyExport.cmake
[6.142s] -- Up-to-date: /home/ros_dev/workspace/tm_ws/install/tm_rail_interface/share/tm_rail_interface/cmake/export_tm_rail_interface__rosidl_generator_pyExport-noconfig.cmake
[6.147s] Invoked command in '/home/ros_dev/workspace/tm_ws/build/tm_rail_interface' returned '0': CMAKE_PREFIX_PATH=${CMAKE_PREFIX_PATH}:/home/ros_dev/workspace/tm_ws/install/tm_rail:/opt/ros/humble /usr/bin/cmake --install /home/ros_dev/workspace/tm_ws/build/tm_rail_interface
