[0.622s] Invoking command in '/home/ros_dev/workspace/tm_ws/build/tm_rail_interface': CMAKE_PREFIX_PATH=${CMAKE_PREFIX_PATH}:/home/ros_dev/workspace/tm_ws/install/tm_rail:/opt/ros/humble /usr/bin/cmake /home/ros_dev/workspace/tm_ws/src/tm_rail_interface -DAMENT_CMAKE_SYMLINK_INSTALL=1 -DCMAKE_INSTALL_PREFIX=/home/ros_dev/workspace/tm_ws/install/tm_rail_interface
[0.734s] -- The C compiler identification is GNU 11.4.0
[0.844s] -- The CXX compiler identification is GNU 11.4.0
[0.861s] -- Detecting C compiler ABI info
[1.015s] -- Detecting C compiler ABI info - done
[1.025s] -- Check for working C compiler: /usr/bin/cc - skipped
[1.026s] -- Detecting C compile features
[1.026s] -- Detecting C compile features - done
[1.031s] -- Detecting CXX compiler ABI info
[1.268s] -- Detecting CXX compiler ABI info - done
[1.294s] -- Check for working CXX compiler: /usr/bin/c++ - skipped
[1.295s] -- Detecting CXX compile features
[1.296s] -- Detecting CXX compile features - done
[1.306s] -- Found ament_cmake: 1.3.11 (/opt/ros/humble/share/ament_cmake/cmake)
[1.665s] -- Found Python3: /usr/bin/python3 (found version "3.10.12") found components: Interpreter 
[1.844s] -- Override CMake install command with custom implementation using symlinks instead of copying resources
[1.897s] -- Found rosidl_default_generators: 1.2.0 (/opt/ros/humble/share/rosidl_default_generators/cmake)
[1.901s] -- Using all available rosidl_typesupport_c: rosidl_typesupport_fastrtps_c;rosidl_typesupport_introspection_c
[1.918s] -- Found rosidl_adapter: 3.1.6 (/opt/ros/humble/share/rosidl_adapter/cmake)
[1.984s] -- Using all available rosidl_typesupport_cpp: rosidl_typesupport_fastrtps_cpp;rosidl_typesupport_introspection_cpp
[2.038s] -- Found ament_lint_auto: 0.12.11 (/opt/ros/humble/share/ament_lint_auto/cmake)
[2.562s] -- Found ament_cmake_ros: 0.10.0 (/opt/ros/humble/share/ament_cmake_ros/cmake)
[2.954s] -- Using all available rosidl_typesupport_c: rosidl_typesupport_fastrtps_c;rosidl_typesupport_introspection_c
[3.360s] -- Using all available rosidl_typesupport_cpp: rosidl_typesupport_fastrtps_cpp;rosidl_typesupport_introspection_cpp
[3.397s] -- Found PythonInterp: /usr/bin/python3 (found suitable version "3.10.12", minimum required is "3.6") 
[3.400s] -- Found python_cmake_module: 0.10.0 (/opt/ros/humble/share/python_cmake_module/cmake)
[3.446s] -- Found PythonLibs: /usr/lib/x86_64-linux-gnu/libpython3.10.so (found suitable version "3.10.12", minimum required is "3.5") 
[3.446s] -- Using PYTHON_EXECUTABLE: /usr/bin/python3
[3.446s] -- Using PYTHON_INCLUDE_DIRS: /usr/include/python3.10
[3.447s] -- Using PYTHON_LIBRARIES: /usr/lib/x86_64-linux-gnu/libpython3.10.so
[3.483s] -- Found PythonExtra: .so  
[3.541s] -- Added test 'lint_cmake' to check CMake code style
[3.542s] -- Added test 'xmllint' to check XML markup files
[3.549s] -- Configuring done
[3.593s] -- Generating done
[3.606s] -- Build files have been written to: /home/ros_dev/workspace/tm_ws/build/tm_rail_interface
[3.620s] Invoked command in '/home/ros_dev/workspace/tm_ws/build/tm_rail_interface' returned '0': CMAKE_PREFIX_PATH=${CMAKE_PREFIX_PATH}:/home/ros_dev/workspace/tm_ws/install/tm_rail:/opt/ros/humble /usr/bin/cmake /home/ros_dev/workspace/tm_ws/src/tm_rail_interface -DAMENT_CMAKE_SYMLINK_INSTALL=1 -DCMAKE_INSTALL_PREFIX=/home/ros_dev/workspace/tm_ws/install/tm_rail_interface
[3.626s] Invoking command in '/home/ros_dev/workspace/tm_ws/build/tm_rail_interface': CMAKE_PREFIX_PATH=${CMAKE_PREFIX_PATH}:/home/ros_dev/workspace/tm_ws/install/tm_rail:/opt/ros/humble /usr/bin/cmake --build /home/ros_dev/workspace/tm_ws/build/tm_rail_interface -- -j18 -l18
[3.701s] [  2%] [34m[1mGenerating C code for ROS interfaces[0m
[3.718s] [  5%] [34m[1mGenerating C++ code for ROS interfaces[0m
[3.737s] [  5%] Built target ament_cmake_python_symlink_tm_rail_interface
[4.089s] running egg_info
[4.090s] creating tm_rail_interface.egg-info
[4.091s] writing tm_rail_interface.egg-info/PKG-INFO
[4.091s] writing dependency_links to tm_rail_interface.egg-info/dependency_links.txt
[4.092s] writing top-level names to tm_rail_interface.egg-info/top_level.txt
[4.092s] writing manifest file 'tm_rail_interface.egg-info/SOURCES.txt'
[4.095s] reading manifest file 'tm_rail_interface.egg-info/SOURCES.txt'
[4.096s] writing manifest file 'tm_rail_interface.egg-info/SOURCES.txt'
[4.150s] [  5%] Built target ament_cmake_python_build_tm_rail_interface_egg
[4.216s] [  7%] [32mBuilding C object CMakeFiles/tm_rail_interface__rosidl_generator_c.dir/rosidl_generator_c/tm_rail_interface/srv/detail/rail_control__functions.c.o[0m
[4.228s] [ 10%] [32mBuilding C object CMakeFiles/tm_rail_interface__rosidl_generator_c.dir/rosidl_generator_c/tm_rail_interface/msg/detail/status__functions.c.o[0m
[4.253s] [ 10%] Built target tm_rail_interface__cpp
[4.271s] [ 15%] [34m[1mGenerating C++ type support dispatch for ROS interfaces[0m
[4.271s] [ 15%] [34m[1mGenerating C++ type support for eProsima Fast-RTPS[0m
[4.277s] [ 17%] [34m[1mGenerating C++ introspection for ROS interfaces[0m
[4.346s] [ 20%] [32m[1mLinking C shared library libtm_rail_interface__rosidl_generator_c.so[0m
[4.416s] [ 20%] Built target tm_rail_interface__rosidl_generator_c
[4.436s] [ 23%] [34m[1mGenerating C introspection for ROS interfaces[0m
[4.442s] [ 25%] [34m[1mGenerating C type support dispatch for ROS interfaces[0m
[4.445s] [ 28%] [34m[1mGenerating C type support for eProsima Fast-RTPS[0m
[4.720s] [ 30%] [32mBuilding CXX object CMakeFiles/tm_rail_interface__rosidl_typesupport_cpp.dir/rosidl_typesupport_cpp/tm_rail_interface/srv/rail_control__type_support.cpp.o[0m
[4.727s] [ 33%] [32mBuilding CXX object CMakeFiles/tm_rail_interface__rosidl_typesupport_cpp.dir/rosidl_typesupport_cpp/tm_rail_interface/msg/status__type_support.cpp.o[0m
[4.910s] [ 35%] [32mBuilding C object CMakeFiles/tm_rail_interface__rosidl_typesupport_introspection_c.dir/rosidl_typesupport_introspection_c/tm_rail_interface/srv/detail/rail_control__type_support.c.o[0m
[4.916s] [ 38%] [32mBuilding C object CMakeFiles/tm_rail_interface__rosidl_typesupport_introspection_c.dir/rosidl_typesupport_introspection_c/tm_rail_interface/msg/detail/status__type_support.c.o[0m
[4.958s] [ 41%] [32mBuilding CXX object CMakeFiles/tm_rail_interface__rosidl_typesupport_introspection_cpp.dir/rosidl_typesupport_introspection_cpp/tm_rail_interface/srv/detail/rail_control__type_support.cpp.o[0m
[4.963s] [ 43%] [32mBuilding CXX object CMakeFiles/tm_rail_interface__rosidl_typesupport_introspection_cpp.dir/rosidl_typesupport_introspection_cpp/tm_rail_interface/msg/detail/status__type_support.cpp.o[0m
[4.977s] [ 46%] [32mBuilding CXX object CMakeFiles/tm_rail_interface__rosidl_typesupport_c.dir/rosidl_typesupport_c/tm_rail_interface/msg/status__type_support.cpp.o[0m
[4.981s] [ 48%] [32mBuilding CXX object CMakeFiles/tm_rail_interface__rosidl_typesupport_c.dir/rosidl_typesupport_c/tm_rail_interface/srv/rail_control__type_support.cpp.o[0m
[5.003s] [ 51%] [32m[1mLinking C shared library libtm_rail_interface__rosidl_typesupport_introspection_c.so[0m
[5.066s] [ 51%] Built target tm_rail_interface__rosidl_typesupport_introspection_c
[5.067s] [ 53%] [32m[1mLinking CXX shared library libtm_rail_interface__rosidl_typesupport_c.so[0m
[5.087s] [ 58%] [32mBuilding CXX object CMakeFiles/tm_rail_interface__rosidl_typesupport_fastrtps_c.dir/rosidl_typesupport_fastrtps_c/tm_rail_interface/msg/detail/status__type_support_c.cpp.o[0m
[5.088s] [ 58%] [32mBuilding CXX object CMakeFiles/tm_rail_interface__rosidl_typesupport_fastrtps_c.dir/rosidl_typesupport_fastrtps_c/tm_rail_interface/srv/detail/rail_control__type_support_c.cpp.o[0m
[5.139s] [ 61%] [32m[1mLinking CXX shared library libtm_rail_interface__rosidl_typesupport_cpp.so[0m
[5.152s] [ 61%] Built target tm_rail_interface__rosidl_typesupport_c
[5.220s] [ 61%] Built target tm_rail_interface__rosidl_typesupport_cpp
[5.266s] [ 64%] [32mBuilding CXX object CMakeFiles/tm_rail_interface__rosidl_typesupport_fastrtps_cpp.dir/rosidl_typesupport_fastrtps_cpp/tm_rail_interface/srv/detail/dds_fastrtps/rail_control__type_support.cpp.o[0m
[5.274s] [ 66%] [32mBuilding CXX object CMakeFiles/tm_rail_interface__rosidl_typesupport_fastrtps_cpp.dir/rosidl_typesupport_fastrtps_cpp/tm_rail_interface/msg/detail/dds_fastrtps/status__type_support.cpp.o[0m
[5.741s] [ 69%] [32m[1mLinking CXX shared library libtm_rail_interface__rosidl_typesupport_introspection_cpp.so[0m
[5.868s] [ 69%] Built target tm_rail_interface__rosidl_typesupport_introspection_cpp
[5.927s] [ 71%] [32m[1mLinking CXX shared library libtm_rail_interface__rosidl_typesupport_fastrtps_c.so[0m
[6.057s] [ 71%] Built target tm_rail_interface__rosidl_typesupport_fastrtps_c
[6.066s] [ 74%] [32m[1mLinking CXX shared library libtm_rail_interface__rosidl_typesupport_fastrtps_cpp.so[0m
[6.192s] [ 74%] Built target tm_rail_interface__rosidl_typesupport_fastrtps_cpp
[6.232s] [ 74%] Built target tm_rail_interface
[6.278s] [ 76%] [34m[1mGenerating Python code for ROS interfaces[0m
[6.910s] [ 76%] Built target tm_rail_interface__py
[6.954s] [ 82%] [32mBuilding C object CMakeFiles/tm_rail_interface__rosidl_generator_py.dir/rosidl_generator_py/tm_rail_interface/msg/_status_s.c.o[0m
[6.954s] [ 82%] [32mBuilding C object CMakeFiles/tm_rail_interface__rosidl_generator_py.dir/rosidl_generator_py/tm_rail_interface/srv/_rail_control_s.c.o[0m
[7.110s] [ 84%] [32m[1mLinking C shared library rosidl_generator_py/tm_rail_interface/libtm_rail_interface__rosidl_generator_py.so[0m
[7.182s] [ 84%] Built target tm_rail_interface__rosidl_generator_py
[7.219s] [ 87%] [32mBuilding C object CMakeFiles/tm_rail_interface__rosidl_typesupport_fastrtps_c__pyext.dir/rosidl_generator_py/tm_rail_interface/_tm_rail_interface_s.ep.rosidl_typesupport_fastrtps_c.c.o[0m
[7.219s] [ 89%] [32mBuilding C object CMakeFiles/tm_rail_interface__rosidl_typesupport_c__pyext.dir/rosidl_generator_py/tm_rail_interface/_tm_rail_interface_s.ep.rosidl_typesupport_c.c.o[0m
[7.219s] [ 92%] [32mBuilding C object CMakeFiles/tm_rail_interface__rosidl_typesupport_introspection_c__pyext.dir/rosidl_generator_py/tm_rail_interface/_tm_rail_interface_s.ep.rosidl_typesupport_introspection_c.c.o[0m
[7.356s] [ 97%] [32m[1mLinking C shared library rosidl_generator_py/tm_rail_interface/tm_rail_interface_s__rosidl_typesupport_introspection_c.cpython-310-x86_64-linux-gnu.so[0m
[7.356s] [ 97%] [32m[1mLinking C shared library rosidl_generator_py/tm_rail_interface/tm_rail_interface_s__rosidl_typesupport_c.cpython-310-x86_64-linux-gnu.so[0m
[7.360s] [100%] [32m[1mLinking C shared library rosidl_generator_py/tm_rail_interface/tm_rail_interface_s__rosidl_typesupport_fastrtps_c.cpython-310-x86_64-linux-gnu.so[0m
[7.420s] [100%] Built target tm_rail_interface__rosidl_typesupport_c__pyext
[7.421s] [100%] Built target tm_rail_interface__rosidl_typesupport_introspection_c__pyext
[7.432s] [100%] Built target tm_rail_interface__rosidl_typesupport_fastrtps_c__pyext
[7.462s] Invoked command in '/home/ros_dev/workspace/tm_ws/build/tm_rail_interface' returned '0': CMAKE_PREFIX_PATH=${CMAKE_PREFIX_PATH}:/home/ros_dev/workspace/tm_ws/install/tm_rail:/opt/ros/humble /usr/bin/cmake --build /home/ros_dev/workspace/tm_ws/build/tm_rail_interface -- -j18 -l18
[7.482s] Invoking command in '/home/ros_dev/workspace/tm_ws/build/tm_rail_interface': CMAKE_PREFIX_PATH=${CMAKE_PREFIX_PATH}:/home/ros_dev/workspace/tm_ws/install/tm_rail:/opt/ros/humble /usr/bin/cmake --install /home/ros_dev/workspace/tm_ws/build/tm_rail_interface
[7.499s] -- Install configuration: ""
[7.500s] -- Execute custom install script
[7.500s] -- Symlinking: /home/ros_dev/workspace/tm_ws/install/tm_rail_interface/share/ament_index/resource_index/rosidl_interfaces/tm_rail_interface
[7.520s] -- Symlinking: /home/ros_dev/workspace/tm_ws/install/tm_rail_interface/include/tm_rail_interface/tm_rail_interface/msg/detail/status__functions.h
[7.538s] -- Symlinking: /home/ros_dev/workspace/tm_ws/install/tm_rail_interface/include/tm_rail_interface/tm_rail_interface/msg/detail/status__struct.h
[7.552s] -- Symlinking: /home/ros_dev/workspace/tm_ws/install/tm_rail_interface/include/tm_rail_interface/tm_rail_interface/msg/detail/status__type_support.h
[7.566s] -- Symlinking: /home/ros_dev/workspace/tm_ws/install/tm_rail_interface/include/tm_rail_interface/tm_rail_interface/msg/rosidl_generator_c__visibility_control.h
[7.584s] -- Symlinking: /home/ros_dev/workspace/tm_ws/install/tm_rail_interface/include/tm_rail_interface/tm_rail_interface/msg/status.h
[7.600s] -- Symlinking: /home/ros_dev/workspace/tm_ws/install/tm_rail_interface/include/tm_rail_interface/tm_rail_interface/srv/detail/rail_control__functions.h
[7.613s] -- Symlinking: /home/ros_dev/workspace/tm_ws/install/tm_rail_interface/include/tm_rail_interface/tm_rail_interface/srv/detail/rail_control__struct.h
[7.628s] -- Symlinking: /home/ros_dev/workspace/tm_ws/install/tm_rail_interface/include/tm_rail_interface/tm_rail_interface/srv/detail/rail_control__type_support.h
[7.648s] -- Symlinking: /home/ros_dev/workspace/tm_ws/install/tm_rail_interface/include/tm_rail_interface/tm_rail_interface/srv/rail_control.h
[7.664s] -- Symlinking: /home/ros_dev/workspace/tm_ws/install/tm_rail_interface/share/tm_rail_interface/environment/library_path.sh
[7.681s] -- Symlinking: /home/ros_dev/workspace/tm_ws/install/tm_rail_interface/share/tm_rail_interface/environment/library_path.dsv
[7.699s] -- Symlinking: /home/ros_dev/workspace/tm_ws/install/tm_rail_interface/include/tm_rail_interface/tm_rail_interface/msg/detail/status__rosidl_typesupport_fastrtps_c.h
[7.723s] -- Symlinking: /home/ros_dev/workspace/tm_ws/install/tm_rail_interface/include/tm_rail_interface/tm_rail_interface/msg/rosidl_typesupport_fastrtps_c__visibility_control.h
[7.745s] -- Symlinking: /home/ros_dev/workspace/tm_ws/install/tm_rail_interface/include/tm_rail_interface/tm_rail_interface/srv/detail/rail_control__rosidl_typesupport_fastrtps_c.h
[7.762s] -- Symlinking: /home/ros_dev/workspace/tm_ws/install/tm_rail_interface/include/tm_rail_interface/tm_rail_interface/msg/detail/status__rosidl_typesupport_introspection_c.h
[7.780s] -- Symlinking: /home/ros_dev/workspace/tm_ws/install/tm_rail_interface/include/tm_rail_interface/tm_rail_interface/msg/rosidl_typesupport_introspection_c__visibility_control.h
[7.798s] -- Symlinking: /home/ros_dev/workspace/tm_ws/install/tm_rail_interface/include/tm_rail_interface/tm_rail_interface/srv/detail/rail_control__rosidl_typesupport_introspection_c.h
[7.817s] -- Symlinking: /home/ros_dev/workspace/tm_ws/install/tm_rail_interface/include/tm_rail_interface/tm_rail_interface/msg/detail/status__builder.hpp
[7.842s] -- Symlinking: /home/ros_dev/workspace/tm_ws/install/tm_rail_interface/include/tm_rail_interface/tm_rail_interface/msg/detail/status__struct.hpp
[7.857s] -- Symlinking: /home/ros_dev/workspace/tm_ws/install/tm_rail_interface/include/tm_rail_interface/tm_rail_interface/msg/detail/status__traits.hpp
[7.873s] -- Symlinking: /home/ros_dev/workspace/tm_ws/install/tm_rail_interface/include/tm_rail_interface/tm_rail_interface/msg/detail/status__type_support.hpp
[7.888s] -- Symlinking: /home/ros_dev/workspace/tm_ws/install/tm_rail_interface/include/tm_rail_interface/tm_rail_interface/msg/rosidl_generator_cpp__visibility_control.hpp
[7.904s] -- Symlinking: /home/ros_dev/workspace/tm_ws/install/tm_rail_interface/include/tm_rail_interface/tm_rail_interface/msg/status.hpp
[7.924s] -- Symlinking: /home/ros_dev/workspace/tm_ws/install/tm_rail_interface/include/tm_rail_interface/tm_rail_interface/srv/detail/rail_control__builder.hpp
[7.944s] -- Symlinking: /home/ros_dev/workspace/tm_ws/install/tm_rail_interface/include/tm_rail_interface/tm_rail_interface/srv/detail/rail_control__struct.hpp
[7.961s] -- Symlinking: /home/ros_dev/workspace/tm_ws/install/tm_rail_interface/include/tm_rail_interface/tm_rail_interface/srv/detail/rail_control__traits.hpp
[7.977s] -- Symlinking: /home/ros_dev/workspace/tm_ws/install/tm_rail_interface/include/tm_rail_interface/tm_rail_interface/srv/detail/rail_control__type_support.hpp
[7.993s] -- Symlinking: /home/ros_dev/workspace/tm_ws/install/tm_rail_interface/include/tm_rail_interface/tm_rail_interface/srv/rail_control.hpp
[8.009s] -- Symlinking: /home/ros_dev/workspace/tm_ws/install/tm_rail_interface/include/tm_rail_interface/tm_rail_interface/msg/detail/status__rosidl_typesupport_fastrtps_cpp.hpp
[8.023s] -- Symlinking: /home/ros_dev/workspace/tm_ws/install/tm_rail_interface/include/tm_rail_interface/tm_rail_interface/msg/rosidl_typesupport_fastrtps_cpp__visibility_control.h
[8.045s] -- Symlinking: /home/ros_dev/workspace/tm_ws/install/tm_rail_interface/include/tm_rail_interface/tm_rail_interface/srv/detail/rail_control__rosidl_typesupport_fastrtps_cpp.hpp
[8.066s] -- Symlinking: /home/ros_dev/workspace/tm_ws/install/tm_rail_interface/include/tm_rail_interface/tm_rail_interface/msg/detail/status__rosidl_typesupport_introspection_cpp.hpp
[8.083s] -- Symlinking: /home/ros_dev/workspace/tm_ws/install/tm_rail_interface/include/tm_rail_interface/tm_rail_interface/srv/detail/rail_control__rosidl_typesupport_introspection_cpp.hpp
[8.099s] -- Symlinking: /home/ros_dev/workspace/tm_ws/install/tm_rail_interface/share/tm_rail_interface/environment/pythonpath.sh
[8.117s] -- Symlinking: /home/ros_dev/workspace/tm_ws/install/tm_rail_interface/share/tm_rail_interface/environment/pythonpath.dsv
[8.136s] -- Symlinking: /home/ros_dev/workspace/tm_ws/install/tm_rail_interface/local/lib/python3.10/dist-packages/tm_rail_interface-0.0.0-py3.10.egg-info/PKG-INFO
[8.151s] -- Symlinking: /home/ros_dev/workspace/tm_ws/install/tm_rail_interface/local/lib/python3.10/dist-packages/tm_rail_interface-0.0.0-py3.10.egg-info/SOURCES.txt
[8.167s] -- Symlinking: /home/ros_dev/workspace/tm_ws/install/tm_rail_interface/local/lib/python3.10/dist-packages/tm_rail_interface-0.0.0-py3.10.egg-info/dependency_links.txt
[8.184s] -- Symlinking: /home/ros_dev/workspace/tm_ws/install/tm_rail_interface/local/lib/python3.10/dist-packages/tm_rail_interface-0.0.0-py3.10.egg-info/top_level.txt
[8.201s] -- Symlinking: /home/ros_dev/workspace/tm_ws/install/tm_rail_interface/local/lib/python3.10/dist-packages/tm_rail_interface/__init__.py
[8.217s] -- Symlinking: /home/ros_dev/workspace/tm_ws/install/tm_rail_interface/local/lib/python3.10/dist-packages/tm_rail_interface/_tm_rail_interface_s.ep.rosidl_typesupport_c.c
[8.232s] -- Symlinking: /home/ros_dev/workspace/tm_ws/install/tm_rail_interface/local/lib/python3.10/dist-packages/tm_rail_interface/_tm_rail_interface_s.ep.rosidl_typesupport_fastrtps_c.c
[8.247s] -- Symlinking: /home/ros_dev/workspace/tm_ws/install/tm_rail_interface/local/lib/python3.10/dist-packages/tm_rail_interface/_tm_rail_interface_s.ep.rosidl_typesupport_introspection_c.c
[8.262s] -- Symlinking: /home/ros_dev/workspace/tm_ws/install/tm_rail_interface/local/lib/python3.10/dist-packages/tm_rail_interface/libtm_rail_interface__rosidl_generator_py.so
[8.277s] -- Symlinking: /home/ros_dev/workspace/tm_ws/install/tm_rail_interface/local/lib/python3.10/dist-packages/tm_rail_interface/msg/__init__.py
[8.298s] -- Symlinking: /home/ros_dev/workspace/tm_ws/install/tm_rail_interface/local/lib/python3.10/dist-packages/tm_rail_interface/msg/_status.py
[8.313s] -- Symlinking: /home/ros_dev/workspace/tm_ws/install/tm_rail_interface/local/lib/python3.10/dist-packages/tm_rail_interface/msg/_status_s.c
[8.327s] -- Symlinking: /home/ros_dev/workspace/tm_ws/install/tm_rail_interface/local/lib/python3.10/dist-packages/tm_rail_interface/srv/__init__.py
[8.349s] -- Symlinking: /home/ros_dev/workspace/tm_ws/install/tm_rail_interface/local/lib/python3.10/dist-packages/tm_rail_interface/srv/_rail_control.py
[8.366s] -- Symlinking: /home/ros_dev/workspace/tm_ws/install/tm_rail_interface/local/lib/python3.10/dist-packages/tm_rail_interface/srv/_rail_control_s.c
[8.382s] -- Symlinking: /home/ros_dev/workspace/tm_ws/install/tm_rail_interface/local/lib/python3.10/dist-packages/tm_rail_interface/tm_rail_interface_s__rosidl_typesupport_c.cpython-310-x86_64-linux-gnu.so
[8.400s] -- Symlinking: /home/ros_dev/workspace/tm_ws/install/tm_rail_interface/local/lib/python3.10/dist-packages/tm_rail_interface/tm_rail_interface_s__rosidl_typesupport_fastrtps_c.cpython-310-x86_64-linux-gnu.so
[8.418s] -- Symlinking: /home/ros_dev/workspace/tm_ws/install/tm_rail_interface/local/lib/python3.10/dist-packages/tm_rail_interface/tm_rail_interface_s__rosidl_typesupport_introspection_c.cpython-310-x86_64-linux-gnu.so
[8.435s] -- Up-to-date symlink: /home/ros_dev/workspace/tm_ws/install/tm_rail_interface/local/lib/python3.10/dist-packages/tm_rail_interface/tm_rail_interface_s__rosidl_typesupport_fastrtps_c.cpython-310-x86_64-linux-gnu.so
[8.436s] -- Up-to-date symlink: /home/ros_dev/workspace/tm_ws/install/tm_rail_interface/local/lib/python3.10/dist-packages/tm_rail_interface/tm_rail_interface_s__rosidl_typesupport_introspection_c.cpython-310-x86_64-linux-gnu.so
[8.436s] -- Up-to-date symlink: /home/ros_dev/workspace/tm_ws/install/tm_rail_interface/local/lib/python3.10/dist-packages/tm_rail_interface/tm_rail_interface_s__rosidl_typesupport_c.cpython-310-x86_64-linux-gnu.so
[8.438s] -- Symlinking: /home/ros_dev/workspace/tm_ws/install/tm_rail_interface/share/tm_rail_interface/srv/RailControl.idl
[8.463s] -- Symlinking: /home/ros_dev/workspace/tm_ws/install/tm_rail_interface/share/tm_rail_interface/msg/Status.idl
[8.488s] -- Symlinking: /home/ros_dev/workspace/tm_ws/install/tm_rail_interface/share/tm_rail_interface/srv/RailControl.srv
[8.507s] -- Symlinking: /home/ros_dev/workspace/tm_ws/install/tm_rail_interface/share/tm_rail_interface/srv/RailControl_Request.msg
[8.530s] -- Symlinking: /home/ros_dev/workspace/tm_ws/install/tm_rail_interface/share/tm_rail_interface/srv/RailControl_Response.msg
[8.553s] -- Symlinking: /home/ros_dev/workspace/tm_ws/install/tm_rail_interface/share/tm_rail_interface/msg/Status.msg
[8.570s] -- Symlinking: /home/ros_dev/workspace/tm_ws/install/tm_rail_interface/share/ament_index/resource_index/package_run_dependencies/tm_rail_interface
[8.592s] -- Symlinking: /home/ros_dev/workspace/tm_ws/install/tm_rail_interface/share/ament_index/resource_index/parent_prefix_path/tm_rail_interface
[8.608s] -- Symlinking: /home/ros_dev/workspace/tm_ws/install/tm_rail_interface/share/tm_rail_interface/environment/ament_prefix_path.sh
[8.626s] -- Symlinking: /home/ros_dev/workspace/tm_ws/install/tm_rail_interface/share/tm_rail_interface/environment/ament_prefix_path.dsv
[8.644s] -- Symlinking: /home/ros_dev/workspace/tm_ws/install/tm_rail_interface/share/tm_rail_interface/environment/path.sh
[8.662s] -- Symlinking: /home/ros_dev/workspace/tm_ws/install/tm_rail_interface/share/tm_rail_interface/environment/path.dsv
[8.678s] -- Symlinking: /home/ros_dev/workspace/tm_ws/install/tm_rail_interface/share/tm_rail_interface/local_setup.bash
[8.694s] -- Symlinking: /home/ros_dev/workspace/tm_ws/install/tm_rail_interface/share/tm_rail_interface/local_setup.sh
[8.709s] -- Symlinking: /home/ros_dev/workspace/tm_ws/install/tm_rail_interface/share/tm_rail_interface/local_setup.zsh
[8.725s] -- Symlinking: /home/ros_dev/workspace/tm_ws/install/tm_rail_interface/share/tm_rail_interface/local_setup.dsv
[8.741s] -- Symlinking: /home/ros_dev/workspace/tm_ws/install/tm_rail_interface/share/tm_rail_interface/package.dsv
[8.759s] -- Symlinking: /home/ros_dev/workspace/tm_ws/install/tm_rail_interface/share/ament_index/resource_index/packages/tm_rail_interface
[8.774s] -- Symlinking: /home/ros_dev/workspace/tm_ws/install/tm_rail_interface/share/tm_rail_interface/cmake/rosidl_cmake-extras.cmake
[8.791s] -- Symlinking: /home/ros_dev/workspace/tm_ws/install/tm_rail_interface/share/tm_rail_interface/cmake/ament_cmake_export_include_directories-extras.cmake
[8.806s] -- Symlinking: /home/ros_dev/workspace/tm_ws/install/tm_rail_interface/share/tm_rail_interface/cmake/ament_cmake_export_libraries-extras.cmake
[8.823s] -- Symlinking: /home/ros_dev/workspace/tm_ws/install/tm_rail_interface/share/tm_rail_interface/cmake/ament_cmake_export_targets-extras.cmake
[8.839s] -- Symlinking: /home/ros_dev/workspace/tm_ws/install/tm_rail_interface/share/tm_rail_interface/cmake/rosidl_cmake_export_typesupport_targets-extras.cmake
[8.857s] -- Symlinking: /home/ros_dev/workspace/tm_ws/install/tm_rail_interface/share/tm_rail_interface/cmake/ament_cmake_export_dependencies-extras.cmake
[8.877s] -- Symlinking: /home/ros_dev/workspace/tm_ws/install/tm_rail_interface/share/tm_rail_interface/cmake/rosidl_cmake_export_typesupport_libraries-extras.cmake
[8.893s] -- Symlinking: /home/ros_dev/workspace/tm_ws/install/tm_rail_interface/share/tm_rail_interface/cmake/tm_rail_interfaceConfig.cmake
[8.907s] -- Symlinking: /home/ros_dev/workspace/tm_ws/install/tm_rail_interface/share/tm_rail_interface/cmake/tm_rail_interfaceConfig-version.cmake
[8.919s] -- Symlinking: /home/ros_dev/workspace/tm_ws/install/tm_rail_interface/share/tm_rail_interface/package.xml
[8.934s] -- Installing: /home/ros_dev/workspace/tm_ws/install/tm_rail_interface/lib/libtm_rail_interface__rosidl_generator_c.so
[8.935s] -- Set runtime path of "/home/ros_dev/workspace/tm_ws/install/tm_rail_interface/lib/libtm_rail_interface__rosidl_generator_c.so" to ""
[8.936s] -- Installing: /home/ros_dev/workspace/tm_ws/install/tm_rail_interface/lib/libtm_rail_interface__rosidl_typesupport_fastrtps_c.so
[8.936s] -- Set runtime path of "/home/ros_dev/workspace/tm_ws/install/tm_rail_interface/lib/libtm_rail_interface__rosidl_typesupport_fastrtps_c.so" to ""
[8.936s] -- Installing: /home/ros_dev/workspace/tm_ws/install/tm_rail_interface/lib/libtm_rail_interface__rosidl_typesupport_introspection_c.so
[8.936s] -- Set runtime path of "/home/ros_dev/workspace/tm_ws/install/tm_rail_interface/lib/libtm_rail_interface__rosidl_typesupport_introspection_c.so" to ""
[8.937s] -- Installing: /home/ros_dev/workspace/tm_ws/install/tm_rail_interface/lib/libtm_rail_interface__rosidl_typesupport_c.so
[8.937s] -- Set runtime path of "/home/ros_dev/workspace/tm_ws/install/tm_rail_interface/lib/libtm_rail_interface__rosidl_typesupport_c.so" to ""
[8.937s] -- Installing: /home/ros_dev/workspace/tm_ws/install/tm_rail_interface/lib/libtm_rail_interface__rosidl_typesupport_fastrtps_cpp.so
[8.937s] -- Set runtime path of "/home/ros_dev/workspace/tm_ws/install/tm_rail_interface/lib/libtm_rail_interface__rosidl_typesupport_fastrtps_cpp.so" to ""
[8.937s] -- Installing: /home/ros_dev/workspace/tm_ws/install/tm_rail_interface/lib/libtm_rail_interface__rosidl_typesupport_introspection_cpp.so
[8.938s] -- Set runtime path of "/home/ros_dev/workspace/tm_ws/install/tm_rail_interface/lib/libtm_rail_interface__rosidl_typesupport_introspection_cpp.so" to ""
[8.938s] -- Installing: /home/ros_dev/workspace/tm_ws/install/tm_rail_interface/lib/libtm_rail_interface__rosidl_typesupport_cpp.so
[8.938s] -- Set runtime path of "/home/ros_dev/workspace/tm_ws/install/tm_rail_interface/lib/libtm_rail_interface__rosidl_typesupport_cpp.so" to ""
[8.995s] Listing '/home/ros_dev/workspace/tm_ws/install/tm_rail_interface/local/lib/python3.10/dist-packages/tm_rail_interface'...
[8.995s] Compiling '/home/ros_dev/workspace/tm_ws/install/tm_rail_interface/local/lib/python3.10/dist-packages/tm_rail_interface/__init__.py'...
[8.995s] Listing '/home/ros_dev/workspace/tm_ws/install/tm_rail_interface/local/lib/python3.10/dist-packages/tm_rail_interface/msg'...
[8.996s] Compiling '/home/ros_dev/workspace/tm_ws/install/tm_rail_interface/local/lib/python3.10/dist-packages/tm_rail_interface/msg/__init__.py'...
[8.996s] Compiling '/home/ros_dev/workspace/tm_ws/install/tm_rail_interface/local/lib/python3.10/dist-packages/tm_rail_interface/msg/_status.py'...
[8.996s] Listing '/home/ros_dev/workspace/tm_ws/install/tm_rail_interface/local/lib/python3.10/dist-packages/tm_rail_interface/srv'...
[8.996s] Compiling '/home/ros_dev/workspace/tm_ws/install/tm_rail_interface/local/lib/python3.10/dist-packages/tm_rail_interface/srv/__init__.py'...
[8.996s] Compiling '/home/ros_dev/workspace/tm_ws/install/tm_rail_interface/local/lib/python3.10/dist-packages/tm_rail_interface/srv/_rail_control.py'...
[9.003s] -- Installing: /home/ros_dev/workspace/tm_ws/install/tm_rail_interface/lib/libtm_rail_interface__rosidl_generator_py.so
[9.003s] -- Set runtime path of "/home/ros_dev/workspace/tm_ws/install/tm_rail_interface/lib/libtm_rail_interface__rosidl_generator_py.so" to ""
[9.004s] -- Installing: /home/ros_dev/workspace/tm_ws/install/tm_rail_interface/share/tm_rail_interface/cmake/export_tm_rail_interface__rosidl_generator_cExport.cmake
[9.004s] -- Installing: /home/ros_dev/workspace/tm_ws/install/tm_rail_interface/share/tm_rail_interface/cmake/export_tm_rail_interface__rosidl_generator_cExport-noconfig.cmake
[9.005s] -- Installing: /home/ros_dev/workspace/tm_ws/install/tm_rail_interface/share/tm_rail_interface/cmake/export_tm_rail_interface__rosidl_typesupport_fastrtps_cExport.cmake
[9.005s] -- Installing: /home/ros_dev/workspace/tm_ws/install/tm_rail_interface/share/tm_rail_interface/cmake/export_tm_rail_interface__rosidl_typesupport_fastrtps_cExport-noconfig.cmake
[9.005s] -- Installing: /home/ros_dev/workspace/tm_ws/install/tm_rail_interface/share/tm_rail_interface/cmake/tm_rail_interface__rosidl_typesupport_introspection_cExport.cmake
[9.005s] -- Installing: /home/ros_dev/workspace/tm_ws/install/tm_rail_interface/share/tm_rail_interface/cmake/tm_rail_interface__rosidl_typesupport_introspection_cExport-noconfig.cmake
[9.006s] -- Installing: /home/ros_dev/workspace/tm_ws/install/tm_rail_interface/share/tm_rail_interface/cmake/tm_rail_interface__rosidl_typesupport_cExport.cmake
[9.006s] -- Installing: /home/ros_dev/workspace/tm_ws/install/tm_rail_interface/share/tm_rail_interface/cmake/tm_rail_interface__rosidl_typesupport_cExport-noconfig.cmake
[9.006s] -- Installing: /home/ros_dev/workspace/tm_ws/install/tm_rail_interface/share/tm_rail_interface/cmake/export_tm_rail_interface__rosidl_generator_cppExport.cmake
[9.006s] -- Installing: /home/ros_dev/workspace/tm_ws/install/tm_rail_interface/share/tm_rail_interface/cmake/export_tm_rail_interface__rosidl_typesupport_fastrtps_cppExport.cmake
[9.007s] -- Installing: /home/ros_dev/workspace/tm_ws/install/tm_rail_interface/share/tm_rail_interface/cmake/export_tm_rail_interface__rosidl_typesupport_fastrtps_cppExport-noconfig.cmake
[9.007s] -- Installing: /home/ros_dev/workspace/tm_ws/install/tm_rail_interface/share/tm_rail_interface/cmake/tm_rail_interface__rosidl_typesupport_introspection_cppExport.cmake
[9.007s] -- Installing: /home/ros_dev/workspace/tm_ws/install/tm_rail_interface/share/tm_rail_interface/cmake/tm_rail_interface__rosidl_typesupport_introspection_cppExport-noconfig.cmake
[9.007s] -- Installing: /home/ros_dev/workspace/tm_ws/install/tm_rail_interface/share/tm_rail_interface/cmake/tm_rail_interface__rosidl_typesupport_cppExport.cmake
[9.007s] -- Installing: /home/ros_dev/workspace/tm_ws/install/tm_rail_interface/share/tm_rail_interface/cmake/tm_rail_interface__rosidl_typesupport_cppExport-noconfig.cmake
[9.008s] -- Installing: /home/ros_dev/workspace/tm_ws/install/tm_rail_interface/share/tm_rail_interface/cmake/export_tm_rail_interface__rosidl_generator_pyExport.cmake
[9.008s] -- Installing: /home/ros_dev/workspace/tm_ws/install/tm_rail_interface/share/tm_rail_interface/cmake/export_tm_rail_interface__rosidl_generator_pyExport-noconfig.cmake
[9.012s] Invoked command in '/home/ros_dev/workspace/tm_ws/build/tm_rail_interface' returned '0': CMAKE_PREFIX_PATH=${CMAKE_PREFIX_PATH}:/home/ros_dev/workspace/tm_ws/install/tm_rail:/opt/ros/humble /usr/bin/cmake --install /home/ros_dev/workspace/tm_ws/build/tm_rail_interface
