[0.189s] DEBUG:colcon:Command line arguments: ['/usr/bin/colcon', 'build', '--symlink-install']
[0.189s] DEBUG:colcon:Parsed command line arguments: Namespace(log_base=None, log_level=None, verb_name='build', build_base='build', install_base='install', merge_install=False, symlink_install=True, test_result_base=None, continue_on_error=False, executor='parallel', parallel_workers=18, event_handlers=None, ignore_user_meta=False, metas=['./colcon.meta'], base_paths=['.'], packages_ignore=None, packages_ignore_regex=None, paths=None, packages_up_to=None, packages_up_to_regex=None, packages_above=None, packages_above_and_dependencies=None, packages_above_depth=None, packages_select_by_dep=None, packages_skip_by_dep=None, packages_skip_up_to=None, packages_select_build_failed=False, packages_skip_build_finished=False, packages_select_test_failures=False, packages_skip_test_passed=False, packages_select=None, packages_skip=None, packages_select_regex=None, packages_skip_regex=None, packages_start=None, packages_end=None, cmake_args=None, cmake_target=None, cmake_target_skip_unavailable=False, cmake_clean_cache=False, cmake_clean_first=False, cmake_force_configure=False, ament_cmake_args=None, catkin_cmake_args=None, catkin_skip_building_tests=False, mixin_files=None, mixin=None, verb_parser=<colcon_mixin.mixin.mixin_argument.MixinArgumentDecorator object at 0x72b55f90f7f0>, verb_extension=<colcon_core.verb.build.BuildVerb object at 0x72b55f90f220>, main=<bound method BuildVerb.main of <colcon_core.verb.build.BuildVerb object at 0x72b55f90f220>>, mixin_verb=('build',))
[0.394s] Level 1:colcon.colcon_core.package_discovery:discover_packages(colcon_meta) check parameters
[0.394s] Level 1:colcon.colcon_core.package_discovery:discover_packages(recursive) check parameters
[0.394s] Level 1:colcon.colcon_core.package_discovery:discover_packages(ignore) check parameters
[0.394s] Level 1:colcon.colcon_core.package_discovery:discover_packages(path) check parameters
[0.394s] Level 1:colcon.colcon_core.package_discovery:discover_packages(colcon_meta) discover
[0.394s] Level 1:colcon.colcon_core.package_discovery:discover_packages(recursive) discover
[0.394s] INFO:colcon.colcon_core.package_discovery:Crawling recursively for packages in '/home/ros_dev/workspace/tm_ws'
[0.395s] Level 1:colcon.colcon_core.package_identification:_identify(.) by extensions ['ignore', 'ignore_ament_install']
[0.395s] Level 1:colcon.colcon_core.package_identification:_identify(.) by extension 'ignore'
[0.395s] Level 1:colcon.colcon_core.package_identification:_identify(.) by extension 'ignore_ament_install'
[0.395s] Level 1:colcon.colcon_core.package_identification:_identify(.) by extensions ['colcon_pkg']
[0.395s] Level 1:colcon.colcon_core.package_identification:_identify(.) by extension 'colcon_pkg'
[0.395s] Level 1:colcon.colcon_core.package_identification:_identify(.) by extensions ['colcon_meta']
[0.395s] Level 1:colcon.colcon_core.package_identification:_identify(.) by extension 'colcon_meta'
[0.395s] Level 1:colcon.colcon_core.package_identification:_identify(.) by extensions ['ros']
[0.395s] Level 1:colcon.colcon_core.package_identification:_identify(.) by extension 'ros'
[0.438s] Level 1:colcon.colcon_core.package_identification:_identify(.) by extensions ['cmake', 'python']
[0.438s] Level 1:colcon.colcon_core.package_identification:_identify(.) by extension 'cmake'
[0.438s] Level 1:colcon.colcon_core.package_identification:_identify(.) by extension 'python'
[0.438s] Level 1:colcon.colcon_core.package_identification:_identify(.) by extensions ['python_setup_py']
[0.438s] Level 1:colcon.colcon_core.package_identification:_identify(.) by extension 'python_setup_py'
[0.439s] Level 1:colcon.colcon_core.package_identification:_identify(build) by extensions ['ignore', 'ignore_ament_install']
[0.439s] Level 1:colcon.colcon_core.package_identification:_identify(build) by extension 'ignore'
[0.439s] Level 1:colcon.colcon_core.package_identification:_identify(build) ignored
[0.439s] Level 1:colcon.colcon_core.package_identification:_identify(install) by extensions ['ignore', 'ignore_ament_install']
[0.439s] Level 1:colcon.colcon_core.package_identification:_identify(install) by extension 'ignore'
[0.439s] Level 1:colcon.colcon_core.package_identification:_identify(install) ignored
[0.439s] Level 1:colcon.colcon_core.package_identification:_identify(log) by extensions ['ignore', 'ignore_ament_install']
[0.439s] Level 1:colcon.colcon_core.package_identification:_identify(log) by extension 'ignore'
[0.439s] Level 1:colcon.colcon_core.package_identification:_identify(log) ignored
[0.440s] Level 1:colcon.colcon_core.package_identification:_identify(src) by extensions ['ignore', 'ignore_ament_install']
[0.440s] Level 1:colcon.colcon_core.package_identification:_identify(src) by extension 'ignore'
[0.440s] Level 1:colcon.colcon_core.package_identification:_identify(src) by extension 'ignore_ament_install'
[0.440s] Level 1:colcon.colcon_core.package_identification:_identify(src) by extensions ['colcon_pkg']
[0.440s] Level 1:colcon.colcon_core.package_identification:_identify(src) by extension 'colcon_pkg'
[0.440s] Level 1:colcon.colcon_core.package_identification:_identify(src) by extensions ['colcon_meta']
[0.440s] Level 1:colcon.colcon_core.package_identification:_identify(src) by extension 'colcon_meta'
[0.440s] Level 1:colcon.colcon_core.package_identification:_identify(src) by extensions ['ros']
[0.440s] Level 1:colcon.colcon_core.package_identification:_identify(src) by extension 'ros'
[0.440s] Level 1:colcon.colcon_core.package_identification:_identify(src) by extensions ['cmake', 'python']
[0.440s] Level 1:colcon.colcon_core.package_identification:_identify(src) by extension 'cmake'
[0.440s] Level 1:colcon.colcon_core.package_identification:_identify(src) by extension 'python'
[0.440s] Level 1:colcon.colcon_core.package_identification:_identify(src) by extensions ['python_setup_py']
[0.440s] Level 1:colcon.colcon_core.package_identification:_identify(src) by extension 'python_setup_py'
[0.441s] Level 1:colcon.colcon_core.package_identification:_identify(src/tm_rail) by extensions ['ignore', 'ignore_ament_install']
[0.441s] Level 1:colcon.colcon_core.package_identification:_identify(src/tm_rail) by extension 'ignore'
[0.441s] Level 1:colcon.colcon_core.package_identification:_identify(src/tm_rail) by extension 'ignore_ament_install'
[0.441s] Level 1:colcon.colcon_core.package_identification:_identify(src/tm_rail) by extensions ['colcon_pkg']
[0.441s] Level 1:colcon.colcon_core.package_identification:_identify(src/tm_rail) by extension 'colcon_pkg'
[0.441s] Level 1:colcon.colcon_core.package_identification:_identify(src/tm_rail) by extensions ['colcon_meta']
[0.441s] Level 1:colcon.colcon_core.package_identification:_identify(src/tm_rail) by extension 'colcon_meta'
[0.441s] Level 1:colcon.colcon_core.package_identification:_identify(src/tm_rail) by extensions ['ros']
[0.441s] Level 1:colcon.colcon_core.package_identification:_identify(src/tm_rail) by extension 'ros'
[0.445s] DEBUG:colcon.colcon_core.package_identification:Package 'src/tm_rail' with type 'ros.ament_python' and name 'tm_rail'
[0.445s] Level 1:colcon.colcon_core.package_identification:_identify(src/tm_rail_interface) by extensions ['ignore', 'ignore_ament_install']
[0.446s] Level 1:colcon.colcon_core.package_identification:_identify(src/tm_rail_interface) by extension 'ignore'
[0.446s] Level 1:colcon.colcon_core.package_identification:_identify(src/tm_rail_interface) by extension 'ignore_ament_install'
[0.446s] Level 1:colcon.colcon_core.package_identification:_identify(src/tm_rail_interface) by extensions ['colcon_pkg']
[0.446s] Level 1:colcon.colcon_core.package_identification:_identify(src/tm_rail_interface) by extension 'colcon_pkg'
[0.446s] Level 1:colcon.colcon_core.package_identification:_identify(src/tm_rail_interface) by extensions ['colcon_meta']
[0.446s] Level 1:colcon.colcon_core.package_identification:_identify(src/tm_rail_interface) by extension 'colcon_meta'
[0.446s] Level 1:colcon.colcon_core.package_identification:_identify(src/tm_rail_interface) by extensions ['ros']
[0.446s] Level 1:colcon.colcon_core.package_identification:_identify(src/tm_rail_interface) by extension 'ros'
[0.447s] DEBUG:colcon.colcon_core.package_identification:Package 'src/tm_rail_interface' with type 'ros.ament_cmake' and name 'tm_rail_interface'
[0.447s] Level 1:colcon.colcon_core.package_discovery:discover_packages(recursive) using defaults
[0.447s] Level 1:colcon.colcon_core.package_discovery:discover_packages(ignore) discover
[0.447s] Level 1:colcon.colcon_core.package_discovery:discover_packages(ignore) using defaults
[0.447s] Level 1:colcon.colcon_core.package_discovery:discover_packages(path) discover
[0.447s] Level 1:colcon.colcon_core.package_discovery:discover_packages(path) using defaults
[0.476s] Level 5:colcon.colcon_core.verb:set package 'tm_rail' build argument 'cmake_args' from command line to 'None'
[0.476s] Level 5:colcon.colcon_core.verb:set package 'tm_rail' build argument 'cmake_target' from command line to 'None'
[0.476s] Level 5:colcon.colcon_core.verb:set package 'tm_rail' build argument 'cmake_target_skip_unavailable' from command line to 'False'
[0.476s] Level 5:colcon.colcon_core.verb:set package 'tm_rail' build argument 'cmake_clean_cache' from command line to 'False'
[0.476s] Level 5:colcon.colcon_core.verb:set package 'tm_rail' build argument 'cmake_clean_first' from command line to 'False'
[0.476s] Level 5:colcon.colcon_core.verb:set package 'tm_rail' build argument 'cmake_force_configure' from command line to 'False'
[0.476s] Level 5:colcon.colcon_core.verb:set package 'tm_rail' build argument 'ament_cmake_args' from command line to 'None'
[0.476s] Level 5:colcon.colcon_core.verb:set package 'tm_rail' build argument 'catkin_cmake_args' from command line to 'None'
[0.476s] Level 5:colcon.colcon_core.verb:set package 'tm_rail' build argument 'catkin_skip_building_tests' from command line to 'False'
[0.476s] DEBUG:colcon.colcon_core.verb:Building package 'tm_rail' with the following arguments: {'ament_cmake_args': None, 'build_base': '/home/ros_dev/workspace/tm_ws/build/tm_rail', 'catkin_cmake_args': None, 'catkin_skip_building_tests': False, 'cmake_args': None, 'cmake_clean_cache': False, 'cmake_clean_first': False, 'cmake_force_configure': False, 'cmake_target': None, 'cmake_target_skip_unavailable': False, 'install_base': '/home/ros_dev/workspace/tm_ws/install/tm_rail', 'merge_install': False, 'path': '/home/ros_dev/workspace/tm_ws/src/tm_rail', 'symlink_install': True, 'test_result_base': None}
[0.477s] Level 5:colcon.colcon_core.verb:set package 'tm_rail_interface' build argument 'cmake_args' from command line to 'None'
[0.477s] Level 5:colcon.colcon_core.verb:set package 'tm_rail_interface' build argument 'cmake_target' from command line to 'None'
[0.477s] Level 5:colcon.colcon_core.verb:set package 'tm_rail_interface' build argument 'cmake_target_skip_unavailable' from command line to 'False'
[0.477s] Level 5:colcon.colcon_core.verb:set package 'tm_rail_interface' build argument 'cmake_clean_cache' from command line to 'False'
[0.477s] Level 5:colcon.colcon_core.verb:set package 'tm_rail_interface' build argument 'cmake_clean_first' from command line to 'False'
[0.477s] Level 5:colcon.colcon_core.verb:set package 'tm_rail_interface' build argument 'cmake_force_configure' from command line to 'False'
[0.477s] Level 5:colcon.colcon_core.verb:set package 'tm_rail_interface' build argument 'ament_cmake_args' from command line to 'None'
[0.477s] Level 5:colcon.colcon_core.verb:set package 'tm_rail_interface' build argument 'catkin_cmake_args' from command line to 'None'
[0.477s] Level 5:colcon.colcon_core.verb:set package 'tm_rail_interface' build argument 'catkin_skip_building_tests' from command line to 'False'
[0.477s] DEBUG:colcon.colcon_core.verb:Building package 'tm_rail_interface' with the following arguments: {'ament_cmake_args': None, 'build_base': '/home/ros_dev/workspace/tm_ws/build/tm_rail_interface', 'catkin_cmake_args': None, 'catkin_skip_building_tests': False, 'cmake_args': None, 'cmake_clean_cache': False, 'cmake_clean_first': False, 'cmake_force_configure': False, 'cmake_target': None, 'cmake_target_skip_unavailable': False, 'install_base': '/home/ros_dev/workspace/tm_ws/install/tm_rail_interface', 'merge_install': False, 'path': '/home/ros_dev/workspace/tm_ws/src/tm_rail_interface', 'symlink_install': True, 'test_result_base': None}
[0.477s] INFO:colcon.colcon_core.executor:Executing jobs using 'parallel' executor
[0.479s] DEBUG:colcon.colcon_parallel_executor.executor.parallel:run_until_complete
[0.480s] INFO:colcon.colcon_ros.task.ament_python.build:Building ROS package in '/home/ros_dev/workspace/tm_ws/src/tm_rail' with build type 'ament_python'
[0.480s] Level 1:colcon.colcon_core.shell:create_environment_hook('tm_rail', 'ament_prefix_path')
[0.484s] INFO:colcon.colcon_core.plugin_system:Skipping extension 'colcon_core.shell.bat': Not used on non-Windows systems
[0.484s] INFO:colcon.colcon_core.shell:Creating environment hook '/home/ros_dev/workspace/tm_ws/install/tm_rail/share/tm_rail/hook/ament_prefix_path.ps1'
[0.485s] INFO:colcon.colcon_core.shell:Creating environment descriptor '/home/ros_dev/workspace/tm_ws/install/tm_rail/share/tm_rail/hook/ament_prefix_path.dsv'
[0.486s] INFO:colcon.colcon_core.shell:Creating environment hook '/home/ros_dev/workspace/tm_ws/install/tm_rail/share/tm_rail/hook/ament_prefix_path.sh'
[0.487s] INFO:colcon.colcon_core.shell:Skip shell extension 'powershell' for command environment: Not usable outside of PowerShell
[0.487s] DEBUG:colcon.colcon_core.shell:Skip shell extension 'dsv' for command environment
[0.495s] INFO:colcon.colcon_ros.task.ament_cmake.build:Building ROS package in '/home/ros_dev/workspace/tm_ws/src/tm_rail_interface' with build type 'ament_cmake'
[0.495s] INFO:colcon.colcon_cmake.task.cmake.build:Building CMake package in '/home/ros_dev/workspace/tm_ws/src/tm_rail_interface'
[0.496s] INFO:colcon.colcon_core.shell:Skip shell extension 'powershell' for command environment: Not usable outside of PowerShell
[0.496s] DEBUG:colcon.colcon_core.shell:Skip shell extension 'dsv' for command environment
[0.883s] INFO:colcon.colcon_core.task.python.build:Building Python package in '/home/ros_dev/workspace/tm_ws/src/tm_rail'
[0.884s] INFO:colcon.colcon_core.shell:Skip shell extension 'powershell' for command environment: Not usable outside of PowerShell
[0.884s] DEBUG:colcon.colcon_core.shell:Skip shell extension 'dsv' for command environment
[0.898s] DEBUG:colcon.colcon_core.event_handler.log_command:Invoking command in '/home/ros_dev/workspace/tm_ws/build/tm_rail_interface': CMAKE_PREFIX_PATH=${CMAKE_PREFIX_PATH}:/home/ros_dev/workspace/tm_ws/install/tm_rail:/opt/ros/humble /usr/bin/cmake --build /home/ros_dev/workspace/tm_ws/build/tm_rail_interface -- -j18 -l18
[1.535s] DEBUG:colcon.colcon_core.event_handler.log_command:Invoking command in '/home/ros_dev/workspace/tm_ws/build/tm_rail': PYTHONPATH=/home/ros_dev/workspace/tm_ws/build/tm_rail/prefix_override:/usr/lib/python3/dist-packages/colcon_core/task/python/colcon_distutils_commands:/home/ros_dev/workspace/tm_ws/install/tm_rail/lib/python3.10/site-packages:${PYTHONPATH} /usr/bin/python3 -W ignore:setup.py install is deprecated -W ignore:easy_install command is deprecated setup.py develop --editable --build-directory /home/ros_dev/workspace/tm_ws/build/tm_rail/build --no-deps symlink_data
[2.195s] Level 1:colcon.colcon_core.shell:create_environment_hook('tm_rail', 'pythonpath_develop')
[2.196s] INFO:colcon.colcon_core.shell:Creating environment hook '/home/ros_dev/workspace/tm_ws/build/tm_rail/share/tm_rail/hook/pythonpath_develop.ps1'
[2.197s] DEBUG:colcon.colcon_core.event_handler.log_command:Invoked command in '/home/ros_dev/workspace/tm_ws/build/tm_rail' returned '0': PYTHONPATH=/home/ros_dev/workspace/tm_ws/build/tm_rail/prefix_override:/usr/lib/python3/dist-packages/colcon_core/task/python/colcon_distutils_commands:/home/ros_dev/workspace/tm_ws/install/tm_rail/lib/python3.10/site-packages:${PYTHONPATH} /usr/bin/python3 -W ignore:setup.py install is deprecated -W ignore:easy_install command is deprecated setup.py develop --editable --build-directory /home/ros_dev/workspace/tm_ws/build/tm_rail/build --no-deps symlink_data
[2.197s] INFO:colcon.colcon_core.shell:Creating environment descriptor '/home/ros_dev/workspace/tm_ws/build/tm_rail/share/tm_rail/hook/pythonpath_develop.dsv'
[2.198s] INFO:colcon.colcon_core.shell:Creating environment hook '/home/ros_dev/workspace/tm_ws/build/tm_rail/share/tm_rail/hook/pythonpath_develop.sh'
[2.202s] Level 1:colcon.colcon_core.environment:checking '/home/ros_dev/workspace/tm_ws/install/tm_rail' for CMake module files
[2.203s] Level 1:colcon.colcon_core.environment:checking '/home/ros_dev/workspace/tm_ws/install/tm_rail' for CMake config files
[2.204s] Level 1:colcon.colcon_core.environment:checking '/home/ros_dev/workspace/tm_ws/install/tm_rail/lib'
[2.204s] Level 1:colcon.colcon_core.environment:checking '/home/ros_dev/workspace/tm_ws/install/tm_rail/bin'
[2.205s] Level 1:colcon.colcon_core.environment:checking '/home/ros_dev/workspace/tm_ws/install/tm_rail/lib/pkgconfig/tm_rail.pc'
[2.205s] Level 1:colcon.colcon_core.environment:checking '/home/ros_dev/workspace/tm_ws/install/tm_rail/lib/python3.10/site-packages'
[2.205s] Level 1:colcon.colcon_core.shell:create_environment_hook('tm_rail', 'pythonpath')
[2.206s] INFO:colcon.colcon_core.shell:Creating environment hook '/home/ros_dev/workspace/tm_ws/install/tm_rail/share/tm_rail/hook/pythonpath.ps1'
[2.208s] INFO:colcon.colcon_core.shell:Creating environment descriptor '/home/ros_dev/workspace/tm_ws/install/tm_rail/share/tm_rail/hook/pythonpath.dsv'
[2.209s] INFO:colcon.colcon_core.shell:Creating environment hook '/home/ros_dev/workspace/tm_ws/install/tm_rail/share/tm_rail/hook/pythonpath.sh'
[2.210s] Level 1:colcon.colcon_core.environment:checking '/home/ros_dev/workspace/tm_ws/install/tm_rail/bin'
[2.210s] Level 1:colcon.colcon_core.environment:create_environment_scripts_only(tm_rail)
[2.211s] INFO:colcon.colcon_core.shell:Creating package script '/home/ros_dev/workspace/tm_ws/install/tm_rail/share/tm_rail/package.ps1'
[2.212s] INFO:colcon.colcon_core.shell:Creating package descriptor '/home/ros_dev/workspace/tm_ws/install/tm_rail/share/tm_rail/package.dsv'
[2.214s] INFO:colcon.colcon_core.shell:Creating package script '/home/ros_dev/workspace/tm_ws/install/tm_rail/share/tm_rail/package.sh'
[2.216s] INFO:colcon.colcon_core.shell:Creating package script '/home/ros_dev/workspace/tm_ws/install/tm_rail/share/tm_rail/package.bash'
[2.219s] INFO:colcon.colcon_core.shell:Creating package script '/home/ros_dev/workspace/tm_ws/install/tm_rail/share/tm_rail/package.zsh'
[2.220s] Level 1:colcon.colcon_core.environment:create_file_with_runtime_dependencies(/home/ros_dev/workspace/tm_ws/install/tm_rail/share/colcon-core/packages/tm_rail)
[6.488s] DEBUG:colcon.colcon_core.event_handler.log_command:Invoked command in '/home/ros_dev/workspace/tm_ws/build/tm_rail_interface' returned '0': CMAKE_PREFIX_PATH=${CMAKE_PREFIX_PATH}:/home/ros_dev/workspace/tm_ws/install/tm_rail:/opt/ros/humble /usr/bin/cmake --build /home/ros_dev/workspace/tm_ws/build/tm_rail_interface -- -j18 -l18
[6.506s] DEBUG:colcon.colcon_core.event_handler.log_command:Invoking command in '/home/ros_dev/workspace/tm_ws/build/tm_rail_interface': CMAKE_PREFIX_PATH=${CMAKE_PREFIX_PATH}:/home/ros_dev/workspace/tm_ws/install/tm_rail:/opt/ros/humble /usr/bin/cmake --install /home/ros_dev/workspace/tm_ws/build/tm_rail_interface
[6.642s] Level 1:colcon.colcon_core.environment:create_environment_scripts_only(tm_rail_interface)
[6.643s] Level 1:colcon.colcon_core.environment:checking '/home/ros_dev/workspace/tm_ws/install/tm_rail_interface' for CMake module files
[6.643s] DEBUG:colcon.colcon_core.event_handler.log_command:Invoked command in '/home/ros_dev/workspace/tm_ws/build/tm_rail_interface' returned '0': CMAKE_PREFIX_PATH=${CMAKE_PREFIX_PATH}:/home/ros_dev/workspace/tm_ws/install/tm_rail:/opt/ros/humble /usr/bin/cmake --install /home/ros_dev/workspace/tm_ws/build/tm_rail_interface
[6.644s] Level 1:colcon.colcon_core.environment:checking '/home/ros_dev/workspace/tm_ws/install/tm_rail_interface' for CMake config files
[6.645s] Level 1:colcon.colcon_core.shell:create_environment_hook('tm_rail_interface', 'cmake_prefix_path')
[6.645s] INFO:colcon.colcon_core.shell:Creating environment hook '/home/ros_dev/workspace/tm_ws/install/tm_rail_interface/share/tm_rail_interface/hook/cmake_prefix_path.ps1'
[6.646s] INFO:colcon.colcon_core.shell:Creating environment descriptor '/home/ros_dev/workspace/tm_ws/install/tm_rail_interface/share/tm_rail_interface/hook/cmake_prefix_path.dsv'
[6.646s] INFO:colcon.colcon_core.shell:Creating environment hook '/home/ros_dev/workspace/tm_ws/install/tm_rail_interface/share/tm_rail_interface/hook/cmake_prefix_path.sh'
[6.647s] Level 1:colcon.colcon_core.environment:checking '/home/ros_dev/workspace/tm_ws/install/tm_rail_interface/lib'
[6.647s] Level 1:colcon.colcon_core.shell:create_environment_hook('tm_rail_interface', 'ld_library_path_lib')
[6.647s] INFO:colcon.colcon_core.shell:Creating environment hook '/home/ros_dev/workspace/tm_ws/install/tm_rail_interface/share/tm_rail_interface/hook/ld_library_path_lib.ps1'
[6.648s] INFO:colcon.colcon_core.shell:Creating environment descriptor '/home/ros_dev/workspace/tm_ws/install/tm_rail_interface/share/tm_rail_interface/hook/ld_library_path_lib.dsv'
[6.648s] INFO:colcon.colcon_core.shell:Creating environment hook '/home/ros_dev/workspace/tm_ws/install/tm_rail_interface/share/tm_rail_interface/hook/ld_library_path_lib.sh'
[6.649s] Level 1:colcon.colcon_core.environment:checking '/home/ros_dev/workspace/tm_ws/install/tm_rail_interface/bin'
[6.649s] Level 1:colcon.colcon_core.environment:checking '/home/ros_dev/workspace/tm_ws/install/tm_rail_interface/lib/pkgconfig/tm_rail_interface.pc'
[6.649s] Level 1:colcon.colcon_core.environment:checking '/home/ros_dev/workspace/tm_ws/install/tm_rail_interface/lib/python3.10/site-packages'
[6.650s] Level 1:colcon.colcon_core.environment:checking '/home/ros_dev/workspace/tm_ws/install/tm_rail_interface/bin'
[6.650s] INFO:colcon.colcon_core.shell:Creating package script '/home/ros_dev/workspace/tm_ws/install/tm_rail_interface/share/tm_rail_interface/package.ps1'
[6.650s] INFO:colcon.colcon_core.shell:Creating package descriptor '/home/ros_dev/workspace/tm_ws/install/tm_rail_interface/share/tm_rail_interface/package.dsv'
[6.651s] INFO:colcon.colcon_core.shell:Creating package script '/home/ros_dev/workspace/tm_ws/install/tm_rail_interface/share/tm_rail_interface/package.sh'
[6.652s] INFO:colcon.colcon_core.shell:Creating package script '/home/ros_dev/workspace/tm_ws/install/tm_rail_interface/share/tm_rail_interface/package.bash'
[6.652s] INFO:colcon.colcon_core.shell:Creating package script '/home/ros_dev/workspace/tm_ws/install/tm_rail_interface/share/tm_rail_interface/package.zsh'
[6.652s] Level 1:colcon.colcon_core.environment:create_file_with_runtime_dependencies(/home/ros_dev/workspace/tm_ws/install/tm_rail_interface/share/colcon-core/packages/tm_rail_interface)
[6.653s] Level 1:colcon.colcon_core.environment:create_environment_scripts_only(tm_rail_interface)
[6.653s] Level 1:colcon.colcon_core.environment:checking '/home/ros_dev/workspace/tm_ws/install/tm_rail_interface' for CMake module files
[6.654s] Level 1:colcon.colcon_core.environment:checking '/home/ros_dev/workspace/tm_ws/install/tm_rail_interface' for CMake config files
[6.654s] Level 1:colcon.colcon_core.shell:create_environment_hook('tm_rail_interface', 'cmake_prefix_path')
[6.655s] INFO:colcon.colcon_core.shell:Creating environment hook '/home/ros_dev/workspace/tm_ws/install/tm_rail_interface/share/tm_rail_interface/hook/cmake_prefix_path.ps1'
[6.655s] INFO:colcon.colcon_core.shell:Creating environment descriptor '/home/ros_dev/workspace/tm_ws/install/tm_rail_interface/share/tm_rail_interface/hook/cmake_prefix_path.dsv'
[6.656s] INFO:colcon.colcon_core.shell:Creating environment hook '/home/ros_dev/workspace/tm_ws/install/tm_rail_interface/share/tm_rail_interface/hook/cmake_prefix_path.sh'
[6.656s] Level 1:colcon.colcon_core.environment:checking '/home/ros_dev/workspace/tm_ws/install/tm_rail_interface/lib'
[6.657s] Level 1:colcon.colcon_core.shell:create_environment_hook('tm_rail_interface', 'ld_library_path_lib')
[6.657s] INFO:colcon.colcon_core.shell:Creating environment hook '/home/ros_dev/workspace/tm_ws/install/tm_rail_interface/share/tm_rail_interface/hook/ld_library_path_lib.ps1'
[6.657s] INFO:colcon.colcon_core.shell:Creating environment descriptor '/home/ros_dev/workspace/tm_ws/install/tm_rail_interface/share/tm_rail_interface/hook/ld_library_path_lib.dsv'
[6.658s] INFO:colcon.colcon_core.shell:Creating environment hook '/home/ros_dev/workspace/tm_ws/install/tm_rail_interface/share/tm_rail_interface/hook/ld_library_path_lib.sh'
[6.658s] Level 1:colcon.colcon_core.environment:checking '/home/ros_dev/workspace/tm_ws/install/tm_rail_interface/bin'
[6.658s] Level 1:colcon.colcon_core.environment:checking '/home/ros_dev/workspace/tm_ws/install/tm_rail_interface/lib/pkgconfig/tm_rail_interface.pc'
[6.659s] Level 1:colcon.colcon_core.environment:checking '/home/ros_dev/workspace/tm_ws/install/tm_rail_interface/lib/python3.10/site-packages'
[6.659s] Level 1:colcon.colcon_core.environment:checking '/home/ros_dev/workspace/tm_ws/install/tm_rail_interface/bin'
[6.659s] INFO:colcon.colcon_core.shell:Creating package script '/home/ros_dev/workspace/tm_ws/install/tm_rail_interface/share/tm_rail_interface/package.ps1'
[6.660s] INFO:colcon.colcon_core.shell:Creating package descriptor '/home/ros_dev/workspace/tm_ws/install/tm_rail_interface/share/tm_rail_interface/package.dsv'
[6.660s] INFO:colcon.colcon_core.shell:Creating package script '/home/ros_dev/workspace/tm_ws/install/tm_rail_interface/share/tm_rail_interface/package.sh'
[6.661s] INFO:colcon.colcon_core.shell:Creating package script '/home/ros_dev/workspace/tm_ws/install/tm_rail_interface/share/tm_rail_interface/package.bash'
[6.661s] INFO:colcon.colcon_core.shell:Creating package script '/home/ros_dev/workspace/tm_ws/install/tm_rail_interface/share/tm_rail_interface/package.zsh'
[6.662s] Level 1:colcon.colcon_core.environment:create_file_with_runtime_dependencies(/home/ros_dev/workspace/tm_ws/install/tm_rail_interface/share/colcon-core/packages/tm_rail_interface)
[6.662s] DEBUG:colcon.colcon_parallel_executor.executor.parallel:closing loop
[6.663s] DEBUG:colcon.colcon_parallel_executor.executor.parallel:loop closed
[6.663s] DEBUG:colcon.colcon_parallel_executor.executor.parallel:run_until_complete finished with '0'
[6.663s] DEBUG:colcon.colcon_core.event_reactor:joining thread
[6.671s] INFO:colcon.colcon_core.plugin_system:Skipping extension 'colcon_notification.desktop_notification.notify_send': Could not find 'notify-send'
[6.671s] INFO:colcon.colcon_core.plugin_system:Skipping extension 'colcon_notification.desktop_notification.terminal_notifier': Not used on non-Darwin systems
[6.671s] INFO:colcon.colcon_core.plugin_system:Skipping extension 'colcon_notification.desktop_notification.win32': Not used on non-Windows systems
[6.672s] INFO:colcon.colcon_notification.desktop_notification:Sending desktop notification using 'notify2'
[6.678s] DEBUG:colcon.colcon_notification.desktop_notification.notify2:Failed to initialize notify2: org.freedesktop.DBus.Error.Spawn.ExecFailed: /usr/bin/dbus-launch terminated abnormally without any error message
[6.679s] DEBUG:colcon.colcon_core.event_reactor:joined thread
[6.680s] INFO:colcon.colcon_core.shell:Creating prefix script '/home/ros_dev/workspace/tm_ws/install/local_setup.ps1'
[6.682s] INFO:colcon.colcon_core.shell:Creating prefix util module '/home/ros_dev/workspace/tm_ws/install/_local_setup_util_ps1.py'
[6.686s] INFO:colcon.colcon_core.shell:Creating prefix chain script '/home/ros_dev/workspace/tm_ws/install/setup.ps1'
[6.688s] INFO:colcon.colcon_core.shell:Creating prefix script '/home/ros_dev/workspace/tm_ws/install/local_setup.sh'
[6.689s] INFO:colcon.colcon_core.shell:Creating prefix util module '/home/ros_dev/workspace/tm_ws/install/_local_setup_util_sh.py'
[6.690s] INFO:colcon.colcon_core.shell:Creating prefix chain script '/home/ros_dev/workspace/tm_ws/install/setup.sh'
[6.693s] INFO:colcon.colcon_core.shell:Creating prefix script '/home/ros_dev/workspace/tm_ws/install/local_setup.bash'
[6.695s] INFO:colcon.colcon_core.shell:Creating prefix chain script '/home/ros_dev/workspace/tm_ws/install/setup.bash'
[6.699s] INFO:colcon.colcon_core.shell:Creating prefix script '/home/ros_dev/workspace/tm_ws/install/local_setup.zsh'
[6.700s] INFO:colcon.colcon_core.shell:Creating prefix chain script '/home/ros_dev/workspace/tm_ws/install/setup.zsh'
